13-Feb-2018 21:25:14.376 INFO [main] org.apache.catalina.startup.VersionLoggerListener.log Server version:        Apache Tomcat/9.0.5
13-Feb-2018 21:25:14.379 INFO [main] org.apache.catalina.startup.VersionLoggerListener.log Server built:          Feb 6 2018 21:42:23 UTC
13-Feb-2018 21:25:14.379 INFO [main] org.apache.catalina.startup.VersionLoggerListener.log Server number:         9.0.5.0
13-Feb-2018 21:25:14.379 INFO [main] org.apache.catalina.startup.VersionLoggerListener.log OS Name:               Windows 10
13-Feb-2018 21:25:14.379 INFO [main] org.apache.catalina.startup.VersionLoggerListener.log OS Version:            10.0
13-Feb-2018 21:25:14.380 INFO [main] org.apache.catalina.startup.VersionLoggerListener.log Architecture:          amd64
13-Feb-2018 21:25:14.380 INFO [main] org.apache.catalina.startup.VersionLoggerListener.log Java Home:             C:\Program Files\Java\jdk1.8.0_161\jre
13-Feb-2018 21:25:14.380 INFO [main] org.apache.catalina.startup.VersionLoggerListener.log JVM Version:           1.8.0_161-b12
13-Feb-2018 21:25:14.380 INFO [main] org.apache.catalina.startup.VersionLoggerListener.log JVM Vendor:            Oracle Corporation
13-Feb-2018 21:25:14.380 INFO [main] org.apache.catalina.startup.VersionLoggerListener.log CATALINA_BASE:         D:\Nemakiware9\apache-tomcat-9.0.5
13-Feb-2018 21:25:14.380 INFO [main] org.apache.catalina.startup.VersionLoggerListener.log CATALINA_HOME:         D:\Nemakiware9\apache-tomcat-9.0.5
13-Feb-2018 21:25:14.380 INFO [main] org.apache.catalina.startup.VersionLoggerListener.log Command line argument: -Djava.util.logging.config.file=D:\Nemakiware9\apache-tomcat-9.0.5\conf\logging.properties
13-Feb-2018 21:25:14.380 INFO [main] org.apache.catalina.startup.VersionLoggerListener.log Command line argument: -Djava.util.logging.manager=org.apache.juli.ClassLoaderLogManager
13-Feb-2018 21:25:14.380 INFO [main] org.apache.catalina.startup.VersionLoggerListener.log Command line argument: -Xms128m
13-Feb-2018 21:25:14.381 INFO [main] org.apache.catalina.startup.VersionLoggerListener.log Command line argument: -Xmx1024m
13-Feb-2018 21:25:14.381 INFO [main] org.apache.catalina.startup.VersionLoggerListener.log Command line argument: -XX:MaxPermSize=256m
13-Feb-2018 21:25:14.381 INFO [main] org.apache.catalina.startup.VersionLoggerListener.log Command line argument: -Dfile.encoding=UTF-8
13-Feb-2018 21:25:14.381 INFO [main] org.apache.catalina.startup.VersionLoggerListener.log Command line argument: -Djdk.tls.ephemeralDHKeySize=2048
13-Feb-2018 21:25:14.382 INFO [main] org.apache.catalina.startup.VersionLoggerListener.log Command line argument: -Djava.protocol.handler.pkgs=org.apache.catalina.webresources
13-Feb-2018 21:25:14.382 INFO [main] org.apache.catalina.startup.VersionLoggerListener.log Command line argument: -Dignore.endorsed.dirs=
13-Feb-2018 21:25:14.382 INFO [main] org.apache.catalina.startup.VersionLoggerListener.log Command line argument: -Dcatalina.base=D:\Nemakiware9\apache-tomcat-9.0.5
13-Feb-2018 21:25:14.383 INFO [main] org.apache.catalina.startup.VersionLoggerListener.log Command line argument: -Dcatalina.home=D:\Nemakiware9\apache-tomcat-9.0.5
13-Feb-2018 21:25:14.383 INFO [main] org.apache.catalina.startup.VersionLoggerListener.log Command line argument: -Djava.io.tmpdir=D:\Nemakiware9\apache-tomcat-9.0.5\temp
13-Feb-2018 21:25:14.384 INFO [main] org.apache.catalina.core.AprLifecycleListener.lifecycleEvent The APR based Apache Tomcat Native library which allows optimal performance in production environments was not found on the java.library.path: [C:\Program Files\Java\jdk1.8.0_161\bin;C:\WINDOWS\Sun\Java\bin;C:\WINDOWS\system32;C:\WINDOWS;C:\Program Files\Docker\Docker\Resources\bin;C:\ProgramData\Oracle\Java\javapath;C:\Program Files (x86)\NVIDIA Corporation\PhysX\Common;C:\WINDOWS\system32;C:\WINDOWS;C:\WINDOWS\System32\Wbem;C:\WINDOWS\System32\WindowsPowerShell\v1.0\;C:\Program Files (x86)\ATI Technologies\ATI.ACE\Core-Static;C:\Android;C:\Windows\System32;C:\Program Files\Microsoft SQL Server\Client SDK\ODBC\130\Tools\Binn\;C:\Program Files (x86)\Microsoft SQL Server\130\Tools\Binn\;C:\Program Files\Microsoft SQL Server\130\Tools\Binn\;C:\Program Files\Microsoft SQL Server\130\DTS\Binn\;C:\Program Files\dotnet\;C:\Program Files (x86)\Microsoft SQL Server\Client SDK\ODBC\130\Tools\Binn\;C:\Program Files (x86)\Microsoft SQL Server\140\Tools\Binn\;C:\Program Files (x86)\Microsoft SQL Server\140\DTS\Binn\;C:\Program Files (x86)\Microsoft SQL Server\140\Tools\Binn\ManagementStudio\;C:\Program Files (x86)\Microsoft SQL Server\110\DTS\Binn\;C:\Program Files (x86)\Microsoft SQL Server\120\DTS\Binn\;C:\Program Files (x86)\Microsoft SQL Server\130\DTS\Binn\;C:\Program Files (x86)\Skype\Phone\;C:\Program Files\nodejs\;C:\Program Files\PuTTY\;C:\Program Files\Git\cmd;C:\apache-maven-3.5.2\bin;C:\Program Files\Java\jdk1.8.0_144\bin;C:\Program Files\Microsoft SQL Server\Client SDK\ODBC\110\Tools\Binn\;C:\Program Files (x86)\Microsoft SQL Server\120\Tools\Binn\;C:\Program Files\Microsoft SQL Server\120\Tools\Binn\;C:\Program Files\Microsoft SQL Server\120\DTS\Binn\;C:\Users\Work\AppData\Local\Microsoft\WindowsApps;C:\Users\Work\AppData\Roaming\npm;C:\Users\Work\AppData\Local\GitHubDesktop\bin;.]
13-Feb-2018 21:25:14.493 INFO [main] org.apache.coyote.AbstractProtocol.init Initializing ProtocolHandler ["http-nio-8080"]
13-Feb-2018 21:25:14.563 INFO [main] org.apache.tomcat.util.net.NioSelectorPool.getSharedSelector Using a shared selector for servlet write/read
13-Feb-2018 21:25:14.571 INFO [main] org.apache.coyote.AbstractProtocol.init Initializing ProtocolHandler ["ajp-nio-8009"]
13-Feb-2018 21:25:14.576 INFO [main] org.apache.tomcat.util.net.NioSelectorPool.getSharedSelector Using a shared selector for servlet write/read
13-Feb-2018 21:25:14.576 INFO [main] org.apache.catalina.startup.Catalina.load Initialization processed in 520 ms
13-Feb-2018 21:25:14.599 INFO [main] org.apache.catalina.core.StandardService.startInternal Starting service [Catalina]
13-Feb-2018 21:25:14.599 INFO [main] org.apache.catalina.core.StandardEngine.startInternal Starting Servlet Engine: Apache Tomcat/9.0.5
13-Feb-2018 21:25:14.607 INFO [main] org.apache.catalina.startup.HostConfig.deployDescriptor Deploying configuration descriptor [D:\Nemakiware9\apache-tomcat-9.0.5\conf\Catalina\localhost\solr.xml]
13-Feb-2018 21:25:14.636 WARNING [main] org.apache.catalina.startup.HostConfig.deployDescriptor A docBase [D:\Nemakiware9\apache-tomcat-9.0.5\webapps\solr] inside the host appBase has been specified, and will be ignored
13-Feb-2018 21:25:23.527 INFO [main] org.apache.jasper.servlet.TldScanner.scanJars At least one JAR was scanned for TLDs yet contained no TLDs. Enable debug logging for this logger for a complete list of JARs that were scanned but no TLDs were found in them. Skipping unneeded JARs during scanning can improve startup time and JSP compilation time.
13-Feb-2018 21:25:35.687 INFO [main] org.apache.catalina.startup.HostConfig.deployDescriptor Deployment of configuration descriptor [D:\Nemakiware9\apache-tomcat-9.0.5\conf\Catalina\localhost\solr.xml] has finished in [21,079] ms
13-Feb-2018 21:25:35.689 INFO [main] org.apache.catalina.startup.HostConfig.deployWAR Deploying web application archive [D:\Nemakiware9\apache-tomcat-9.0.5\webapps\core.war]
13-Feb-2018 21:25:48.276 INFO [main] org.apache.jasper.servlet.TldScanner.scanJars At least one JAR was scanned for TLDs yet contained no TLDs. Enable debug logging for this logger for a complete list of JARs that were scanned but no TLDs were found in them. Skipping unneeded JARs during scanning can improve startup time and JSP compilation time.
13-Feb-2018 21:26:06.910 INFO [main] org.apache.catalina.startup.HostConfig.deployWAR Deployment of web application archive [D:\Nemakiware9\apache-tomcat-9.0.5\webapps\core.war] has finished in [31,221] ms
13-Feb-2018 21:26:06.912 INFO [main] org.apache.catalina.startup.HostConfig.deployWAR Deploying web application archive [D:\Nemakiware9\apache-tomcat-9.0.5\webapps\ui.war]
13-Feb-2018 21:26:20.721 WARNING [main] org.apache.catalina.webresources.Cache.getResource Unable to add the resource at [/WEB-INF/classes/public/lib/momentjs/min/moment-with-locales.js] to the cache for web application [/ui] because there was insufficient free space available after evicting expired cache entries - consider increasing the maximum size of the cache
13-Feb-2018 21:26:20.723 WARNING [main] org.apache.catalina.webresources.Cache.getResource Unable to add the resource at [/WEB-INF/classes/public/lib/requirejs/require.js] to the cache for web application [/ui] because there was insufficient free space available after evicting expired cache entries - consider increasing the maximum size of the cache
13-Feb-2018 21:26:20.726 WARNING [main] org.apache.catalina.webresources.Cache.getResource Unable to add the resource at [/WEB-INF/classes/public/lib/validate.js/index.html] to the cache for web application [/ui] because there was insufficient free space available after evicting expired cache entries - consider increasing the maximum size of the cache
13-Feb-2018 21:26:20.728 WARNING [main] org.apache.catalina.webresources.Cache.getResource Unable to add the resource at [/WEB-INF/classes/public/lib/validate.js/validate.js] to the cache for web application [/ui] because there was insufficient free space available after evicting expired cache entries - consider increasing the maximum size of the cache
13-Feb-2018 21:26:20.728 WARNING [main] org.apache.catalina.webresources.Cache.getResource Unable to add the resource at [/WEB-INF/classes/public/lib/validate.js/validate.min.js] to the cache for web application [/ui] because there was insufficient free space available after evicting expired cache entries - consider increasing the maximum size of the cache
13-Feb-2018 21:26:20.729 WARNING [main] org.apache.catalina.webresources.Cache.getResource Unable to add the resource at [/WEB-INF/classes/public/lib/validate.js/validate.min.map] to the cache for web application [/ui] because there was insufficient free space available after evicting expired cache entries - consider increasing the maximum size of the cache
13-Feb-2018 21:26:20.730 WARNING [main] org.apache.catalina.webresources.Cache.getResource Unable to add the resource at [/WEB-INF/classes/public/lib/validate.js/docs/docco.css] to the cache for web application [/ui] because there was insufficient free space available after evicting expired cache entries - consider increasing the maximum size of the cache
13-Feb-2018 21:26:20.731 WARNING [main] org.apache.catalina.webresources.Cache.getResource Unable to add the resource at [/WEB-INF/classes/public/lib/validate.js/docs/validate.html] to the cache for web application [/ui] because there was insufficient free space available after evicting expired cache entries - consider increasing the maximum size of the cache
13-Feb-2018 21:26:20.734 WARNING [main] org.apache.catalina.webresources.Cache.getResource Unable to add the resource at [/WEB-INF/classes/public/lib/validate.js/docs/public/fonts/aller-bold.eot] to the cache for web application [/ui] because there was insufficient free space available after evicting expired cache entries - consider increasing the maximum size of the cache
13-Feb-2018 21:26:20.735 WARNING [main] org.apache.catalina.webresources.Cache.getResource Unable to add the resource at [/WEB-INF/classes/public/lib/validate.js/docs/public/fonts/aller-bold.ttf] to the cache for web application [/ui] because there was insufficient free space available after evicting expired cache entries - consider increasing the maximum size of the cache
13-Feb-2018 21:26:20.735 WARNING [main] org.apache.catalina.webresources.Cache.getResource Unable to add the resource at [/WEB-INF/classes/public/lib/validate.js/docs/public/fonts/aller-bold.woff] to the cache for web application [/ui] because there was insufficient free space available after evicting expired cache entries - consider increasing the maximum size of the cache
13-Feb-2018 21:26:20.736 WARNING [main] org.apache.catalina.webresources.Cache.getResource Unable to add the resource at [/WEB-INF/classes/public/lib/validate.js/docs/public/fonts/aller-light.eot] to the cache for web application [/ui] because there was insufficient free space available after evicting expired cache entries - consider increasing the maximum size of the cache
13-Feb-2018 21:26:20.737 WARNING [main] org.apache.catalina.webresources.Cache.getResource Unable to add the resource at [/WEB-INF/classes/public/lib/validate.js/docs/public/fonts/aller-light.ttf] to the cache for web application [/ui] because there was insufficient free space available after evicting expired cache entries - consider increasing the maximum size of the cache
13-Feb-2018 21:26:20.738 WARNING [main] org.apache.catalina.webresources.Cache.getResource Unable to add the resource at [/WEB-INF/classes/public/lib/validate.js/docs/public/fonts/aller-light.woff] to the cache for web application [/ui] because there was insufficient free space available after evicting expired cache entries - consider increasing the maximum size of the cache
13-Feb-2018 21:26:20.738 WARNING [main] org.apache.catalina.webresources.Cache.getResource Unable to add the resource at [/WEB-INF/classes/public/lib/validate.js/docs/public/fonts/novecento-bold.eot] to the cache for web application [/ui] because there was insufficient free space available after evicting expired cache entries - consider increasing the maximum size of the cache
13-Feb-2018 21:26:20.739 WARNING [main] org.apache.catalina.webresources.Cache.getResource Unable to add the resource at [/WEB-INF/classes/public/lib/validate.js/docs/public/fonts/novecento-bold.ttf] to the cache for web application [/ui] because there was insufficient free space available after evicting expired cache entries - consider increasing the maximum size of the cache
13-Feb-2018 21:26:20.739 WARNING [main] org.apache.catalina.webresources.Cache.getResource Unable to add the resource at [/WEB-INF/classes/public/lib/validate.js/docs/public/fonts/novecento-bold.woff] to the cache for web application [/ui] because there was insufficient free space available after evicting expired cache entries - consider increasing the maximum size of the cache
13-Feb-2018 21:26:20.741 WARNING [main] org.apache.catalina.webresources.Cache.getResource Unable to add the resource at [/WEB-INF/classes/public/lib/validate.js/docs/public/stylesheets/normalize.css] to the cache for web application [/ui] because there was insufficient free space available after evicting expired cache entries - consider increasing the maximum size of the cache
13-Feb-2018 21:26:20.744 WARNING [main] org.apache.catalina.webresources.Cache.getResource Unable to add the resource at [/WEB-INF/classes/public/lib/validate.js/specs/validate-async-spec.js] to the cache for web application [/ui] because there was insufficient free space available after evicting expired cache entries - consider increasing the maximum size of the cache
13-Feb-2018 21:26:20.745 WARNING [main] org.apache.catalina.webresources.Cache.getResource Unable to add the resource at [/WEB-INF/classes/public/lib/validate.js/specs/validate-helpers-spec.js] to the cache for web application [/ui] because there was insufficient free space available after evicting expired cache entries - consider increasing the maximum size of the cache
13-Feb-2018 21:26:20.745 WARNING [main] org.apache.catalina.webresources.Cache.getResource Unable to add the resource at [/WEB-INF/classes/public/lib/validate.js/specs/validate-spec.js] to the cache for web application [/ui] because there was insufficient free space available after evicting expired cache entries - consider increasing the maximum size of the cache
13-Feb-2018 21:26:20.747 WARNING [main] org.apache.catalina.webresources.Cache.getResource Unable to add the resource at [/WEB-INF/classes/public/lib/validate.js/specs/validators/datetime-spec.js] to the cache for web application [/ui] because there was insufficient free space available after evicting expired cache entries - consider increasing the maximum size of the cache
13-Feb-2018 21:26:20.747 WARNING [main] org.apache.catalina.webresources.Cache.getResource Unable to add the resource at [/WEB-INF/classes/public/lib/validate.js/specs/validators/equality-spec.js] to the cache for web application [/ui] because there was insufficient free space available after evicting expired cache entries - consider increasing the maximum size of the cache
13-Feb-2018 21:26:20.748 WARNING [main] org.apache.catalina.webresources.Cache.getResource Unable to add the resource at [/WEB-INF/classes/public/lib/validate.js/specs/validators/exclusion-spec.js] to the cache for web application [/ui] because there was insufficient free space available after evicting expired cache entries - consider increasing the maximum size of the cache
13-Feb-2018 21:26:20.749 WARNING [main] org.apache.catalina.webresources.Cache.getResource Unable to add the resource at [/WEB-INF/classes/public/lib/validate.js/specs/validators/format-spec.js] to the cache for web application [/ui] because there was insufficient free space available after evicting expired cache entries - consider increasing the maximum size of the cache
13-Feb-2018 21:26:20.749 WARNING [main] org.apache.catalina.webresources.Cache.getResource Unable to add the resource at [/WEB-INF/classes/public/lib/validate.js/specs/validators/inclusion-spec.js] to the cache for web application [/ui] because there was insufficient free space available after evicting expired cache entries - consider increasing the maximum size of the cache
13-Feb-2018 21:26:20.750 WARNING [main] org.apache.catalina.webresources.Cache.getResource Unable to add the resource at [/WEB-INF/classes/public/lib/validate.js/specs/validators/length-spec.js] to the cache for web application [/ui] because there was insufficient free space available after evicting expired cache entries - consider increasing the maximum size of the cache
13-Feb-2018 21:26:20.750 WARNING [main] org.apache.catalina.webresources.Cache.getResource Unable to add the resource at [/WEB-INF/classes/public/lib/validate.js/specs/validators/numericality-spec.js] to the cache for web application [/ui] because there was insufficient free space available after evicting expired cache entries - consider increasing the maximum size of the cache
13-Feb-2018 21:26:20.751 WARNING [main] org.apache.catalina.webresources.Cache.getResource Unable to add the resource at [/WEB-INF/classes/public/lib/validate.js/specs/validators/presence-spec.js] to the cache for web application [/ui] because there was insufficient free space available after evicting expired cache entries - consider increasing the maximum size of the cache
13-Feb-2018 21:26:20.752 WARNING [main] org.apache.catalina.webresources.Cache.getResource Unable to add the resource at [/WEB-INF/classes/public/lib/validate.js/specs/vendor/jasmine-promise.js] to the cache for web application [/ui] because there was insufficient free space available after evicting expired cache entries - consider increasing the maximum size of the cache
13-Feb-2018 21:26:20.755 WARNING [main] org.apache.catalina.webresources.Cache.getResource Unable to add the resource at [/WEB-INF/classes/public/lib/validate.js/specs/vendor/jquery-2.1.4.min.js] to the cache for web application [/ui] because there was insufficient free space available after evicting expired cache entries - consider increasing the maximum size of the cache
13-Feb-2018 21:26:20.755 WARNING [main] org.apache.catalina.webresources.Cache.getResource Unable to add the resource at [/WEB-INF/classes/public/lib/validate.js/specs/vendor/moment.js] to the cache for web application [/ui] because there was insufficient free space available after evicting expired cache entries - consider increasing the maximum size of the cache
13-Feb-2018 21:26:20.756 WARNING [main] org.apache.catalina.webresources.Cache.getResource Unable to add the resource at [/WEB-INF/classes/public/lib/validate.js/specs/vendor/promise-1.0.0.min.js] to the cache for web application [/ui] because there was insufficient free space available after evicting expired cache entries - consider increasing the maximum size of the cache
13-Feb-2018 21:26:20.757 WARNING [main] org.apache.catalina.webresources.Cache.getResource Unable to add the resource at [/WEB-INF/classes/public/lib/validate.js/specs/vendor/xdate.js] to the cache for web application [/ui] because there was insufficient free space available after evicting expired cache entries - consider increasing the maximum size of the cache
13-Feb-2018 21:26:20.758 WARNING [main] org.apache.catalina.webresources.Cache.getResource Unable to add the resource at [/WEB-INF/classes/public/stylesheets/main.css] to the cache for web application [/ui] because there was insufficient free space available after evicting expired cache entries - consider increasing the maximum size of the cache
13-Feb-2018 21:26:20.802 WARNING [main] org.apache.catalina.webresources.Cache.getResource Unable to add the resource at [/WEB-INF/classes/util/authentication] to the cache for web application [/ui] because there was insufficient free space available after evicting expired cache entries - consider increasing the maximum size of the cache
13-Feb-2018 21:26:20.809 WARNING [main] org.apache.catalina.webresources.Cache.getResource Unable to add the resource at [/WEB-INF/classes/views/html] to the cache for web application [/ui] because there was insufficient free space available after evicting expired cache entries - consider increasing the maximum size of the cache
13-Feb-2018 21:26:20.810 WARNING [main] org.apache.catalina.webresources.Cache.getResource Unable to add the resource at [/WEB-INF/classes/views/js] to the cache for web application [/ui] because there was insufficient free space available after evicting expired cache entries - consider increasing the maximum size of the cache
13-Feb-2018 21:26:20.811 WARNING [main] org.apache.catalina.webresources.Cache.getResource Unable to add the resource at [/WEB-INF/classes/views/html/archive] to the cache for web application [/ui] because there was insufficient free space available after evicting expired cache entries - consider increasing the maximum size of the cache
13-Feb-2018 21:26:20.812 WARNING [main] org.apache.catalina.webresources.Cache.getResource Unable to add the resource at [/WEB-INF/classes/views/html/component] to the cache for web application [/ui] because there was insufficient free space available after evicting expired cache entries - consider increasing the maximum size of the cache
13-Feb-2018 21:26:20.813 WARNING [main] org.apache.catalina.webresources.Cache.getResource Unable to add the resource at [/WEB-INF/classes/views/html/config] to the cache for web application [/ui] because there was insufficient free space available after evicting expired cache entries - consider increasing the maximum size of the cache
13-Feb-2018 21:26:20.815 WARNING [main] org.apache.catalina.webresources.Cache.getResource Unable to add the resource at [/WEB-INF/classes/views/html/group] to the cache for web application [/ui] because there was insufficient free space available after evicting expired cache entries - consider increasing the maximum size of the cache
13-Feb-2018 21:26:20.818 WARNING [main] org.apache.catalina.webresources.Cache.getResource Unable to add the resource at [/WEB-INF/classes/views/html/node] to the cache for web application [/ui] because there was insufficient free space available after evicting expired cache entries - consider increasing the maximum size of the cache
13-Feb-2018 21:26:20.818 WARNING [main] org.apache.catalina.webresources.Cache.getResource Unable to add the resource at [/WEB-INF/classes/views/html/objecttype] to the cache for web application [/ui] because there was insufficient free space available after evicting expired cache entries - consider increasing the maximum size of the cache
13-Feb-2018 21:26:20.819 WARNING [main] org.apache.catalina.webresources.Cache.getResource Unable to add the resource at [/WEB-INF/classes/views/html/principal] to the cache for web application [/ui] because there was insufficient free space available after evicting expired cache entries - consider increasing the maximum size of the cache
13-Feb-2018 21:26:20.820 WARNING [main] org.apache.catalina.webresources.Cache.getResource Unable to add the resource at [/WEB-INF/classes/views/html/searchengine] to the cache for web application [/ui] because there was insufficient free space available after evicting expired cache entries - consider increasing the maximum size of the cache
13-Feb-2018 21:26:20.821 WARNING [main] org.apache.catalina.webresources.Cache.getResource Unable to add the resource at [/WEB-INF/classes/views/html/table] to the cache for web application [/ui] because there was insufficient free space available after evicting expired cache entries - consider increasing the maximum size of the cache
13-Feb-2018 21:26:20.823 WARNING [main] org.apache.catalina.webresources.Cache.getResource Unable to add the resource at [/WEB-INF/classes/views/html/user] to the cache for web application [/ui] because there was insufficient free space available after evicting expired cache entries - consider increasing the maximum size of the cache
13-Feb-2018 21:26:20.856 WARNING [main] org.apache.catalina.webresources.Cache.getResource Unable to add the resource at [/WEB-INF/classes/views/html/node/js] to the cache for web application [/ui] because there was insufficient free space available after evicting expired cache entries - consider increasing the maximum size of the cache
13-Feb-2018 21:26:20.911 WARNING [main] org.apache.catalina.webresources.Cache.getResource Unable to add the resource at [/WEB-INF/classes/views/js/node] to the cache for web application [/ui] because there was insufficient free space available after evicting expired cache entries - consider increasing the maximum size of the cache
13-Feb-2018 21:26:20.912 WARNING [main] org.apache.catalina.webresources.Cache.getResource Unable to add the resource at [/WEB-INF/classes/views/js/node/js] to the cache for web application [/ui] because there was insufficient free space available after evicting expired cache entries - consider increasing the maximum size of the cache
13-Feb-2018 21:26:24.516 INFO [main] org.apache.jasper.servlet.TldScanner.scanJars At least one JAR was scanned for TLDs yet contained no TLDs. Enable debug logging for this logger for a complete list of JARs that were scanned but no TLDs were found in them. Skipping unneeded JARs during scanning can improve startup time and JSP compilation time.
13-Feb-2018 21:26:24.805 WARNING [main] org.apache.catalina.webresources.Cache.getResources Unable to add the resource at [/WEB-INF/classes/application.json] to the cache for web application [{1}] because there was insufficient free space available after evicting expired cache entries - consider increasing the maximum size of the cache
13-Feb-2018 21:26:24.807 WARNING [main] org.apache.catalina.webresources.Cache.getResources Unable to add the resource at [/WEB-INF/classes/application.properties] to the cache for web application [{1}] because there was insufficient free space available after evicting expired cache entries - consider increasing the maximum size of the cache
13-Feb-2018 21:26:24.809 WARNING [main] org.apache.catalina.webresources.Cache.getResources Unable to add the resource at [/WEB-INF/classes/play/reference-overrides.conf] to the cache for web application [{1}] because there was insufficient free space available after evicting expired cache entries - consider increasing the maximum size of the cache
13-Feb-2018 21:26:24.811 WARNING [main] org.apache.catalina.webresources.Cache.getResources Unable to add the resource at [/WEB-INF/classes/reference.conf] to the cache for web application [{1}] because there was insufficient free space available after evicting expired cache entries - consider increasing the maximum size of the cache
13-Feb-2018 21:26:24.908 WARNING [main] org.apache.catalina.webresources.Cache.getResources Unable to add the resource at [/WEB-INF/classes/org/slf4j/impl/StaticLoggerBinder.class] to the cache for web application [{1}] because there was insufficient free space available after evicting expired cache entries - consider increasing the maximum size of the cache
13-Feb-2018 21:26:24.926 WARNING [main] org.apache.catalina.webresources.Cache.getResource Unable to add the resource at [/WEB-INF/classes/logback.groovy] to the cache for web application [/ui] because there was insufficient free space available after evicting expired cache entries - consider increasing the maximum size of the cache
13-Feb-2018 21:26:24.929 WARNING [main] org.apache.catalina.webresources.Cache.getResource Unable to add the resource at [/WEB-INF/classes/logback-test.xml] to the cache for web application [/ui] because there was insufficient free space available after evicting expired cache entries - consider increasing the maximum size of the cache
13-Feb-2018 21:26:24.930 WARNING [main] org.apache.catalina.webresources.Cache.getResource Unable to add the resource at [/WEB-INF/classes/logback.xml] to the cache for web application [/ui] because there was insufficient free space available after evicting expired cache entries - consider increasing the maximum size of the cache
13-Feb-2018 21:26:24.934 WARNING [main] org.apache.catalina.webresources.Cache.getResources Unable to add the resource at [/WEB-INF/classes/META-INF/services/ch.qos.logback.classic.spi.Configurator] to the cache for web application [{1}] because there was insufficient free space available after evicting expired cache entries - consider increasing the maximum size of the cache
13-Feb-2018 21:26:25.136 WARNING [main] org.apache.catalina.webresources.Cache.getResources Unable to add the resource at [/WEB-INF/classes/application.json] to the cache for web application [{1}] because there was insufficient free space available after evicting expired cache entries - consider increasing the maximum size of the cache
13-Feb-2018 21:26:25.136 WARNING [main] org.apache.catalina.webresources.Cache.getResources Unable to add the resource at [/WEB-INF/classes/application.properties] to the cache for web application [{1}] because there was insufficient free space available after evicting expired cache entries - consider increasing the maximum size of the cache
13-Feb-2018 21:26:25.137 WARNING [main] org.apache.catalina.webresources.Cache.getResources Unable to add the resource at [/WEB-INF/classes/play/reference-overrides.conf] to the cache for web application [{1}] because there was insufficient free space available after evicting expired cache entries - consider increasing the maximum size of the cache
13-Feb-2018 21:26:25.139 WARNING [main] org.apache.catalina.webresources.Cache.getResources Unable to add the resource at [/WEB-INF/classes/reference.conf] to the cache for web application [{1}] because there was insufficient free space available after evicting expired cache entries - consider increasing the maximum size of the cache
13-Feb-2018 21:26:25.206 WARNING [main] org.apache.catalina.webresources.Cache.getResource Unable to add the resource at [/WEB-INF/classes/] to the cache for web application [/ui] because there was insufficient free space available after evicting expired cache entries - consider increasing the maximum size of the cache
13-Feb-2018 21:26:25.210 WARNING [main] org.apache.catalina.webresources.Cache.getResource Unable to add the resource at [/WEB-INF/classes/] to the cache for web application [/ui] because there was insufficient free space available after evicting expired cache entries - consider increasing the maximum size of the cache
13-Feb-2018 21:26:25.256 WARNING [main] org.apache.catalina.webresources.Cache.getResource Unable to add the resource at [/WEB-INF/classes/library.properties] to the cache for web application [/ui] because there was insufficient free space available after evicting expired cache entries - consider increasing the maximum size of the cache
13-Feb-2018 21:26:25.276 WARNING [main] org.apache.catalina.webresources.Cache.getResource Unable to add the resource at [/WEB-INF/classes/] to the cache for web application [/ui] because there was insufficient free space available after evicting expired cache entries - consider increasing the maximum size of the cache
13-Feb-2018 21:26:25.376 WARNING [main] org.apache.catalina.webresources.Cache.getResource Unable to add the resource at [/WEB-INF/classes/] to the cache for web application [/ui] because there was insufficient free space available after evicting expired cache entries - consider increasing the maximum size of the cache
13-Feb-2018 21:26:27.037 INFO [main] org.apache.catalina.startup.HostConfig.deployWAR Deployment of web application archive [D:\Nemakiware9\apache-tomcat-9.0.5\webapps\ui.war] has finished in [20,126] ms
13-Feb-2018 21:26:27.038 INFO [main] org.apache.catalina.startup.HostConfig.deployDirectory Deploying web application directory [D:\Nemakiware9\apache-tomcat-9.0.5\webapps\docs]
13-Feb-2018 21:26:27.054 INFO [main] org.apache.catalina.startup.HostConfig.deployDirectory Deployment of web application directory [D:\Nemakiware9\apache-tomcat-9.0.5\webapps\docs] has finished in [16] ms
13-Feb-2018 21:26:27.055 INFO [main] org.apache.catalina.startup.HostConfig.deployDirectory Deploying web application directory [D:\Nemakiware9\apache-tomcat-9.0.5\webapps\examples]
13-Feb-2018 21:26:27.253 INFO [main] org.apache.catalina.startup.HostConfig.deployDirectory Deployment of web application directory [D:\Nemakiware9\apache-tomcat-9.0.5\webapps\examples] has finished in [198] ms
13-Feb-2018 21:26:27.253 INFO [main] org.apache.catalina.startup.HostConfig.deployDirectory Deploying web application directory [D:\Nemakiware9\apache-tomcat-9.0.5\webapps\host-manager]
13-Feb-2018 21:26:27.280 INFO [main] org.apache.catalina.startup.HostConfig.deployDirectory Deployment of web application directory [D:\Nemakiware9\apache-tomcat-9.0.5\webapps\host-manager] has finished in [27] ms
13-Feb-2018 21:26:27.280 INFO [main] org.apache.catalina.startup.HostConfig.deployDirectory Deploying web application directory [D:\Nemakiware9\apache-tomcat-9.0.5\webapps\manager]
13-Feb-2018 21:26:27.299 INFO [main] org.apache.catalina.startup.HostConfig.deployDirectory Deployment of web application directory [D:\Nemakiware9\apache-tomcat-9.0.5\webapps\manager] has finished in [19] ms
13-Feb-2018 21:26:27.300 INFO [main] org.apache.catalina.startup.HostConfig.deployDirectory Deploying web application directory [D:\Nemakiware9\apache-tomcat-9.0.5\webapps\ROOT]
13-Feb-2018 21:26:27.315 INFO [main] org.apache.catalina.startup.HostConfig.deployDirectory Deployment of web application directory [D:\Nemakiware9\apache-tomcat-9.0.5\webapps\ROOT] has finished in [15] ms
13-Feb-2018 21:26:27.319 INFO [main] org.apache.coyote.AbstractProtocol.start Starting ProtocolHandler ["http-nio-8080"]
13-Feb-2018 21:26:27.330 INFO [main] org.apache.coyote.AbstractProtocol.start Starting ProtocolHandler ["ajp-nio-8009"]
13-Feb-2018 21:26:27.334 INFO [main] org.apache.catalina.startup.Catalina.start Server startup in 72763 ms
13-Feb-2018 21:27:05.009 INFO [Thread-12] org.apache.coyote.AbstractProtocol.pause Pausing ProtocolHandler ["http-nio-8080"]
13-Feb-2018 21:27:05.119 INFO [Thread-12] org.apache.coyote.AbstractProtocol.pause Pausing ProtocolHandler ["ajp-nio-8009"]
13-Feb-2018 21:27:05.229 INFO [Thread-12] org.apache.catalina.core.StandardService.stopInternal Stopping service [Catalina]
13-Feb-2018 21:27:05.316 WARNING [Thread-12] org.apache.catalina.loader.WebappClassLoaderBase.clearReferencesThreads The web application [ui] appears to have started a thread named [Timer-1] but has failed to stop it. This is very likely to create a memory leak. Stack trace of thread:
 java.lang.Object.wait(Native Method)
 java.lang.Object.wait(Object.java:502)
 java.util.TimerThread.mainLoop(Timer.java:526)
 java.util.TimerThread.run(Timer.java:505)
13-Feb-2018 21:27:05.318 SEVERE [Thread-12] org.apache.catalina.loader.WebappClassLoaderBase.checkThreadLocalMapForLeaks The web application [ui] created a ThreadLocal with key of type [java.lang.ThreadLocal] (value [java.lang.ThreadLocal@7d33268a]) and a value of type [scala.concurrent.forkjoin.ForkJoinPool.Submitter] (value [scala.concurrent.forkjoin.ForkJoinPool$Submitter@35641165]) but failed to remove it when the web application was stopped. Threads are going to be renewed over time to try and avoid a probable memory leak.
13-Feb-2018 21:27:05.318 SEVERE [Thread-12] org.apache.catalina.loader.WebappClassLoaderBase.checkThreadLocalMapForLeaks The web application [ui] created a ThreadLocal with key of type [scala.concurrent.forkjoin.ThreadLocalRandom$1] (value [scala.concurrent.forkjoin.ThreadLocalRandom$1@51077635]) and a value of type [scala.concurrent.forkjoin.ThreadLocalRandom] (value [scala.concurrent.forkjoin.ThreadLocalRandom@787d5395]) but failed to remove it when the web application was stopped. Threads are going to be renewed over time to try and avoid a probable memory leak.
13-Feb-2018 21:27:05.319 SEVERE [Thread-12] org.apache.catalina.loader.WebappClassLoaderBase.checkThreadLocalMapForLeaks The web application [ui] created a ThreadLocal with key of type [java.lang.ThreadLocal] (value [java.lang.ThreadLocal@7d33268a]) and a value of type [scala.concurrent.forkjoin.ForkJoinPool.Submitter] (value [scala.concurrent.forkjoin.ForkJoinPool$Submitter@243f5fc0]) but failed to remove it when the web application was stopped. Threads are going to be renewed over time to try and avoid a probable memory leak.
13-Feb-2018 21:27:05.319 SEVERE [Thread-12] org.apache.catalina.loader.WebappClassLoaderBase.checkThreadLocalMapForLeaks The web application [ui] created a ThreadLocal with key of type [java.lang.ThreadLocal] (value [java.lang.ThreadLocal@7d33268a]) and a value of type [scala.concurrent.forkjoin.ForkJoinPool.Submitter] (value [scala.concurrent.forkjoin.ForkJoinPool$Submitter@31458d1b]) but failed to remove it when the web application was stopped. Threads are going to be renewed over time to try and avoid a probable memory leak.
13-Feb-2018 21:27:05.320 SEVERE [Thread-12] org.apache.catalina.loader.WebappClassLoaderBase.checkThreadLocalMapForLeaks The web application [ui] created a ThreadLocal with key of type [java.lang.ThreadLocal] (value [java.lang.ThreadLocal@7d33268a]) and a value of type [scala.concurrent.forkjoin.ForkJoinPool.Submitter] (value [scala.concurrent.forkjoin.ForkJoinPool$Submitter@5b19f3d8]) but failed to remove it when the web application was stopped. Threads are going to be renewed over time to try and avoid a probable memory leak.
13-Feb-2018 21:27:05.321 SEVERE [Thread-12] org.apache.catalina.loader.WebappClassLoaderBase.checkThreadLocalMapForLeaks The web application [ui] created a ThreadLocal with key of type [java.lang.ThreadLocal] (value [java.lang.ThreadLocal@7d33268a]) and a value of type [scala.concurrent.forkjoin.ForkJoinPool.Submitter] (value [scala.concurrent.forkjoin.ForkJoinPool$Submitter@496ae2d5]) but failed to remove it when the web application was stopped. Threads are going to be renewed over time to try and avoid a probable memory leak.
13-Feb-2018 21:27:05.322 SEVERE [Thread-12] org.apache.catalina.loader.WebappClassLoaderBase.checkThreadLocalMapForLeaks The web application [ui] created a ThreadLocal with key of type [java.lang.ThreadLocal] (value [java.lang.ThreadLocal@7d33268a]) and a value of type [scala.concurrent.forkjoin.ForkJoinPool.Submitter] (value [scala.concurrent.forkjoin.ForkJoinPool$Submitter@17756567]) but failed to remove it when the web application was stopped. Threads are going to be renewed over time to try and avoid a probable memory leak.
13-Feb-2018 21:27:05.323 SEVERE [Thread-12] org.apache.catalina.loader.WebappClassLoaderBase.checkThreadLocalMapForLeaks The web application [ui] created a ThreadLocal with key of type [java.lang.ThreadLocal] (value [java.lang.ThreadLocal@7d33268a]) and a value of type [scala.concurrent.forkjoin.ForkJoinPool.Submitter] (value [scala.concurrent.forkjoin.ForkJoinPool$Submitter@ac51fc7]) but failed to remove it when the web application was stopped. Threads are going to be renewed over time to try and avoid a probable memory leak.
13-Feb-2018 21:27:05.324 SEVERE [Thread-12] org.apache.catalina.loader.WebappClassLoaderBase.checkThreadLocalMapForLeaks The web application [ui] created a ThreadLocal with key of type [java.lang.ThreadLocal] (value [java.lang.ThreadLocal@7d33268a]) and a value of type [scala.concurrent.forkjoin.ForkJoinPool.Submitter] (value [scala.concurrent.forkjoin.ForkJoinPool$Submitter@1ed6ba74]) but failed to remove it when the web application was stopped. Threads are going to be renewed over time to try and avoid a probable memory leak.
13-Feb-2018 21:27:05.327 SEVERE [Thread-12] org.apache.catalina.loader.WebappClassLoaderBase.checkThreadLocalMapForLeaks The web application [ui] created a ThreadLocal with key of type [java.lang.ThreadLocal] (value [java.lang.ThreadLocal@7d33268a]) and a value of type [scala.concurrent.forkjoin.ForkJoinPool.Submitter] (value [scala.concurrent.forkjoin.ForkJoinPool$Submitter@348f31]) but failed to remove it when the web application was stopped. Threads are going to be renewed over time to try and avoid a probable memory leak.
13-Feb-2018 21:27:05.328 SEVERE [Thread-12] org.apache.catalina.loader.WebappClassLoaderBase.checkThreadLocalMapForLeaks The web application [ui] created a ThreadLocal with key of type [java.lang.ThreadLocal] (value [java.lang.ThreadLocal@7d33268a]) and a value of type [scala.concurrent.forkjoin.ForkJoinPool.Submitter] (value [scala.concurrent.forkjoin.ForkJoinPool$Submitter@3cd69c0d]) but failed to remove it when the web application was stopped. Threads are going to be renewed over time to try and avoid a probable memory leak.
13-Feb-2018 21:27:05.329 SEVERE [Thread-12] org.apache.catalina.loader.WebappClassLoaderBase.checkThreadLocalMapForLeaks The web application [ui] created a ThreadLocal with key of type [java.lang.ThreadLocal] (value [java.lang.ThreadLocal@7d33268a]) and a value of type [scala.concurrent.forkjoin.ForkJoinPool.Submitter] (value [scala.concurrent.forkjoin.ForkJoinPool$Submitter@1e4f8777]) but failed to remove it when the web application was stopped. Threads are going to be renewed over time to try and avoid a probable memory leak.
13-Feb-2018 21:27:05.388 WARNING [Thread-12] org.apache.catalina.loader.WebappClassLoaderBase.clearReferencesThreads The web application [core] appears to have started a thread named [ektorp-idle-connection-monitor-thread-1] but has failed to stop it. This is very likely to create a memory leak. Stack trace of thread:
 sun.misc.Unsafe.park(Native Method)
 java.util.concurrent.locks.LockSupport.parkNanos(LockSupport.java:215)
 java.util.concurrent.locks.AbstractQueuedSynchronizer$ConditionObject.awaitNanos(AbstractQueuedSynchronizer.java:2078)
 java.util.concurrent.ScheduledThreadPoolExecutor$DelayedWorkQueue.take(ScheduledThreadPoolExecutor.java:1093)
 java.util.concurrent.ScheduledThreadPoolExecutor$DelayedWorkQueue.take(ScheduledThreadPoolExecutor.java:809)
 java.util.concurrent.ThreadPoolExecutor.getTask(ThreadPoolExecutor.java:1074)
 java.util.concurrent.ThreadPoolExecutor.runWorker(ThreadPoolExecutor.java:1134)
 java.util.concurrent.ThreadPoolExecutor$Worker.run(ThreadPoolExecutor.java:624)
 java.lang.Thread.run(Thread.java:748)
13-Feb-2018 21:27:05.388 WARNING [Thread-12] org.apache.catalina.loader.WebappClassLoaderBase.clearReferencesThreads The web application [core] appears to have started a thread named [__DEFAULT__] but has failed to stop it. This is very likely to create a memory leak. Stack trace of thread:
 java.lang.Object.wait(Native Method)
 java.lang.Object.wait(Object.java:502)
 java.util.TimerThread.mainLoop(Timer.java:526)
 java.util.TimerThread.run(Timer.java:505)
13-Feb-2018 21:27:05.390 WARNING [Thread-12] org.apache.catalina.loader.WebappClassLoaderBase.clearReferencesThreads The web application [core] appears to have started a thread named [sample%0043ache1.data] but has failed to stop it. This is very likely to create a memory leak. Stack trace of thread:
 sun.misc.Unsafe.park(Native Method)
 java.util.concurrent.locks.LockSupport.parkNanos(LockSupport.java:215)
 java.util.concurrent.locks.AbstractQueuedSynchronizer$ConditionObject.awaitNanos(AbstractQueuedSynchronizer.java:2078)
 java.util.concurrent.ScheduledThreadPoolExecutor$DelayedWorkQueue.take(ScheduledThreadPoolExecutor.java:1093)
 java.util.concurrent.ScheduledThreadPoolExecutor$DelayedWorkQueue.take(ScheduledThreadPoolExecutor.java:809)
 java.util.concurrent.ThreadPoolExecutor.getTask(ThreadPoolExecutor.java:1074)
 java.util.concurrent.ThreadPoolExecutor.runWorker(ThreadPoolExecutor.java:1134)
 java.util.concurrent.ThreadPoolExecutor$Worker.run(ThreadPoolExecutor.java:624)
 java.lang.Thread.run(Thread.java:748)
13-Feb-2018 21:27:05.391 WARNING [Thread-12] org.apache.catalina.loader.WebappClassLoaderBase.clearReferencesThreads The web application [core] appears to have started a thread named [Statistics Thread-__DEFAULT__-1] but has failed to stop it. This is very likely to create a memory leak. Stack trace of thread:
 sun.misc.Unsafe.park(Native Method)
 java.util.concurrent.locks.LockSupport.parkNanos(LockSupport.java:215)
 java.util.concurrent.locks.AbstractQueuedSynchronizer$ConditionObject.awaitNanos(AbstractQueuedSynchronizer.java:2078)
 java.util.concurrent.ScheduledThreadPoolExecutor$DelayedWorkQueue.take(ScheduledThreadPoolExecutor.java:1093)
 java.util.concurrent.ScheduledThreadPoolExecutor$DelayedWorkQueue.take(ScheduledThreadPoolExecutor.java:809)
 java.util.concurrent.ThreadPoolExecutor.getTask(ThreadPoolExecutor.java:1074)
 java.util.concurrent.ThreadPoolExecutor.runWorker(ThreadPoolExecutor.java:1134)
 java.util.concurrent.ThreadPoolExecutor$Worker.run(ThreadPoolExecutor.java:624)
 java.lang.Thread.run(Thread.java:748)
13-Feb-2018 21:27:05.452 WARNING [Thread-12] org.apache.catalina.loader.WebappClassLoaderBase.clearReferencesThreads The web application [solr] appears to have started a thread named [NemakiSolrTrackerScheduler_Worker-1] but has failed to stop it. This is very likely to create a memory leak. Stack trace of thread:
 java.lang.Object.wait(Native Method)
 org.quartz.simpl.SimpleThreadPool$WorkerThread.run(SimpleThreadPool.java:568)
13-Feb-2018 21:27:05.453 WARNING [Thread-12] org.apache.catalina.loader.WebappClassLoaderBase.clearReferencesThreads The web application [solr] appears to have started a thread named [Timer-0] but has failed to stop it. This is very likely to create a memory leak. Stack trace of thread:
 java.lang.Object.wait(Native Method)
 java.util.TimerThread.mainLoop(Timer.java:552)
 java.util.TimerThread.run(Timer.java:505)
13-Feb-2018 21:27:05.454 WARNING [Thread-12] org.apache.catalina.loader.WebappClassLoaderBase.clearReferencesThreads The web application [solr] appears to have started a thread named [NemakiSolrTrackerScheduler_QuartzSchedulerThread] but has failed to stop it. This is very likely to create a memory leak. Stack trace of thread:
 java.lang.Object.wait(Native Method)
 org.quartz.core.QuartzSchedulerThread.run(QuartzSchedulerThread.java:311)
13-Feb-2018 21:27:05.464 INFO [Thread-12] org.apache.coyote.AbstractProtocol.stop Stopping ProtocolHandler ["http-nio-8080"]
13-Feb-2018 21:27:05.466 INFO [Thread-12] org.apache.coyote.AbstractProtocol.stop Stopping ProtocolHandler ["ajp-nio-8009"]
13-Feb-2018 21:27:05.468 INFO [Thread-12] org.apache.coyote.AbstractProtocol.destroy Destroying ProtocolHandler ["http-nio-8080"]
13-Feb-2018 21:27:05.469 INFO [Thread-12] org.apache.coyote.AbstractProtocol.destroy Destroying ProtocolHandler ["ajp-nio-8009"]
