#
# A fatal error has been detected by the Java Runtime Environment:
#
#  EXCEPTION_ACCESS_VIOLATION (0xc0000005) at pc=0x000000005d64a5d0, pid=25052, tid=20996
#
# JRE version: Java(TM) SE Runtime Environment (8.0_91-b15) (build 1.8.0_91-b15)
# Java VM: Java HotSpot(TM) 64-Bit Server VM (25.91-b15 mixed mode windows-amd64 compressed oops)
# Problematic frame:
# V  [jvm.dll+0x1aa5d0]
#
# Failed to write core dump. Minidumps are not enabled by default on client versions of Windows
#
# If you would like to submit a bug report, please visit:
#   http://bugreport.java.com/bugreport/crash.jsp
#

---------------  T H R E A D  ---------------

Current thread (0x000000001f05e800):  JavaThread "JDWP Transport Listener: dt_socket" daemon [_thread_in_vm, id=20996, stack(0x00000000209a0000,0x0000000020aa0000)]

siginfo: ExceptionCode=0xc0000005, writing address 0x000000030eac6760

Registers:
RAX=0x000000007396bf90, RBX=0x000000005da7c108, RCX=0x000000001f069d30, RDX=0x0000000000000001
RSP=0x0000000020a9f380, RBP=0x0000000020a9f4c8, RSI=0x00000007c02af6d0, RDI=0x0000000000000016
R8 =0x000000001f067aa0, R9 =0x0000000000000001, R10=0x0000000000000000, R11=0x000000007396bf90
R12=0x00000000216e5f20, R13=0x0000000020a9f480, R14=0x0000000020a9f4c8, R15=0x0000000000000016
RIP=0x000000005d64a5d0, EFLAGS=0x0000000000010202

Top of Stack: (sp=0x0000000020a9f380)
0x0000000020a9f380:   000000005da7c108 0000000020a9f4c8
0x0000000020a9f390:   00000007c02af6d0 000000005d370c18
0x0000000020a9f3a0:   000000001f05e800 000000001f061190
0x0000000020a9f3b0:   000000001f069c40 000000001f069c50
0x0000000020a9f3c0:   000000001f069d28 00000000000000d8
0x0000000020a9f3d0:   0000000020a9f7a0 000000005d719c34
0x0000000020a9f3e0:   0000000000000000 0000000000000000
0x0000000020a9f3f0:   000000001f05f718 000000068324f670
0x0000000020a9f400:   000000001f05e800 000000005d7e3093
0x0000000020a9f410:   0000000020a9f4c8 0000000020a9f480
0x0000000020a9f420:   0000000003450190 000000005d366c0e
0x0000000020a9f430:   000000001f05e800 0000000000000000
0x0000000020a9f440:   0000000000000000 0000000000000000
0x0000000020a9f450:   0000000000000000 000000005d35551f
0x0000000020a9f460:   0000000020a9f510 0000000000000001
0x0000000020a9f470:   0000000021308f08 0000000020a9f540 

Instructions: (pc=0x000000005d64a5d0)
0x000000005d64a5b0:   48 8b 8e 80 01 00 00 48 8b 86 a0 01 00 00 48 8b
0x000000005d64a5c0:   4c f9 08 48 63 5c b8 04 e8 53 1b ef ff 48 ff c7
0x000000005d64a5d0:   49 89 04 dc 49 3b ff 7c d7 eb 23 45 85 ff 7e 1e
0x000000005d64a5e0:   48 8b 86 80 01 00 00 48 8b 4c f8 08 e8 2f 1b ef 


Register to memory mapping:

RAX=0x000000007396bf90 is an unknown value
RBX=0x000000005da7c108 is an unknown value
RCX=0x000000001f069d30 is an unknown value
RDX=0x0000000000000001 is an unknown value
RSP=0x0000000020a9f380 is pointing into the stack for thread: 0x000000001f05e800
RBP=0x0000000020a9f4c8 is pointing into the stack for thread: 0x000000001f05e800
RSI=0x00000007c02af6d0 is pointing into metadata
RDI=0x0000000000000016 is an unknown value
R8 =0x000000001f067aa0 is an unknown value
R9 =0x0000000000000001 is an unknown value
R10=0x0000000000000000 is an unknown value
R11=0x000000007396bf90 is an unknown value
R12=0x00000000216e5f20 is an unknown value
R13=0x0000000020a9f480 is pointing into the stack for thread: 0x000000001f05e800
R14=0x0000000020a9f4c8 is pointing into the stack for thread: 0x000000001f05e800
R15=0x0000000000000016 is an unknown value


Stack: [0x00000000209a0000,0x0000000020aa0000],  sp=0x0000000020a9f380,  free space=1020k
Native frames: (J=compiled Java code, j=interpreted, Vv=VM code, C=native code)
V  [jvm.dll+0x1aa5d0]
V  [jvm.dll+0x343093]
C  [jdwp.dll+0x551f]
C  [jdwp.dll+0xf0a8]
C  [jdwp.dll+0x1f2d5]
C  [jdwp.dll+0x1f4aa]
V  [jvm.dll+0x1bbf38]
V  [jvm.dll+0x243ae4]
V  [jvm.dll+0x29a99a]
C  [msvcr100.dll+0x21d9f]
C  [msvcr100.dll+0x21e3b]
C  [KERNEL32.DLL+0x8364]
C  [ntdll.dll+0x670d1]


---------------  P R O C E S S  ---------------

Java Threads: ( => current thread )
  0x00000000214e5000 JavaThread "Scheduler-668210649" [_thread_blocked, id=14232, stack(0x0000000000110000,0x0000000000210000)]
  0x00000000214df000 JavaThread "GC Daemon" daemon [_thread_blocked, id=21852, stack(0x0000000000010000,0x0000000000110000)]
  0x00000000214dc000 JavaThread "Statistics Thread-__DEFAULT__-1" daemon [_thread_blocked, id=20600, stack(0x000000007fcc0000,0x000000007fdc0000)]
  0x00000000214df800 JavaThread "sample%0043ache1.data" [_thread_blocked, id=4976, stack(0x000000005df40000,0x000000005e040000)]
  0x000000006f68a800 JavaThread "__DEFAULT__" daemon [_thread_blocked, id=21452, stack(0x0000000042e80000,0x0000000042f80000)]
  0x000000006f68d000 JavaThread "ektorp-idle-connection-monitor-thread-1" daemon [_thread_blocked, id=7916, stack(0x0000000028e30000,0x0000000028f30000)]
  0x000000006f68d800 JavaThread "org.eclipse.jetty.server.session.HashSessionManager@53ca01a2Timer" daemon [_thread_blocked, id=8340, stack(0x0000000024640000,0x0000000024740000)]
  0x0000000021843000 JavaThread "qtp1483022288-24" [_thread_in_native, id=25460, stack(0x00000000223a0000,0x00000000224a0000)]
  0x0000000021842800 JavaThread "qtp1483022288-23" [_thread_blocked, id=7572, stack(0x00000000222a0000,0x00000000223a0000)]
  0x000000002183f800 JavaThread "qtp1483022288-22" [_thread_blocked, id=11872, stack(0x00000000221a0000,0x00000000222a0000)]
  0x000000002183d000 JavaThread "qtp1483022288-21" [_thread_blocked, id=9200, stack(0x00000000220a0000,0x00000000221a0000)]
  0x000000002183c800 JavaThread "qtp1483022288-20" [_thread_blocked, id=3628, stack(0x0000000021fa0000,0x00000000220a0000)]
  0x0000000021854800 JavaThread "qtp1483022288-19" [_thread_blocked, id=6692, stack(0x0000000021ea0000,0x0000000021fa0000)]
  0x0000000021853800 JavaThread "qtp1483022288-18" [_thread_in_native, id=1700, stack(0x0000000021da0000,0x0000000021ea0000)]
  0x0000000021674800 JavaThread "qtp1483022288-17-acceptor-0@3ef4a8fb-ServerConnector@52525845{HTTP/1.1,[http/1.1]}{0.0.0.0:8080}" [_thread_in_native, id=23604, stack(0x0000000021ca0000,0x0000000021da0000)]
  0x0000000021673800 JavaThread "Thread-2" [_thread_in_native, id=23528, stack(0x0000000021aa0000,0x0000000021ba0000)]
  0x0000000021672800 JavaThread "Thread-1" [_thread_blocked, id=15304, stack(0x00000000219a0000,0x0000000021aa0000)]
  0x000000002044f800 JavaThread "Service Thread" daemon [_thread_blocked, id=2616, stack(0x0000000020fa0000,0x00000000210a0000)]
  0x00000000203f6000 JavaThread "C1 CompilerThread2" daemon [_thread_blocked, id=11468, stack(0x0000000020ea0000,0x0000000020fa0000)]
  0x000000001f08c800 JavaThread "C2 CompilerThread1" daemon [_thread_blocked, id=13304, stack(0x0000000020da0000,0x0000000020ea0000)]
  0x000000001f082800 JavaThread "C2 CompilerThread0" daemon [_thread_blocked, id=10608, stack(0x0000000020ca0000,0x0000000020da0000)]
  0x000000001f071000 JavaThread "JDWP Command Reader" daemon [_thread_in_native, id=13728, stack(0x0000000020ba0000,0x0000000020ca0000)]
  0x000000001f06c000 JavaThread "JDWP Event Helper Thread" daemon [_thread_blocked, id=25908, stack(0x0000000020aa0000,0x0000000020ba0000)]
=>0x000000001f05e800 JavaThread "JDWP Transport Listener: dt_socket" daemon [_thread_in_vm, id=20996, stack(0x00000000209a0000,0x0000000020aa0000)]
  0x000000001f057000 JavaThread "Attach Listener" daemon [_thread_blocked, id=11812, stack(0x00000000208a0000,0x00000000209a0000)]
  0x00000000203e3800 JavaThread "Signal Dispatcher" daemon [_thread_blocked, id=20568, stack(0x00000000207a0000,0x00000000208a0000)]
  0x000000001f02d000 JavaThread "Finalizer" daemon [_thread_blocked, id=23940, stack(0x00000000202a0000,0x00000000203a0000)]
  0x000000001f008800 JavaThread "Reference Handler" daemon [_thread_blocked, id=10280, stack(0x00000000201a0000,0x00000000202a0000)]
  0x0000000003456800 JavaThread "main" [_thread_blocked, id=14240, stack(0x0000000003260000,0x0000000003360000)]

Other Threads:
  0x000000001f007800 VMThread [stack: 0x00000000200a0000,0x00000000201a0000] [id=15080]
  0x00000000204c1000 WatcherThread [stack: 0x00000000210a0000,0x00000000211a0000] [id=19184]

VM state:not at safepoint (normal execution)

VM Mutex/Monitor currently owned by a thread: None

Heap:
 PSYoungGen      total 992768K, used 57690K [0x0000000756000000, 0x00000007a8800000, 0x00000007c0000000)
  eden space 856064K, 6% used [0x0000000756000000,0x0000000759856848,0x000000078a400000)
  from space 136704K, 0% used [0x000000078a400000,0x000000078a400000,0x0000000792980000)
  to   space 129536K, 0% used [0x00000007a0980000,0x00000007a0980000,0x00000007a8800000)
 ParOldGen       total 318976K, used 75398K [0x0000000682000000, 0x0000000695780000, 0x0000000756000000)
  object space 318976K, 23% used [0x0000000682000000,0x00000006869a1828,0x0000000695780000)
 Metaspace       used 57956K, capacity 59638K, committed 59864K, reserved 1101824K
  class space    used 7213K, capacity 7575K, committed 7680K, reserved 1048576K

Card table byte_map: [0x0000000012910000,0x0000000013310000] byte_map_base: 0x000000000f500000

Marking Bits: (ParMarkBitMap*) 0x000000005dcb2f70
 Begin Bits: [0x0000000013db0000, 0x0000000018d30000)
 End Bits:   [0x0000000018d30000, 0x000000001dcb0000)

Polling page: 0x00000000016f0000

CodeCache: size=245760Kb used=26950Kb max_used=26950Kb free=218809Kb
 bounds [0x0000000003550000, 0x0000000004fc0000, 0x0000000012550000]
 total_blobs=7986 nmethods=7458 adapters=446
 compilation: enabled

Compilation events (10 events):
Event: 776.901 Thread 0x00000000203f6000 9020       3       com.fasterxml.jackson.databind.DeserializationContext::getDateFormat (35 bytes)
Event: 776.901 Thread 0x00000000203f6000 nmethod 9020 0x0000000004fb2710 code [0x0000000004fb28a0, 0x0000000004fb2da8]
Event: 776.901 Thread 0x00000000203f6000 9021       3       com.fasterxml.jackson.databind.util.StdDateFormat::parse (256 bytes)
Event: 776.904 Thread 0x00000000203f6000 nmethod 9021 0x0000000004fb2f10 code [0x0000000004fb3380, 0x0000000004fb5d88]
Event: 776.904 Thread 0x00000000203f6000 9022       3       com.fasterxml.jackson.databind.util.StdDateFormat::looksLikeISO8601 (44 bytes)
Event: 776.904 Thread 0x00000000203f6000 nmethod 9022 0x0000000004fb7b90 code [0x0000000004fb7e00, 0x0000000004fb8ca8]
Event: 776.904 Thread 0x00000000203f6000 9023       3       com.fasterxml.jackson.databind.util.StdDateFormat::hasTimeZone (80 bytes)
Event: 776.905 Thread 0x00000000203f6000 nmethod 9023 0x0000000004fb94d0 code [0x0000000004fb96c0, 0x0000000004fba168]
Event: 785.700 Thread 0x00000000203f6000 9024       1       java.net.InetAddress$InetAddressHolder::getHostName (5 bytes)
Event: 785.700 Thread 0x00000000203f6000 nmethod 9024 0x0000000004fba5d0 code [0x0000000004fba720, 0x0000000004fba830]

GC Heap History (10 events):
Event: 9.040 GC heap before
{Heap before GC invocations=10 (full 1):
 PSYoungGen      total 748032K, used 70538K [0x0000000756000000, 0x00000007a2080000, 0x00000007c0000000)
  eden space 605696K, 0% used [0x0000000756000000,0x0000000756000000,0x000000077af80000)
  from space 142336K, 49% used [0x000000077af80000,0x000000077f462ad8,0x0000000783a80000)
  to   space 138240K, 0% used [0x0000000799980000,0x0000000799980000,0x00000007a2080000)
 ParOldGen       total 217088K, used 167328K [0x0000000682000000, 0x000000068f400000, 0x0000000756000000)
  object space 217088K, 77% used [0x0000000682000000,0x000000068c368118,0x000000068f400000)
 Metaspace       used 20981K, capacity 21216K, committed 21248K, reserved 1069056K
  class space    used 2459K, capacity 2528K, committed 2560K, reserved 1048576K
Event: 9.267 GC heap after
Heap after GC invocations=10 (full 1):
 PSYoungGen      total 748032K, used 0K [0x0000000756000000, 0x00000007a2080000, 0x00000007c0000000)
  eden space 605696K, 0% used [0x0000000756000000,0x0000000756000000,0x000000077af80000)
  from space 142336K, 0% used [0x000000077af80000,0x000000077af80000,0x0000000783a80000)
  to   space 138240K, 0% used [0x0000000799980000,0x0000000799980000,0x00000007a2080000)
 ParOldGen       total 290816K, used 132149K [0x0000000682000000, 0x0000000693c00000, 0x0000000756000000)
  object space 290816K, 45% used [0x0000000682000000,0x000000068a10d468,0x0000000693c00000)
 Metaspace       used 20981K, capacity 21216K, committed 21248K, reserved 1069056K
  class space    used 2459K, capacity 2528K, committed 2560K, reserved 1048576K
}
Event: 13.165 GC heap before
{Heap before GC invocations=11 (full 1):
 PSYoungGen      total 748032K, used 360539K [0x0000000756000000, 0x00000007a2080000, 0x00000007c0000000)
  eden space 605696K, 59% used [0x0000000756000000,0x000000076c016e58,0x000000077af80000)
  from space 142336K, 0% used [0x000000077af80000,0x000000077af80000,0x0000000783a80000)
  to   space 138240K, 0% used [0x0000000799980000,0x0000000799980000,0x00000007a2080000)
 ParOldGen       total 290816K, used 132149K [0x0000000682000000, 0x0000000693c00000, 0x0000000756000000)
  object space 290816K, 45% used [0x0000000682000000,0x000000068a10d468,0x0000000693c00000)
 Metaspace       used 34891K, capacity 35274K, committed 35416K, reserved 1081344K
  class space    used 4061K, capacity 4151K, committed 4224K, reserved 1048576K
Event: 13.207 GC heap after
Heap after GC invocations=11 (full 1):
 PSYoungGen      total 867328K, used 21694K [0x0000000756000000, 0x000000079af00000, 0x00000007c0000000)
  eden space 845312K, 0% used [0x0000000756000000,0x0000000756000000,0x0000000789980000)
  from space 22016K, 98% used [0x0000000799980000,0x000000079aeaf980,0x000000079af00000)
  to   space 136704K, 0% used [0x000000078a400000,0x000000078a400000,0x0000000792980000)
 ParOldGen       total 290816K, used 132157K [0x0000000682000000, 0x0000000693c00000, 0x0000000756000000)
  object space 290816K, 45% used [0x0000000682000000,0x000000068a10f468,0x0000000693c00000)
 Metaspace       used 34891K, capacity 35274K, committed 35416K, reserved 1081344K
  class space    used 4061K, capacity 4151K, committed 4224K, reserved 1048576K
}
Event: 13.207 GC heap before
{Heap before GC invocations=12 (full 2):
 PSYoungGen      total 867328K, used 21694K [0x0000000756000000, 0x000000079af00000, 0x00000007c0000000)
  eden space 845312K, 0% used [0x0000000756000000,0x0000000756000000,0x0000000789980000)
  from space 22016K, 98% used [0x0000000799980000,0x000000079aeaf980,0x000000079af00000)
  to   space 136704K, 0% used [0x000000078a400000,0x000000078a400000,0x0000000792980000)
 ParOldGen       total 290816K, used 132157K [0x0000000682000000, 0x0000000693c00000, 0x0000000756000000)
  object space 290816K, 45% used [0x0000000682000000,0x000000068a10f468,0x0000000693c00000)
 Metaspace       used 34891K, capacity 35274K, committed 35416K, reserved 1081344K
  class space    used 4061K, capacity 4151K, committed 4224K, reserved 1048576K
Event: 13.413 GC heap after
Heap after GC invocations=12 (full 2):
 PSYoungGen      total 867328K, used 0K [0x0000000756000000, 0x000000079af00000, 0x00000007c0000000)
  eden space 845312K, 0% used [0x0000000756000000,0x0000000756000000,0x0000000789980000)
  from space 22016K, 0% used [0x0000000799980000,0x0000000799980000,0x000000079af00000)
  to   space 136704K, 0% used [0x000000078a400000,0x000000078a400000,0x0000000792980000)
 ParOldGen       total 288768K, used 83452K [0x0000000682000000, 0x0000000693a00000, 0x0000000756000000)
  object space 288768K, 28% used [0x0000000682000000,0x000000068717f310,0x0000000693a00000)
 Metaspace       used 34891K, capacity 35274K, committed 35416K, reserved 1081344K
  class space    used 4061K, capacity 4151K, committed 4224K, reserved 1048576K
}
Event: 236.777 GC heap before
{Heap before GC invocations=13 (full 2):
 PSYoungGen      total 867328K, used 615247K [0x0000000756000000, 0x000000079af00000, 0x00000007c0000000)
  eden space 845312K, 72% used [0x0000000756000000,0x000000077b8d3d40,0x0000000789980000)
  from space 22016K, 0% used [0x0000000799980000,0x0000000799980000,0x000000079af00000)
  to   space 136704K, 0% used [0x000000078a400000,0x000000078a400000,0x0000000792980000)
 ParOldGen       total 288768K, used 83452K [0x0000000682000000, 0x0000000693a00000, 0x0000000756000000)
  object space 288768K, 28% used [0x0000000682000000,0x000000068717f310,0x0000000693a00000)
 Metaspace       used 57287K, capacity 58888K, committed 58968K, reserved 1101824K
  class space    used 7179K, capacity 7546K, committed 7552K, reserved 1048576K
Event: 236.828 GC heap after
Heap after GC invocations=13 (full 2):
 PSYoungGen      total 992768K, used 50351K [0x0000000756000000, 0x00000007a8800000, 0x00000007c0000000)
  eden space 856064K, 0% used [0x0000000756000000,0x0000000756000000,0x000000078a400000)
  from space 136704K, 36% used [0x000000078a400000,0x000000078d52bec8,0x0000000792980000)
  to   space 129536K, 0% used [0x00000007a0980000,0x00000007a0980000,0x00000007a8800000)
 ParOldGen       total 288768K, used 83468K [0x0000000682000000, 0x0000000693a00000, 0x0000000756000000)
  object space 288768K, 28% used [0x0000000682000000,0x0000000687183310,0x0000000693a00000)
 Metaspace       used 57287K, capacity 58888K, committed 58968K, reserved 1101824K
  class space    used 7179K, capacity 7546K, committed 7552K, reserved 1048576K
}
Event: 236.828 GC heap before
{Heap before GC invocations=14 (full 3):
 PSYoungGen      total 992768K, used 50351K [0x0000000756000000, 0x00000007a8800000, 0x00000007c0000000)
  eden space 856064K, 0% used [0x0000000756000000,0x0000000756000000,0x000000078a400000)
  from space 136704K, 36% used [0x000000078a400000,0x000000078d52bec8,0x0000000792980000)
  to   space 129536K, 0% used [0x00000007a0980000,0x00000007a0980000,0x00000007a8800000)
 ParOldGen       total 288768K, used 83468K [0x0000000682000000, 0x0000000693a00000, 0x0000000756000000)
  object space 288768K, 28% used [0x0000000682000000,0x0000000687183310,0x0000000693a00000)
 Metaspace       used 57287K, capacity 58888K, committed 58968K, reserved 1101824K
  class space    used 7179K, capacity 7546K, committed 7552K, reserved 1048576K
Event: 237.152 GC heap after
Heap after GC invocations=14 (full 3):
 PSYoungGen      total 992768K, used 0K [0x0000000756000000, 0x00000007a8800000, 0x00000007c0000000)
  eden space 856064K, 0% used [0x0000000756000000,0x0000000756000000,0x000000078a400000)
  from space 136704K, 0% used [0x000000078a400000,0x000000078a400000,0x0000000792980000)
  to   space 129536K, 0% used [0x00000007a0980000,0x00000007a0980000,0x00000007a8800000)
 ParOldGen       total 318976K, used 75398K [0x0000000682000000, 0x0000000695780000, 0x0000000756000000)
  object space 318976K, 23% used [0x0000000682000000,0x00000006869a1828,0x0000000695780000)
 Metaspace       used 57287K, capacity 58888K, committed 58968K, reserved 1101824K
  class space    used 7179K, capacity 7546K, committed 7552K, reserved 1048576K
}

Deoptimization events (10 events):
Event: 237.290 Thread 0x000000002183c800 Uncommon trap: reason=unhandled action=none pc=0x0000000003899020 method=java.net.URLClassLoader.findClass(Ljava/lang/String;)Ljava/lang/Class; @ 44
Event: 237.290 Thread 0x000000002183c800 Uncommon trap: reason=unhandled action=none pc=0x0000000004ab6a7c method=java.net.URLClassLoader.findClass(Ljava/lang/String;)Ljava/lang/Class; @ 44
Event: 237.290 Thread 0x000000002183c800 Uncommon trap: reason=unhandled action=none pc=0x0000000003899020 method=java.net.URLClassLoader.findClass(Ljava/lang/String;)Ljava/lang/Class; @ 44
Event: 237.291 Thread 0x000000002183c800 Uncommon trap: reason=unhandled action=none pc=0x0000000004ab6a7c method=java.net.URLClassLoader.findClass(Ljava/lang/String;)Ljava/lang/Class; @ 44
Event: 237.291 Thread 0x000000002183c800 Uncommon trap: reason=unhandled action=none pc=0x0000000003899020 method=java.net.URLClassLoader.findClass(Ljava/lang/String;)Ljava/lang/Class; @ 44
Event: 311.142 Thread 0x00000000214dc000 Uncommon trap: reason=unhandled action=none pc=0x0000000004ab6a7c method=java.net.URLClassLoader.findClass(Ljava/lang/String;)Ljava/lang/Class; @ 44
Event: 311.143 Thread 0x00000000214dc000 Uncommon trap: reason=unhandled action=none pc=0x0000000003899020 method=java.net.URLClassLoader.findClass(Ljava/lang/String;)Ljava/lang/Class; @ 44
Event: 311.143 Thread 0x00000000214dc000 Uncommon trap: reason=unhandled action=none pc=0x0000000004ab6a7c method=java.net.URLClassLoader.findClass(Ljava/lang/String;)Ljava/lang/Class; @ 44
Event: 311.143 Thread 0x00000000214dc000 Uncommon trap: reason=unhandled action=none pc=0x0000000003899020 method=java.net.URLClassLoader.findClass(Ljava/lang/String;)Ljava/lang/Class; @ 44
Event: 776.883 Thread 0x000000002183d000 Uncommon trap: reason=null_check action=make_not_entrant pc=0x0000000004f7e838 method=com.fasterxml.jackson.databind.deser.impl.BeanPropertyMap.find(Ljava/lang/String;)Lcom/fasterxml/jackson/databind/deser/SettableBeanProperty; @ 57

Internal exceptions (10 events):
Event: 746.935 Thread 0x000000002183f800 Exception <a 'java/net/SocketTimeoutException': Read timed out> (0x00000007595d39f8) thrown at [C:\re\workspace\8-2-build-windows-amd64-cygwin\jdk8u91\7017\hotspot\src\share\vm\prims\jni.cpp, line 735]
Event: 746.942 Thread 0x000000002183f800 Exception <a 'java/net/SocketTimeoutException': Read timed out> (0x00000007595ec1c8) thrown at [C:\re\workspace\8-2-build-windows-amd64-cygwin\jdk8u91\7017\hotspot\src\share\vm\prims\jni.cpp, line 735]
Event: 776.699 Thread 0x0000000021854800 Exception <a 'java/net/SocketTimeoutException': Read timed out> (0x0000000756f33628) thrown at [C:\re\workspace\8-2-build-windows-amd64-cygwin\jdk8u91\7017\hotspot\src\share\vm\prims\jni.cpp, line 735]
Event: 776.783 Thread 0x0000000021854800 Exception <a 'java/net/SocketTimeoutException': Read timed out> (0x0000000756f64800) thrown at [C:\re\workspace\8-2-build-windows-amd64-cygwin\jdk8u91\7017\hotspot\src\share\vm\prims\jni.cpp, line 735]
Event: 776.797 Thread 0x000000002183d000 Exception <a 'java/net/SocketTimeoutException': Read timed out> (0x0000000758df0960) thrown at [C:\re\workspace\8-2-build-windows-amd64-cygwin\jdk8u91\7017\hotspot\src\share\vm\prims\jni.cpp, line 735]
Event: 776.881 Thread 0x000000002183d000 Exception <a 'java/net/SocketTimeoutException': Read timed out> (0x0000000758e21d58) thrown at [C:\re\workspace\8-2-build-windows-amd64-cygwin\jdk8u91\7017\hotspot\src\share\vm\prims\jni.cpp, line 735]
Event: 776.883 Thread 0x000000002183d000 Implicit null exception at 0x0000000004f7dfea to 0x0000000004f7e821
Event: 776.884 Thread 0x000000002183d000 Exception <a 'java/net/SocketTimeoutException': Read timed out> (0x0000000758e34148) thrown at [C:\re\workspace\8-2-build-windows-amd64-cygwin\jdk8u91\7017\hotspot\src\share\vm\prims\jni.cpp, line 735]
Event: 776.889 Thread 0x000000002183d000 Exception <a 'java/net/SocketTimeoutException': Read timed out> (0x0000000758e3b408) thrown at [C:\re\workspace\8-2-build-windows-amd64-cygwin\jdk8u91\7017\hotspot\src\share\vm\prims\jni.cpp, line 735]
Event: 776.895 Thread 0x000000002183d000 Exception <a 'java/net/SocketTimeoutException': Read timed out> (0x0000000758e53c00) thrown at [C:\re\workspace\8-2-build-windows-amd64-cygwin\jdk8u91\7017\hotspot\src\share\vm\prims\jni.cpp, line 735]

Events (10 events):
Event: 776.895 Thread 0x000000002183d000 DEOPT PACKING pc=0x0000000004565a3c sp=0x000000002219b8e0
Event: 776.895 Thread 0x000000002183d000 DEOPT UNPACKING pc=0x000000000359787f sp=0x000000002219b5f8 mode 1
Event: 776.895 Thread 0x000000002183d000 DEOPT PACKING pc=0x00000000040092ac sp=0x000000002219b9e0
Event: 776.895 Thread 0x000000002183d000 DEOPT UNPACKING pc=0x000000000359787f sp=0x000000002219b710 mode 1
Event: 776.895 Thread 0x000000002183d000 DEOPT PACKING pc=0x0000000004634b64 sp=0x000000002219ba40
Event: 776.895 Thread 0x000000002183d000 DEOPT UNPACKING pc=0x000000000359787f sp=0x000000002219b7a0 mode 1
Event: 776.895 Thread 0x000000002183d000 DEOPT PACKING pc=0x0000000003bf4084 sp=0x000000002219bad0
Event: 776.895 Thread 0x000000002183d000 DEOPT UNPACKING pc=0x000000000359787f sp=0x000000002219b7f8 mode 1
Event: 804.610 Executing VM operation: RedefineClasses
Event: 804.655 Executing VM operation: RedefineClasses done


Dynamic libraries:
0x00007ff711640000 - 0x00007ff711677000 	C:\Program Files\Java\jdk1.8.0_91\bin\javaw.exe
0x00007ffe48700000 - 0x00007ffe488d1000 	C:\WINDOWS\SYSTEM32\ntdll.dll
0x00007ffe48260000 - 0x00007ffe4830b000 	C:\WINDOWS\System32\KERNEL32.DLL
0x00007ffe44bf0000 - 0x00007ffe44e0d000 	C:\WINDOWS\System32\KERNELBASE.dll
0x00007ffe43100000 - 0x00007ffe4317a000 	C:\WINDOWS\system32\apphelp.dll
0x00007ffe460e0000 - 0x00007ffe46182000 	C:\WINDOWS\System32\ADVAPI32.dll
0x00007ffe484d0000 - 0x00007ffe4856e000 	C:\WINDOWS\System32\msvcrt.dll
0x00007ffe46760000 - 0x00007ffe467b9000 	C:\WINDOWS\System32\sechost.dll
0x00007ffe46a90000 - 0x00007ffe46bb1000 	C:\WINDOWS\System32\RPCRT4.dll
0x00007ffe45c90000 - 0x00007ffe45df5000 	C:\WINDOWS\System32\USER32.dll
0x00007ffe45880000 - 0x00007ffe4589e000 	C:\WINDOWS\System32\win32u.dll
0x00007ffe466b0000 - 0x00007ffe466e4000 	C:\WINDOWS\System32\GDI32.dll
0x00007ffe44ec0000 - 0x00007ffe45042000 	C:\WINDOWS\System32\gdi32full.dll
0x00007ffe27fe0000 - 0x00007ffe2825a000 	C:\WINDOWS\WinSxS\amd64_microsoft.windows.common-controls_6595b64144ccf1df_6.0.14393.953_none_42151e83c686086b\COMCTL32.dll
0x00007ffe467c0000 - 0x00007ffe46a88000 	C:\WINDOWS\System32\combase.dll
0x00007ffe45950000 - 0x00007ffe45a45000 	C:\WINDOWS\System32\ucrtbase.dll
0x00007ffe45a50000 - 0x00007ffe45aba000 	C:\WINDOWS\System32\bcryptPrimitives.dll
0x00007ffe46190000 - 0x00007ffe461be000 	C:\WINDOWS\System32\IMM32.DLL
0x000000005cff0000 - 0x000000005d0c2000 	C:\Program Files\Java\jdk1.8.0_91\jre\bin\msvcr100.dll
0x000000005d4a0000 - 0x000000005dd33000 	C:\Program Files\Java\jdk1.8.0_91\jre\bin\server\jvm.dll
0x00007ffe48240000 - 0x00007ffe48248000 	C:\WINDOWS\System32\PSAPI.DLL
0x00007ffe2a310000 - 0x00007ffe2a319000 	C:\WINDOWS\SYSTEM32\WSOCK32.dll
0x00007ffe42b30000 - 0x00007ffe42b53000 	C:\WINDOWS\SYSTEM32\WINMM.dll
0x00007ffe36680000 - 0x00007ffe3668a000 	C:\WINDOWS\SYSTEM32\VERSION.dll
0x00007ffe466f0000 - 0x00007ffe4675a000 	C:\WINDOWS\System32\WS2_32.dll
0x00007ffe42a40000 - 0x00007ffe42a6b000 	C:\WINDOWS\SYSTEM32\WINMMBASE.dll
0x00007ffe44e10000 - 0x00007ffe44e52000 	C:\WINDOWS\System32\cfgmgr32.dll
0x000000005e110000 - 0x000000005e11f000 	C:\Program Files\Java\jdk1.8.0_91\jre\bin\verify.dll
0x000000005e0e0000 - 0x000000005e109000 	C:\Program Files\Java\jdk1.8.0_91\jre\bin\java.dll
0x000000005d350000 - 0x000000005d385000 	C:\Program Files\Java\jdk1.8.0_91\jre\bin\jdwp.dll
0x000000005e0d0000 - 0x000000005e0d8000 	C:\Program Files\Java\jdk1.8.0_91\jre\bin\npt.dll
0x000000005d450000 - 0x000000005d466000 	C:\Program Files\Java\jdk1.8.0_91\jre\bin\zip.dll
0x00007ffe46bd0000 - 0x00007ffe480d8000 	C:\WINDOWS\System32\SHELL32.dll
0x00007ffe450f0000 - 0x00007ffe457ca000 	C:\WINDOWS\System32\windows.storage.dll
0x00007ffe44b80000 - 0x00007ffe44bcc000 	C:\WINDOWS\System32\powrprof.dll
0x00007ffe48630000 - 0x00007ffe48682000 	C:\WINDOWS\System32\shlwapi.dll
0x00007ffe44b70000 - 0x00007ffe44b7f000 	C:\WINDOWS\System32\kernel.appcore.dll
0x00007ffe458a0000 - 0x00007ffe45949000 	C:\WINDOWS\System32\shcore.dll
0x00007ffe44bd0000 - 0x00007ffe44be4000 	C:\WINDOWS\System32\profapi.dll
0x000000005d340000 - 0x000000005d349000 	C:\Program Files\Java\jdk1.8.0_91\jre\bin\dt_socket.dll
0x00007ffe251e0000 - 0x00007ffe251f6000 	C:\WINDOWS\system32\napinsp.dll
0x00007ffe25200000 - 0x00007ffe2521a000 	C:\WINDOWS\system32\pnrpnsp.dll
0x00007ffe3e640000 - 0x00007ffe3e658000 	C:\WINDOWS\system32\NLAapi.dll
0x00007ffe44490000 - 0x00007ffe444ec000 	C:\WINDOWS\System32\mswsock.dll
0x00007ffe44250000 - 0x00007ffe442f1000 	C:\WINDOWS\SYSTEM32\DNSAPI.dll
0x00007ffe46bc0000 - 0x00007ffe46bc8000 	C:\WINDOWS\System32\NSI.dll
0x00007ffe44210000 - 0x00007ffe44248000 	C:\WINDOWS\SYSTEM32\IPHLPAPI.DLL
0x00007ffe25220000 - 0x00007ffe2522e000 	C:\WINDOWS\System32\winrnr.dll
0x00007ffe25230000 - 0x00007ffe25245000 	C:\WINDOWS\System32\wshbth.dll
0x00007ffe3a980000 - 0x00007ffe3a9ea000 	C:\WINDOWS\System32\fwpuclnt.dll
0x00007ffe44aa0000 - 0x00007ffe44acb000 	C:\WINDOWS\SYSTEM32\bcrypt.dll
0x00007ffe39c10000 - 0x00007ffe39c1a000 	C:\Windows\System32\rasadhlp.dll
0x000000005d430000 - 0x000000005d44a000 	C:\Program Files\Java\jdk1.8.0_91\jre\bin\net.dll
0x000000005d330000 - 0x000000005d33d000 	C:\Program Files\Java\jdk1.8.0_91\jre\bin\management.dll
0x000000005d410000 - 0x000000005d421000 	C:\Program Files\Java\jdk1.8.0_91\jre\bin\nio.dll
0x00007ffe44630000 - 0x00007ffe44647000 	C:\WINDOWS\SYSTEM32\CRYPTSP.dll
0x00007ffe44090000 - 0x00007ffe440c3000 	C:\WINDOWS\system32\rsaenh.dll
0x00007ffe44310000 - 0x00007ffe4432f000 	C:\WINDOWS\SYSTEM32\USERENV.dll
0x00007ffe44650000 - 0x00007ffe4465b000 	C:\WINDOWS\SYSTEM32\CRYPTBASE.dll
0x00007ffe3b5c0000 - 0x00007ffe3b5d6000 	C:\WINDOWS\SYSTEM32\dhcpcsvc6.DLL
0x00007ffe3b540000 - 0x00007ffe3b55a000 	C:\WINDOWS\SYSTEM32\dhcpcsvc.DLL
0x000000005d3e0000 - 0x000000005d404000 	C:\Program Files\Java\jdk1.8.0_91\jre\bin\sunec.dll
0x000000005d320000 - 0x000000005d32b000 	C:\Program Files\Java\jdk1.8.0_91\jre\bin\sunmscapi.dll
0x00007ffe45ac0000 - 0x00007ffe45c89000 	C:\WINDOWS\System32\CRYPT32.dll
0x00007ffe44b60000 - 0x00007ffe44b70000 	C:\WINDOWS\System32\MSASN1.dll
0x00007ffe3e170000 - 0x00007ffe3e302000 	C:\WINDOWS\SYSTEM32\dbghelp.dll

VM Arguments:
jvm_args: -agentlib:jdwp=transport=dt_socket,suspend=y,address=localhost:56153 -Drjrcontext=/core -Drjrwebapp=C:\Hacks\NemakiWare\core\src\main\webapp -Drjrport=8080 -Drjrsslport=8443 -Drjrkeystore=C:\Users\takuma.sugimoto\.keystore -Drjrkeypassword=changeit -Drjrpassword=changeit -Drjrscanintervalseconds=5 -Drjrenablescanner=false -DrjrignoreScanClassFile=true -Drjrenablessl=false -Drjrneedclientauth=false -Drjrparentloaderpriority=true -DrjrenbaleJNDI=false -XX:MaxPermSize=128m -Drjrclasspath=file://C:\Hacks\EclipseWorkspace\.metadata\.plugins\runjettyrun\core.classpath -Drjrscanlist=file://C:\Hacks\EclipseWorkspace\.metadata\.plugins\runjettyrun\core.scanlist -DrjrResourceMapping= -DrjrEclipseListener=53583 -Dfile.encoding=UTF-8 
java_command: runjettyrun.Bootstrap
java_class_path (initial): C:\App\eclipse\configuration\org.eclipse.osgi\1141\0\.cp\lib\jetty-servlet-9.3.6.v20151106.jar;C:\App\eclipse\configuration\org.eclipse.osgi\1141\0\.cp\lib\websocket\javax-websocket-client-impl-9.3.6.v20151106.jar;C:\App\eclipse\configuration\org.eclipse.osgi\1141\0\.cp\lib\jetty-proxy-9.3.6.v20151106.jar;C:\App\eclipse\configuration\org.eclipse.osgi\1141\0\.cp\lib\jetty-security-9.3.6.v20151106.jar;C:\App\eclipse\configuration\org.eclipse.osgi\1141\0\.cp\lib\jetty-continuation-9.3.6.v20151106.jar;C:\App\eclipse\configuration\org.eclipse.osgi\1141\0\.cp\lib\jetty-deploy-9.3.6.v20151106.jar;C:\App\eclipse\configuration\org.eclipse.osgi\1141\0\.cp\lib\spring\jetty-spring-9.3.6.v20151106.jar;C:\App\eclipse\configuration\org.eclipse.osgi\1141\0\.cp\lib\websocket\javax-websocket-server-impl-9.3.6.v20151106.jar;C:\App\eclipse\configuration\org.eclipse.osgi\1141\0\.cp\lib\jetty-nosql-9.3.6.v20151106.jar;C:\App\eclipse\configuration\org.eclipse.osgi\1141\0\.cp\lib\jetty-alpn-server-9.3.6.v20151106.jar;C:\App\eclipse\configuration\org.eclipse.osgi\1141\0\.cp\lib\websocket\javax.websocket-api-1.0.jar;C:\App\eclipse\configuration\org.eclipse.osgi\1141\0\.cp\lib\monitor\jetty-monitor-9.3.6.v20151106.jar;C:\App\eclipse\configuration\org.eclipse.osgi\1141\0\.cp\lib\jetty-schemas-3.1.jar;C:\App\eclipse\configuration\org.eclipse.osgi\1141\0\.cp\lib\websocket\websocket-common-9.3.6.v20151106.jar;C:\App\eclipse\configuration\org.eclipse.osgi\1141\0\.cp\lib\jetty-jndi-9.3.6.v20151106.jar;C:\App\eclipse\configuration\org.eclipse.osgi\1141\0\.cp\lib\websocket\websocket-api-9.3.6.v20151106.jar;C:\App\eclipse\configuration\org.eclipse.osgi\1141\0\.cp\lib\jetty-annotations-9.3.6.v20151106.jar;C:\App\eclipse\configuration\org.eclipse.osgi\1141\0\.cp\lib\apache-jstl\org.apache.taglibs.taglibs-standard-spec-1.2.5.jar;C:\App\eclipse\configuration\org.eclipse.osgi\1141\0\.cp\lib\jetty-rewrite-9.3.6.v20151106.jar;C:\App\eclipse\configuration\org.eclipse.osgi\1141\0\.
Launcher Type: SUN_STANDARD

Environment Variables:
JAVA_HOME=C:\Program Files\Java\jdk1.8.0_91
JRE_HOME=%JAVA_HOME%\jre
PATH=C:\Program Files\Java\jdk1.8.0_91\jre\bin;C:/Program Files/Java/jdk1.8.0_91/bin/../jre/bin/server;C:/Program Files/Java/jdk1.8.0_91/bin/../jre/bin;C:/Program Files/Java/jdk1.8.0_91/bin/../jre/lib/amd64;C:\Program Files\PostgreSQL\9.5\bin;C:\Program Files\Oracle\VirtualBox;C:\Program Files (x86)\WiX Toolset v3.11\\bin;C:\Java\maven\bin;C:\Program Files\Java\jdk1.8.0_91\bin;C:\ProgramData\Oracle\Java\javapath;C:\Program Files (x86)\Intel\iCLS Client\;C:\Program Files\Intel\iCLS Client\;C:\WINDOWS\system32;C:\WINDOWS;C:\WINDOWS\System32\Wbem;C:\WINDOWS\System32\WindowsPowerShell\v1.0\;C:\Program Files (x86)\Intel\Intel(R) Management Engine Components\DAL;C:\Program Files\Intel\Intel(R) Management Engine Components\DAL;C:\Program Files (x86)\Intel\Intel(R) Management Engine Components\IPT;C:\Program Files\Intel\Intel(R) Management Engine Components\IPT;C:\Program Files\Microsoft SQL Server\120\Tools\Binn\;C:\Program Files\Microsoft SQL Server\130\Tools\Binn\;C:\Program Files\WinMerge;C:\Program Files\Microsoft SQL Server\Client SDK\ODBC\110\Tools\Binn\;C:\Program Files (x86)\Microsoft SQL Server\120\Tools\Binn\;C:\Program Files\Microsoft SQL Server\120\DTS\Binn\;C:\Program Files (x86)\Microsoft SQL Server\120\Tools\Binn\ManagementStudio\;C:\Program Files (x86)\Microsoft SQL Server\120\DTS\Binn\;C:\Program Files\Microsoft\Web Platform Installer\;C:\Program Files (x86)\Windows Kits\10\Windows Performance Toolkit\;C:\Program Files (x86)\sbt\bin;C:\Program Files\TortoiseGit\bin;C:\Program Files\Git LFS;C:\Program Files (x86)\PuTTY\;C:\Program Files\Git\cmd;C:\Program Files\dotnet\;C:\Program Files\Intel\WiFi\bin\;C:\Program Files\Common Files\Intel\WirelessCommon\;C:\Program Files (x86)\Microsoft VS Code\bin;%USERPROFILE%\AppData\Local\Microsoft\WindowsApps;;C:\App\eclipse;
USERNAME=takuma.sugimoto
OS=Windows_NT
PROCESSOR_IDENTIFIER=Intel64 Family 6 Model 78 Stepping 3, GenuineIntel



---------------  S Y S T E M  ---------------

OS: Windows 10.0 , 64 bit Build 14393 (10.0.14393.0)

CPU:total 4 (2 cores per cpu, 2 threads per core) family 6 model 78 stepping 3, cmov, cx8, fxsr, mmx, sse, sse2, sse3, ssse3, sse4.1, sse4.2, popcnt, avx, avx2, aes, clmul, erms, rtm, 3dnowpref, lzcnt, ht, tsc, tscinvbit, bmi1, bmi2, adx

Memory: 4k page, physical 20835452k(9648716k free), swap 23981180k(4826028k free)

vm_info: Java HotSpot(TM) 64-Bit Server VM (25.91-b15) for windows-amd64 JRE (1.8.0_91-b15), built on May 20 2016 17:43:15 by "java_re" with MS VC++ 10.0 (VS2010)

time: Tue Apr 25 19:24:58 2017
elapsed time: 804 seconds (0d 0h 13m 24s)

