#
# A fatal error has been detected by the Java Runtime Environment:
#
#  SIGBUS (0xa) at pc=0x000000010b9e2eb9, pid=5317, tid=23099
#
# JRE version: Java(TM) SE Runtime Environment (8.0_25-b18) (build 1.8.0_25-b18)
# Java VM: Java HotSpot(TM) 64-Bit Server VM (25.25-b02 mixed mode bsd-amd64 compressed oops)
# Problematic frame:
# C  [libzip.dylib+0x2eb9]  newEntry+0x154
#
# Failed to write core dump. Core dumps have been disabled. To enable core dumping, try "ulimit -c unlimited" before starting Java again
#
# If you would like to submit a bug report, please visit:
#   http://bugreport.sun.com/bugreport/crash.jsp
# The crash happened outside the Java Virtual Machine in native code.
# See problematic frame for where to report the bug.
#

---------------  T H R E A D  ---------------

Current thread (0x00007fac8954b800):  JavaThread "Thread-1" [_thread_in_native, id=23099, stack(0x000000013cc54000,0x000000013cd54000)]

siginfo: si_signo: 10 (SIGBUS), si_code: 2 (BUS_ADRERR), si_addr: 0x0000000129ab301e

Registers:
RAX=0x00007fac88c0bfe0, RBX=0x0000000129ab3012, RCX=0x0000000000000001, RDX=0x0000000000000608
RSP=0x000000013cd50f00, RBP=0x000000013cd50f60, RSI=0x00007fac8b500000, RDI=0x000000010b779a00
R8 =0x0000000000000004, R9 =0x00000000fffffc00, R10=0x000000010d3ea2d8, R11=0xfffffff9d188885e
R12=0x00007fac89064400, R13=0x0000000000000890, R14=0x000000006bd98a71, R15=0x00007fac8b554000
RIP=0x000000010b9e2eb9, EFLAGS=0x0000000000010206, ERR=0x0000000000000004
  TRAPNO=0x000000000000000e

Top of Stack: (sp=0x000000013cd50f00)
0x000000013cd50f00:   00000000000000bc 000000003cd51098
0x000000013cd50f10:   000000013cd50f30 000000010c6428f2
0x000000013cd50f20:   000000013cd50f40 00007fac88c0bfe0
0x000000013cd50f30:   00007fac8b568450 00007fac88c0bfe0
0x000000013cd50f40:   00007fac89064400 0000000000000890
0x000000013cd50f50:   000000006bd98a71 00007fac8b554000
0x000000013cd50f60:   000000013cd50fc0 000000010b9e3554
0x000000013cd50f70:   000000013cd5100f 000000013cd5100e
0x000000013cd50f80:   0000002f00000000 000000300154b800
0x000000013cd50f90:   000000013cd50fde 000000013cd51428
0x000000013cd50fa0:   0000000000000030 000000013cd50fde
0x000000013cd50fb0:   00007fac88c0bfe0 00007fac8954b9e8
0x000000013cd50fc0:   000000013cd51410 000000010b9e234f
0x000000013cd50fd0:   000000013cd51610 6f63000100000001
0x000000013cd50fe0:   67726f667a692f6d 6b6361707a692f65
0x000000013cd50ff0:   6c6c6174736e692f 736e696e552f7265
0x000000013cd51000:   617461446c6c6174 00007373616c632e
0x000000013cd51010:   000000013cd522a0 000000010d1bb779
0x000000013cd51020:   000000010d1bb710 0000000000000000
0x000000013cd51030:   000000013cd522a0 000000013cd522a0
0x000000013cd51040:   00007fff7ca376b8 00000000ffffffff
0x000000013cd51050:   00007fac00000000 000000012f0ac990
0x000000013cd51060:   00007fac8954b800 0000000100000000
0x000000013cd51070:   0000000026103818 000000012f0ac990
0x000000013cd51080:   0000000000000000 000000012f0ac990
0x000000013cd51090:   000000013cd51460 000000013cd510a8
0x000000013cd510a0:   0000000000000000 000000010c7ac7f1
0x000000013cd510b0:   0000000000000001 000000013cd5128c
0x000000013cd510c0:   0000000000000004 000000013cd51287
0x000000013cd510d0:   0000000000000009 000000013cd51268
0x000000013cd510e0:   0000000126103088 00000000ffffffc8
0x000000013cd510f0:   000000013cd51520 00007fff9613e006 

Instructions: (pc=0x000000010b9e2eb9)
0x000000010b9e2e99:   49 8b 7f 38 e8 50 1b 00 00 4d 89 77 38 49 89 5f
0x000000010b9e2ea9:   40 4c 89 f0 48 85 c0 0f 84 11 05 00 00 48 89 c3
0x000000010b9e2eb9:   0f b6 43 0c 0f b6 4b 0d 48 c1 e1 08 48 01 c1 0f
0x000000010b9e2ec9:   b6 43 0e 0f b6 53 0f 48 c1 e2 08 48 01 c2 48 c1 

Register to memory mapping:

RAX=0x00007fac88c0bfe0 is an unknown value
RBX=0x0000000129ab3012 is an unknown value
RCX=0x0000000000000001 is an unknown value
RDX=0x0000000000000608 is an unknown value
RSP=0x000000013cd50f00 is pointing into the stack for thread: 0x00007fac8954b800
RBP=0x000000013cd50f60 is pointing into the stack for thread: 0x00007fac8954b800
RSI=0x00007fac8b500000 is a weak global jni handle
RDI=0x000000010b779a00 is an unknown value
R8 =0x0000000000000004 is an unknown value
R9 =0x00000000fffffc00 is an unknown value
R10=0x000000010d3ea2d8 is at entry_point+88 in (nmethod*)0x000000010d3ea110
R11=0xfffffff9d188885e is an unknown value
R12=0x00007fac89064400 is an unknown value
R13=0x0000000000000890 is an unknown value
R14=0x000000006bd98a71 is an unknown value
R15=0x00007fac8b554000 is an unknown value


Stack: [0x000000013cc54000,0x000000013cd54000],  sp=0x000000013cd50f00,  free space=1011k
Native frames: (J=compiled Java code, j=interpreted, Vv=VM code, C=native code)
C  [libzip.dylib+0x2eb9]  newEntry+0x154
C  [libzip.dylib+0x3554]  ZIP_GetEntry2+0xd4
C  [libzip.dylib+0x234f]  Java_java_util_zip_ZipFile_getEntry+0xcf
J 706  java.util.zip.ZipFile.getEntry(J[BZ)J (0 bytes) @ 0x000000010d3ea34e [0x000000010d3ea280+0xce]
J 966 C1 java.util.zip.ZipFile.getEntry(Ljava/lang/String;)Ljava/util/zip/ZipEntry; (86 bytes) @ 0x000000010d47f1cc [0x000000010d47ef60+0x26c]
J 965 C1 java.util.jar.JarFile.getEntry(Ljava/lang/String;)Ljava/util/zip/ZipEntry; (22 bytes) @ 0x000000010d257e24 [0x000000010d257da0+0x84]
J 104 C1 sun.misc.URLClassPath$JarLoader.getResource(Ljava/lang/String;Z)Lsun/misc/Resource; (85 bytes) @ 0x000000010d28baac [0x000000010d28b640+0x46c]
J 1200 C1 sun.misc.URLClassPath.getResource(Ljava/lang/String;Z)Lsun/misc/Resource; (74 bytes) @ 0x000000010d51f29c [0x000000010d51f160+0x13c]
j  java.net.URLClassLoader$1.run()Ljava/lang/Class;+26
j  java.net.URLClassLoader$1.run()Ljava/lang/Object;+1
v  ~StubRoutines::call_stub
V  [libjvm.dylib+0x2d4666]  JavaCalls::call_helper(JavaValue*, methodHandle*, JavaCallArguments*, Thread*)+0x6ae
V  [libjvm.dylib+0x32b002]  JVM_DoPrivileged+0x4b8
j  java.security.AccessController.doPrivileged(Ljava/security/PrivilegedExceptionAction;Ljava/security/AccessControlContext;)Ljava/lang/Object;+0
j  java.net.URLClassLoader.findClass(Ljava/lang/String;)Ljava/lang/Class;+13
J 198 C1 java.lang.ClassLoader.loadClass(Ljava/lang/String;Z)Ljava/lang/Class; (122 bytes) @ 0x000000010d2bd044 [0x000000010d2bc6e0+0x964]
J 973 C1 sun.misc.Launcher$AppClassLoader.loadClass(Ljava/lang/String;Z)Ljava/lang/Class; (40 bytes) @ 0x000000010d4811f4 [0x000000010d480dc0+0x434]
J 401 C1 java.lang.ClassLoader.loadClass(Ljava/lang/String;)Ljava/lang/Class; (7 bytes) @ 0x000000010d3435c4 [0x000000010d3434c0+0x104]
v  ~StubRoutines::call_stub
V  [libjvm.dylib+0x2d4666]  JavaCalls::call_helper(JavaValue*, methodHandle*, JavaCallArguments*, Thread*)+0x6ae
V  [libjvm.dylib+0x2d4df4]  JavaCalls::call_virtual(JavaValue*, KlassHandle, Symbol*, Symbol*, JavaCallArguments*, Thread*)+0x164
V  [libjvm.dylib+0x2d4f4c]  JavaCalls::call_virtual(JavaValue*, Handle, KlassHandle, Symbol*, Symbol*, Handle, Thread*)+0x56
V  [libjvm.dylib+0x5096a2]  SystemDictionary::load_instance_class(Symbol*, Handle, Thread*)+0x2e0
V  [libjvm.dylib+0x508e33]  SystemDictionary::resolve_instance_class_or_null(Symbol*, Handle, Handle, Thread*)+0x48f
V  [libjvm.dylib+0x5098be]  SystemDictionary::resolve_or_null(Symbol*, Handle, Handle, Thread*)+0x106
V  [libjvm.dylib+0x509d9b]  SystemDictionary::resolve_or_fail(Symbol*, Handle, Handle, bool, Thread*)+0x31
V  [libjvm.dylib+0x1d602e]  ConstantPool::klass_at_impl(constantPoolHandle, int, Thread*)+0x2ee
V  [libjvm.dylib+0x4269e2]  ConstantPool::klass_at(int, Thread*)+0x92
V  [libjvm.dylib+0x3a349a]  LinkResolver::resolve_pool(KlassHandle&, Symbol*&, Symbol*&, KlassHandle&, constantPoolHandle, int, Thread*)+0x72
V  [libjvm.dylib+0x3a6b7e]  LinkResolver::resolve_invokestatic(CallInfo&, constantPoolHandle, int, Thread*)+0x9e
V  [libjvm.dylib+0x3a6ca3]  LinkResolver::resolve_invoke(CallInfo&, Handle, constantPoolHandle, int, Bytecodes::Code, Thread*)+0xb3
V  [libjvm.dylib+0x2cea3d]  InterpreterRuntime::resolve_invoke(JavaThread*, Bytecodes::Code)+0x371
j  com.izforge.izpack.installer.InstallerFrame.wipeAborted()V+10
j  com.izforge.izpack.installer.InstallerFrame.exit()V+208
j  com.izforge.izpack.installer.InstallerFrame$NavigationHandler.navigate(Ljava/awt/event/ActionEvent;)V+62
j  com.izforge.izpack.installer.InstallerFrame$NavigationHandler.access$100(Lcom/izforge/izpack/installer/InstallerFrame$NavigationHandler;Ljava/awt/event/ActionEvent;)V+2
j  com.izforge.izpack.installer.InstallerFrame$NavigationHandler$1.run()V+19
j  java.lang.Thread.run()V+11
v  ~StubRoutines::call_stub
V  [libjvm.dylib+0x2d4666]  JavaCalls::call_helper(JavaValue*, methodHandle*, JavaCallArguments*, Thread*)+0x6ae
V  [libjvm.dylib+0x2d4df4]  JavaCalls::call_virtual(JavaValue*, KlassHandle, Symbol*, Symbol*, JavaCallArguments*, Thread*)+0x164
V  [libjvm.dylib+0x2d4fa0]  JavaCalls::call_virtual(JavaValue*, Handle, KlassHandle, Symbol*, Symbol*, Thread*)+0x4a
V  [libjvm.dylib+0x32598f]  thread_entry(JavaThread*, Thread*)+0x7c
V  [libjvm.dylib+0x536029]  JavaThread::thread_main_inner()+0x9b
V  [libjvm.dylib+0x53776c]  JavaThread::run()+0x1c2
V  [libjvm.dylib+0x45d9ce]  java_start(Thread*)+0xf6
C  [libsystem_pthread.dylib+0x32fc]  _pthread_body+0x83
C  [libsystem_pthread.dylib+0x3279]  _pthread_body+0x0
C  [libsystem_pthread.dylib+0x14b1]  thread_start+0xd
C  0x0000000000000000

Java frames: (J=compiled Java code, j=interpreted, Vv=VM code)
J 706  java.util.zip.ZipFile.getEntry(J[BZ)J (0 bytes) @ 0x000000010d3ea2d8 [0x000000010d3ea280+0x58]
J 966 C1 java.util.zip.ZipFile.getEntry(Ljava/lang/String;)Ljava/util/zip/ZipEntry; (86 bytes) @ 0x000000010d47f1cc [0x000000010d47ef60+0x26c]
J 965 C1 java.util.jar.JarFile.getEntry(Ljava/lang/String;)Ljava/util/zip/ZipEntry; (22 bytes) @ 0x000000010d257e24 [0x000000010d257da0+0x84]
J 104 C1 sun.misc.URLClassPath$JarLoader.getResource(Ljava/lang/String;Z)Lsun/misc/Resource; (85 bytes) @ 0x000000010d28baac [0x000000010d28b640+0x46c]
J 1200 C1 sun.misc.URLClassPath.getResource(Ljava/lang/String;Z)Lsun/misc/Resource; (74 bytes) @ 0x000000010d51f29c [0x000000010d51f160+0x13c]
j  java.net.URLClassLoader$1.run()Ljava/lang/Class;+26
j  java.net.URLClassLoader$1.run()Ljava/lang/Object;+1
v  ~StubRoutines::call_stub
j  java.security.AccessController.doPrivileged(Ljava/security/PrivilegedExceptionAction;Ljava/security/AccessControlContext;)Ljava/lang/Object;+0
j  java.net.URLClassLoader.findClass(Ljava/lang/String;)Ljava/lang/Class;+13
J 198 C1 java.lang.ClassLoader.loadClass(Ljava/lang/String;Z)Ljava/lang/Class; (122 bytes) @ 0x000000010d2bd044 [0x000000010d2bc6e0+0x964]
J 973 C1 sun.misc.Launcher$AppClassLoader.loadClass(Ljava/lang/String;Z)Ljava/lang/Class; (40 bytes) @ 0x000000010d4811f4 [0x000000010d480dc0+0x434]
J 401 C1 java.lang.ClassLoader.loadClass(Ljava/lang/String;)Ljava/lang/Class; (7 bytes) @ 0x000000010d3435c4 [0x000000010d3434c0+0x104]
v  ~StubRoutines::call_stub
j  com.izforge.izpack.installer.InstallerFrame.wipeAborted()V+10
j  com.izforge.izpack.installer.InstallerFrame.exit()V+208
j  com.izforge.izpack.installer.InstallerFrame$NavigationHandler.navigate(Ljava/awt/event/ActionEvent;)V+62
j  com.izforge.izpack.installer.InstallerFrame$NavigationHandler.access$100(Lcom/izforge/izpack/installer/InstallerFrame$NavigationHandler;Ljava/awt/event/ActionEvent;)V+2
j  com.izforge.izpack.installer.InstallerFrame$NavigationHandler$1.run()V+19
j  java.lang.Thread.run()V+11
v  ~StubRoutines::call_stub

---------------  P R O C E S S  ---------------

Java Threads: ( => current thread )
=>0x00007fac8954b800 JavaThread "Thread-1" [_thread_in_native, id=23099, stack(0x000000013cc54000,0x000000013cd54000)]
  0x00007fac8a001000 JavaThread "DestroyJavaVM" [_thread_blocked, id=4867, stack(0x000000010b8c6000,0x000000010b9c6000)]
  0x00007fac892c1800 JavaThread "TimerQueue" daemon [_thread_blocked, id=63299, stack(0x00000001349f7000,0x0000000134af7000)]
  0x00007fac8a07a000 JavaThread "Java2D Disposer" daemon [_thread_blocked, id=57351, stack(0x000000012ea7c000,0x000000012eb7c000)]
  0x00007fac8a947800 JavaThread "Java2D Queue Flusher" daemon [_thread_blocked, id=51467, stack(0x000000012e111000,0x000000012e211000)]
  0x00007fac89116800 JavaThread "AWT-EventQueue-0" [_thread_blocked, id=50343, stack(0x000000012e00e000,0x000000012e10e000)]
  0x00007fac898dc000 JavaThread "AWT-Shutdown" [_thread_blocked, id=28435, stack(0x000000012b149000,0x000000012b249000)]
  0x00007fac8a895800 JavaThread "AppKit Thread" daemon [_thread_in_native, id=1299, stack(0x00007fff53ca4000,0x00007fff544a4000)]
  0x00007fac8905b800 JavaThread "Service Thread" daemon [_thread_blocked, id=18179, stack(0x00000001298a8000,0x00000001299a8000)]
  0x00007fac89036800 JavaThread "C1 CompilerThread2" daemon [_thread_blocked, id=17667, stack(0x00000001297a5000,0x00000001298a5000)]
  0x00007fac89023000 JavaThread "C2 CompilerThread1" daemon [_thread_blocked, id=17155, stack(0x00000001296a2000,0x00000001297a2000)]
  0x00007fac8a812000 JavaThread "C2 CompilerThread0" daemon [_thread_blocked, id=16643, stack(0x000000012959f000,0x000000012969f000)]
  0x00007fac8a025000 JavaThread "Signal Dispatcher" daemon [_thread_blocked, id=16155, stack(0x000000012949c000,0x000000012959c000)]
  0x00007fac89819800 JavaThread "Finalizer" daemon [_thread_blocked, id=11523, stack(0x0000000127b6d000,0x0000000127c6d000)]
  0x00007fac8900e000 JavaThread "Reference Handler" daemon [_thread_blocked, id=11011, stack(0x0000000127a6a000,0x0000000127b6a000)]

Other Threads:
  0x00007fac8900d800 VMThread [stack: 0x0000000127967000,0x0000000127a67000] [id=10499]
  0x00007fac89020000 WatcherThread [stack: 0x00000001299ab000,0x0000000129aab000] [id=18691]

VM state:not at safepoint (normal execution)

VM Mutex/Monitor currently owned by a thread: None

Heap:
 PSYoungGen      total 76288K, used 36137K [0x000000076ab00000, 0x0000000770000000, 0x00000007c0000000)
  eden space 65536K, 38% used [0x000000076ab00000,0x000000076c3cd1e8,0x000000076eb00000)
  from space 10752K, 99% used [0x000000076eb00000,0x000000076f57d408,0x000000076f580000)
  to   space 10752K, 0% used [0x000000076f580000,0x000000076f580000,0x0000000770000000)
 ParOldGen       total 175104K, used 96K [0x00000006c0000000, 0x00000006cab00000, 0x000000076ab00000)
  object space 175104K, 0% used [0x00000006c0000000,0x00000006c0018010,0x00000006cab00000)
 Metaspace       used 20424K, capacity 20682K, committed 20864K, reserved 1067008K
  class space    used 2617K, capacity 2683K, committed 2688K, reserved 1048576K

Card table byte_map: [0x000000011c510000,0x000000011cd11000] byte_map_base: 0x0000000118f10000

Marking Bits: (ParMarkBitMap*) 0x000000010ca9d390
 Begin Bits: [0x000000011d673000, 0x0000000121673000)
 End Bits:   [0x0000000121673000, 0x0000000125673000)

Polling page: 0x000000010b9d6000

CodeCache: size=245760Kb used=6877Kb max_used=6946Kb free=238882Kb
 bounds [0x000000010d150000, 0x000000010d820000, 0x000000011c150000]
 total_blobs=2815 nmethods=2243 adapters=485
 compilation: enabled

Compilation events (10 events):
Event: 22.814 Thread 0x00007fac89036800 2339       1       java.lang.String::toString (2 bytes)
Event: 22.814 Thread 0x00007fac89036800 nmethod 2339 0x000000010d81c4d0 code [0x000000010d81c620, 0x000000010d81c730]
Event: 22.815 Thread 0x00007fac89036800 2340   !   3       java.awt.AWTEvent::dispatched (47 bytes)
Event: 22.816 Thread 0x00007fac89036800 nmethod 2340 0x000000010d81c790 code [0x000000010d81c980, 0x000000010d81d3b8]
Event: 22.839 Thread 0x00007fac89036800 2342       3       java.awt.Container::processEvent (22 bytes)
Event: 22.840 Thread 0x00007fac89036800 nmethod 2342 0x000000010d2b79d0 code [0x000000010d2b7b60, 0x000000010d2b7fb8]
Event: 22.841 Thread 0x00007fac89036800 2343       3       java.awt.Component::processEvent (220 bytes)
Event: 22.843 Thread 0x00007fac89036800 nmethod 2343 0x000000010d81d750 code [0x000000010d81da00, 0x000000010d81f368]
Event: 22.843 Thread 0x00007fac89036800 2341       1       java.awt.event.MouseEvent::isPopupTrigger (5 bytes)
Event: 22.843 Thread 0x00007fac89036800 nmethod 2341 0x000000010d28ac90 code [0x000000010d28ade0, 0x000000010d28aef0]

GC Heap History (2 events):
Event: 11.187 GC heap before
{Heap before GC invocations=1 (full 0):
 PSYoungGen      total 76288K, used 65536K [0x000000076ab00000, 0x0000000770000000, 0x00000007c0000000)
  eden space 65536K, 100% used [0x000000076ab00000,0x000000076eb00000,0x000000076eb00000)
  from space 10752K, 0% used [0x000000076f580000,0x000000076f580000,0x0000000770000000)
  to   space 10752K, 0% used [0x000000076eb00000,0x000000076eb00000,0x000000076f580000)
 ParOldGen       total 175104K, used 0K [0x00000006c0000000, 0x00000006cab00000, 0x000000076ab00000)
  object space 175104K, 0% used [0x00000006c0000000,0x00000006c0000000,0x00000006cab00000)
 Metaspace       used 19848K, capacity 20122K, committed 20352K, reserved 1067008K
  class space    used 2589K, capacity 2651K, committed 2688K, reserved 1048576K
Event: 11.212 GC heap after
Heap after GC invocations=1 (full 0):
 PSYoungGen      total 76288K, used 10741K [0x000000076ab00000, 0x0000000770000000, 0x00000007c0000000)
  eden space 65536K, 0% used [0x000000076ab00000,0x000000076ab00000,0x000000076eb00000)
  from space 10752K, 99% used [0x000000076eb00000,0x000000076f57d408,0x000000076f580000)
  to   space 10752K, 0% used [0x000000076f580000,0x000000076f580000,0x0000000770000000)
 ParOldGen       total 175104K, used 96K [0x00000006c0000000, 0x00000006cab00000, 0x000000076ab00000)
  object space 175104K, 0% used [0x00000006c0000000,0x00000006c0018010,0x00000006cab00000)
 Metaspace       used 19848K, capacity 20122K, committed 20352K, reserved 1067008K
  class space    used 2589K, capacity 2651K, committed 2688K, reserved 1048576K
}

Deoptimization events (10 events):
Event: 6.122 Thread 0x00007fac89116800 Uncommon trap: reason=bimorphic action=maybe_recompile pc=0x000000010d44b524 method=java.util.HashMap.putVal(ILjava/lang/Object;Ljava/lang/Object;ZZ)Ljava/lang/Object; @ 91
Event: 6.387 Thread 0x00007fac89116800 Uncommon trap: reason=class_check action=maybe_recompile pc=0x000000010d2f3bc8 method=java.lang.String.equals(Ljava/lang/Object;)Z @ 8
Event: 6.387 Thread 0x00007fac89116800 Uncommon trap: reason=class_check action=maybe_recompile pc=0x000000010d2f3bc8 method=java.lang.String.equals(Ljava/lang/Object;)Z @ 8
Event: 6.388 Thread 0x00007fac89116800 Uncommon trap: reason=class_check action=maybe_recompile pc=0x000000010d2f3bc8 method=java.lang.String.equals(Ljava/lang/Object;)Z @ 8
Event: 6.695 Thread 0x00007fac89116800 Uncommon trap: reason=unloaded action=reinterpret pc=0x000000010d443664 method=java.util.ArrayList.rangeCheck(I)V @ 8
Event: 6.696 Thread 0x00007fac89116800 Uncommon trap: reason=unloaded action=reinterpret pc=0x000000010d49bcb4 method=java.util.ArrayList.rangeCheck(I)V @ 8
Event: 8.277 Thread 0x00007fac89116800 Uncommon trap: reason=class_check action=maybe_recompile pc=0x000000010d50b238 method=java.util.HashMap.putVal(ILjava/lang/Object;Ljava/lang/Object;ZZ)Ljava/lang/Object; @ 203
Event: 8.364 Thread 0x00007fac89116800 Uncommon trap: reason=bimorphic action=maybe_recompile pc=0x000000010d44b524 method=java.util.HashMap.putVal(ILjava/lang/Object;Ljava/lang/Object;ZZ)Ljava/lang/Object; @ 91
Event: 8.364 Thread 0x00007fac89116800 Uncommon trap: reason=bimorphic action=maybe_recompile pc=0x000000010d44b524 method=java.util.HashMap.putVal(ILjava/lang/Object;Ljava/lang/Object;ZZ)Ljava/lang/Object; @ 91
Event: 8.364 Thread 0x00007fac89116800 Uncommon trap: reason=class_check action=maybe_recompile pc=0x000000010d44b574 method=java.util.HashMap.putVal(ILjava/lang/Object;Ljava/lang/Object;ZZ)Ljava/lang/Object; @ 203

Internal exceptions (10 events):
Event: 8.180 Thread 0x00007fac89116800 Exception <a 'java/security/PrivilegedActionException'> (0x000000076e5792c0) thrown at [/HUDSON/workspace/8-2-build-macosx-x86_64/jdk8u25/1677/hotspot/src/share/vm/prims/jvm.cpp, line 1312]
Event: 8.181 Thread 0x00007fac8ac36800 Exception <a 'java/security/PrivilegedActionException'> (0x000000076e675d58) thrown at [/HUDSON/workspace/8-2-build-macosx-x86_64/jdk8u25/1677/hotspot/src/share/vm/prims/jvm.cpp, line 1312]
Event: 8.196 Thread 0x00007fac8ac36800 Exception <a 'java/security/PrivilegedActionException'> (0x000000076e67abc0) thrown at [/HUDSON/workspace/8-2-build-macosx-x86_64/jdk8u25/1677/hotspot/src/share/vm/prims/jvm.cpp, line 1312]
Event: 8.201 Thread 0x00007fac89116800 Exception <a 'java/security/PrivilegedActionException'> (0x000000076e593758) thrown at [/HUDSON/workspace/8-2-build-macosx-x86_64/jdk8u25/1677/hotspot/src/share/vm/prims/jvm.cpp, line 1312]
Event: 8.366 Thread 0x00007fac8ac36800 Exception <a 'java/security/PrivilegedActionException'> (0x000000076e68e808) thrown at [/HUDSON/workspace/8-2-build-macosx-x86_64/jdk8u25/1677/hotspot/src/share/vm/prims/jvm.cpp, line 1312]
Event: 14.712 Thread 0x00007fac8954b800 Exception <a 'java/security/PrivilegedActionException'> (0x000000076b4976a0) thrown at [/HUDSON/workspace/8-2-build-macosx-x86_64/jdk8u25/1677/hotspot/src/share/vm/prims/jvm.cpp, line 1312]
Event: 14.714 Thread 0x00007fac8954b800 Exception <a 'java/security/PrivilegedActionException'> (0x000000076b4a1468) thrown at [/HUDSON/workspace/8-2-build-macosx-x86_64/jdk8u25/1677/hotspot/src/share/vm/prims/jvm.cpp, line 1312]
Event: 14.715 Thread 0x00007fac8954b800 Exception <a 'java/security/PrivilegedActionException'> (0x000000076b4ae548) thrown at [/HUDSON/workspace/8-2-build-macosx-x86_64/jdk8u25/1677/hotspot/src/share/vm/prims/jvm.cpp, line 1312]
Event: 14.716 Thread 0x00007fac8954b800 Exception <a 'java/security/PrivilegedActionException'> (0x000000076b4b0988) thrown at [/HUDSON/workspace/8-2-build-macosx-x86_64/jdk8u25/1677/hotspot/src/share/vm/prims/jvm.cpp, line 1312]
Event: 22.847 Thread 0x00007fac8954b800 Exception <a 'java/security/PrivilegedActionException'> (0x000000076b4c8388) thrown at [/HUDSON/workspace/8-2-build-macosx-x86_64/jdk8u25/1677/hotspot/src/share/vm/prims/jvm.cpp, line 1312]

Events (10 events):
Event: 22.845 Executing VM operation: RevokeBias
Event: 22.845 Executing VM operation: RevokeBias done
Event: 22.845 Executing VM operation: RevokeBias
Event: 22.845 Executing VM operation: RevokeBias done
Event: 22.845 Executing VM operation: RevokeBias
Event: 22.845 Executing VM operation: RevokeBias done
Event: 22.845 Executing VM operation: RevokeBias
Event: 22.845 Executing VM operation: RevokeBias done
Event: 22.847 loading class com/izforge/izpack/installer/UninstallData
Event: 22.847 loading class com/izforge/izpack/installer/UninstallData done


Dynamic libraries:
0x000000000af5a000 	/System/Library/Frameworks/Cocoa.framework/Versions/A/Cocoa
0x000000000af5a000 	/System/Library/Frameworks/Security.framework/Versions/A/Security
0x000000000af5a000 	/System/Library/Frameworks/ApplicationServices.framework/Versions/A/ApplicationServices
0x000000000af5a000 	/usr/lib/libz.1.dylib
0x000000000af5a000 	/usr/lib/libSystem.B.dylib
0x000000000af5a000 	/usr/lib/libobjc.A.dylib
0x000000000af5a000 	/System/Library/Frameworks/CoreFoundation.framework/Versions/A/CoreFoundation
0x000000000af5a000 	/System/Library/Frameworks/Foundation.framework/Versions/C/Foundation
0x000000000af5a000 	/System/Library/Frameworks/AppKit.framework/Versions/C/AppKit
0x000000000af5a000 	/System/Library/Frameworks/CoreData.framework/Versions/A/CoreData
0x000000000af5a000 	/System/Library/PrivateFrameworks/RemoteViewServices.framework/Versions/A/RemoteViewServices
0x000000000af5a000 	/System/Library/PrivateFrameworks/UIFoundation.framework/Versions/A/UIFoundation
0x000000000af5a000 	/System/Library/Frameworks/IOSurface.framework/Versions/A/IOSurface
0x000000000af5a000 	/System/Library/Frameworks/AudioToolbox.framework/Versions/A/AudioToolbox
0x000000000af5a000 	/System/Library/Frameworks/AudioUnit.framework/Versions/A/AudioUnit
0x000000000af5a000 	/System/Library/PrivateFrameworks/DataDetectorsCore.framework/Versions/A/DataDetectorsCore
0x000000000af5a000 	/System/Library/PrivateFrameworks/DesktopServicesPriv.framework/Versions/A/DesktopServicesPriv
0x000000000af5a000 	/System/Library/Frameworks/Carbon.framework/Versions/A/Frameworks/HIToolbox.framework/Versions/A/HIToolbox
0x000000000af5a000 	/System/Library/Frameworks/QuartzCore.framework/Versions/A/QuartzCore
0x000000000af5a000 	/System/Library/Frameworks/Carbon.framework/Versions/A/Frameworks/SpeechRecognition.framework/Versions/A/SpeechRecognition
0x000000000af5a000 	/usr/lib/libauto.dylib
0x000000000af5a000 	/usr/lib/libicucore.A.dylib
0x000000000af5a000 	/usr/lib/libxml2.2.dylib
0x000000000af5a000 	/System/Library/PrivateFrameworks/CoreUI.framework/Versions/A/CoreUI
0x000000000af5a000 	/System/Library/Frameworks/CoreAudio.framework/Versions/A/CoreAudio
0x000000000af5a000 	/System/Library/Frameworks/DiskArbitration.framework/Versions/A/DiskArbitration
0x000000000af5a000 	/usr/lib/liblangid.dylib
0x000000000af5a000 	/System/Library/PrivateFrameworks/MultitouchSupport.framework/Versions/A/MultitouchSupport
0x000000000af5a000 	/System/Library/Frameworks/IOKit.framework/Versions/A/IOKit
0x000000000af5a000 	/usr/lib/libDiagnosticMessagesClient.dylib
0x000000000af5a000 	/System/Library/Frameworks/CoreServices.framework/Versions/A/CoreServices
0x000000000af5a000 	/System/Library/PrivateFrameworks/PerformanceAnalysis.framework/Versions/A/PerformanceAnalysis
0x000000000af5a000 	/System/Library/PrivateFrameworks/GenerationalStorage.framework/Versions/A/GenerationalStorage
0x000000000af5a000 	/System/Library/Frameworks/OpenGL.framework/Versions/A/OpenGL
0x000000000af5a000 	/System/Library/PrivateFrameworks/Sharing.framework/Versions/A/Sharing
0x000000000af5a000 	/System/Library/Frameworks/CoreGraphics.framework/Versions/A/CoreGraphics
0x000000000af5a000 	/System/Library/Frameworks/CoreText.framework/Versions/A/CoreText
0x000000000af5a000 	/System/Library/Frameworks/ImageIO.framework/Versions/A/ImageIO
0x000000000af5a000 	/usr/lib/libextension.dylib
0x000000000af5a000 	/System/Library/PrivateFrameworks/Backup.framework/Versions/A/Backup
0x000000000af5a000 	/usr/lib/libarchive.2.dylib
0x000000000af5a000 	/System/Library/Frameworks/CFNetwork.framework/Versions/A/CFNetwork
0x000000000af5a000 	/System/Library/Frameworks/SystemConfiguration.framework/Versions/A/SystemConfiguration
0x000000000af5a000 	/usr/lib/libCRFSuite.dylib
0x000000000af5a000 	/usr/lib/libc++.1.dylib
0x000000000af5a000 	/usr/lib/libc++abi.dylib
0x000000000af5a000 	/usr/lib/system/libcache.dylib
0x000000000af5a000 	/usr/lib/system/libcommonCrypto.dylib
0x000000000af5a000 	/usr/lib/system/libcompiler_rt.dylib
0x000000000af5a000 	/usr/lib/system/libcopyfile.dylib
0x000000000af5a000 	/usr/lib/system/libcorecrypto.dylib
0x000000000af5a000 	/usr/lib/system/libdispatch.dylib
0x000000000af5a000 	/usr/lib/system/libdyld.dylib
0x000000000af5a000 	/usr/lib/system/libkeymgr.dylib
0x000000000af5a000 	/usr/lib/system/liblaunch.dylib
0x000000000af5a000 	/usr/lib/system/libmacho.dylib
0x000000000af5a000 	/usr/lib/system/libquarantine.dylib
0x000000000af5a000 	/usr/lib/system/libremovefile.dylib
0x000000000af5a000 	/usr/lib/system/libsystem_asl.dylib
0x000000000af5a000 	/usr/lib/system/libsystem_blocks.dylib
0x000000000af5a000 	/usr/lib/system/libsystem_c.dylib
0x000000000af5a000 	/usr/lib/system/libsystem_configuration.dylib
0x000000000af5a000 	/usr/lib/system/libsystem_coreservices.dylib
0x000000000af5a000 	/usr/lib/system/libsystem_coretls.dylib
0x000000000af5a000 	/usr/lib/system/libsystem_dnssd.dylib
0x000000000af5a000 	/usr/lib/system/libsystem_info.dylib
0x000000000af5a000 	/usr/lib/system/libsystem_kernel.dylib
0x000000000af5a000 	/usr/lib/system/libsystem_m.dylib
0x000000000af5a000 	/usr/lib/system/libsystem_malloc.dylib
0x000000000af5a000 	/usr/lib/system/libsystem_network.dylib
0x000000000af5a000 	/usr/lib/system/libsystem_networkextension.dylib
0x000000000af5a000 	/usr/lib/system/libsystem_notify.dylib
0x000000000af5a000 	/usr/lib/system/libsystem_platform.dylib
0x000000000af5a000 	/usr/lib/system/libsystem_pthread.dylib
0x000000000af5a000 	/usr/lib/system/libsystem_sandbox.dylib
0x000000000af5a000 	/usr/lib/system/libsystem_secinit.dylib
0x000000000af5a000 	/usr/lib/system/libsystem_stats.dylib
0x000000000af5a000 	/usr/lib/system/libsystem_trace.dylib
0x000000000af5a000 	/usr/lib/system/libunc.dylib
0x000000000af5a000 	/usr/lib/system/libunwind.dylib
0x000000000af5a000 	/usr/lib/system/libxpc.dylib
0x000000000af5a000 	/usr/lib/libbz2.1.0.dylib
0x000000000af5a000 	/usr/lib/liblzma.5.dylib
0x000000000af5a000 	/usr/lib/libbsm.0.dylib
0x000000000af5a000 	/usr/lib/libsqlite3.dylib
0x000000000af5a000 	/usr/lib/system/libkxld.dylib
0x000000000af5a000 	/usr/lib/libxar.1.dylib
0x000000000af5a000 	/usr/lib/libpam.2.dylib
0x000000000af5a000 	/usr/lib/libOpenScriptingUtil.dylib
0x000000000af5a000 	/System/Library/Frameworks/CoreServices.framework/Versions/A/Frameworks/FSEvents.framework/Versions/A/FSEvents
0x000000000af5a000 	/System/Library/Frameworks/CoreServices.framework/Versions/A/Frameworks/CarbonCore.framework/Versions/A/CarbonCore
0x000000000af5a000 	/System/Library/Frameworks/CoreServices.framework/Versions/A/Frameworks/Metadata.framework/Versions/A/Metadata
0x000000000af5a000 	/System/Library/Frameworks/CoreServices.framework/Versions/A/Frameworks/OSServices.framework/Versions/A/OSServices
0x000000000af5a000 	/System/Library/Frameworks/CoreServices.framework/Versions/A/Frameworks/SearchKit.framework/Versions/A/SearchKit
0x000000000af5a000 	/System/Library/Frameworks/CoreServices.framework/Versions/A/Frameworks/AE.framework/Versions/A/AE
0x000000000af5a000 	/System/Library/Frameworks/CoreServices.framework/Versions/A/Frameworks/LaunchServices.framework/Versions/A/LaunchServices
0x000000000af5a000 	/System/Library/Frameworks/CoreServices.framework/Versions/A/Frameworks/DictionaryServices.framework/Versions/A/DictionaryServices
0x000000000af5a000 	/System/Library/Frameworks/NetFS.framework/Versions/A/NetFS
0x000000000af5a000 	/System/Library/PrivateFrameworks/NetAuth.framework/Versions/A/NetAuth
0x000000000af5a000 	/System/Library/PrivateFrameworks/login.framework/Versions/A/Frameworks/loginsupport.framework/Versions/A/loginsupport
0x000000000af5a000 	/System/Library/PrivateFrameworks/TCC.framework/Versions/A/TCC
0x000000000af5a000 	/usr/lib/libmecabra.dylib
0x000000000af5a000 	/System/Library/PrivateFrameworks/LanguageModeling.framework/Versions/A/LanguageModeling
0x000000000af5a000 	/usr/lib/libcmph.dylib
0x000000000af5a000 	/usr/lib/libiconv.2.dylib
0x000000000af5a000 	/System/Library/Frameworks/OpenDirectory.framework/Versions/A/Frameworks/CFOpenDirectory.framework/Versions/A/CFOpenDirectory
0x000000000af5a000 	/System/Library/Frameworks/ServiceManagement.framework/Versions/A/ServiceManagement
0x000000000af5a000 	/usr/lib/libxslt.1.dylib
0x000000000af5a000 	/System/Library/Frameworks/Carbon.framework/Versions/A/Frameworks/Ink.framework/Versions/A/Ink
0x000000000af5a000 	/System/Library/Frameworks/ApplicationServices.framework/Versions/A/Frameworks/ATS.framework/Versions/A/ATS
0x000000000af5a000 	/System/Library/Frameworks/ApplicationServices.framework/Versions/A/Frameworks/ColorSync.framework/Versions/A/ColorSync
0x000000000af5a000 	/System/Library/Frameworks/ApplicationServices.framework/Versions/A/Frameworks/HIServices.framework/Versions/A/HIServices
0x000000000af5a000 	/System/Library/Frameworks/ApplicationServices.framework/Versions/A/Frameworks/LangAnalysis.framework/Versions/A/LangAnalysis
0x000000000af5a000 	/System/Library/Frameworks/ApplicationServices.framework/Versions/A/Frameworks/PrintCore.framework/Versions/A/PrintCore
0x000000000af5a000 	/System/Library/Frameworks/ApplicationServices.framework/Versions/A/Frameworks/QD.framework/Versions/A/QD
0x000000000af5a000 	/System/Library/Frameworks/ApplicationServices.framework/Versions/A/Frameworks/SpeechSynthesis.framework/Versions/A/SpeechSynthesis
0x000000000af5a000 	/System/Library/Frameworks/Accelerate.framework/Versions/A/Accelerate
0x000000000af5a000 	/System/Library/Frameworks/Accelerate.framework/Versions/A/Frameworks/vImage.framework/Versions/A/vImage
0x000000000af5a000 	/System/Library/Frameworks/Accelerate.framework/Versions/A/Frameworks/vecLib.framework/Versions/A/vecLib
0x000000000af5a000 	/System/Library/Frameworks/Accelerate.framework/Versions/A/Frameworks/vecLib.framework/Versions/A/libvDSP.dylib
0x000000000af5a000 	/System/Library/Frameworks/Accelerate.framework/Versions/A/Frameworks/vecLib.framework/Versions/A/libvMisc.dylib
0x000000000af5a000 	/System/Library/Frameworks/Accelerate.framework/Versions/A/Frameworks/vecLib.framework/Versions/A/libLAPACK.dylib
0x000000000af5a000 	/System/Library/Frameworks/Accelerate.framework/Versions/A/Frameworks/vecLib.framework/Versions/A/libBLAS.dylib
0x000000000af5a000 	/System/Library/Frameworks/Accelerate.framework/Versions/A/Frameworks/vecLib.framework/Versions/A/libLinearAlgebra.dylib
0x000000000af5a000 	/System/Library/Frameworks/ApplicationServices.framework/Versions/A/Frameworks/ATS.framework/Versions/A/Resources/libFontParser.dylib
0x000000000af5a000 	/System/Library/Frameworks/ApplicationServices.framework/Versions/A/Frameworks/ATS.framework/Versions/A/Resources/libFontRegistry.dylib
0x000000000af5a000 	/System/Library/PrivateFrameworks/AppleVPA.framework/Versions/A/AppleVPA
0x000000000af5a000 	/System/Library/PrivateFrameworks/AppleJPEG.framework/Versions/A/AppleJPEG
0x000000000af5a000 	/System/Library/Frameworks/ImageIO.framework/Versions/A/Resources/libJPEG.dylib
0x000000000af5a000 	/System/Library/Frameworks/ImageIO.framework/Versions/A/Resources/libTIFF.dylib
0x000000000af5a000 	/System/Library/Frameworks/ImageIO.framework/Versions/A/Resources/libPng.dylib
0x000000000af5a000 	/System/Library/Frameworks/ImageIO.framework/Versions/A/Resources/libGIF.dylib
0x000000000af5a000 	/System/Library/Frameworks/ImageIO.framework/Versions/A/Resources/libJP2.dylib
0x000000000af5a000 	/System/Library/Frameworks/ImageIO.framework/Versions/A/Resources/libRadiance.dylib
0x000000000af5a000 	/System/Library/Frameworks/CoreVideo.framework/Versions/A/CoreVideo
0x000000000af5a000 	/System/Library/Frameworks/OpenGL.framework/Versions/A/Libraries/libGLU.dylib
0x000000000af5a000 	/System/Library/Frameworks/OpenGL.framework/Versions/A/Libraries/libGFXShared.dylib
0x000000000af5a000 	/System/Library/Frameworks/OpenGL.framework/Versions/A/Libraries/libGL.dylib
0x000000000af5a000 	/System/Library/Frameworks/OpenGL.framework/Versions/A/Libraries/libGLImage.dylib
0x000000000af5a000 	/System/Library/Frameworks/OpenGL.framework/Versions/A/Libraries/libCVMSPluginSupport.dylib
0x000000000af5a000 	/System/Library/Frameworks/OpenGL.framework/Versions/A/Libraries/libCoreVMClient.dylib
0x000000000af5a000 	/usr/lib/libcups.2.dylib
0x000000000af5a000 	/System/Library/Frameworks/Kerberos.framework/Versions/A/Kerberos
0x000000000af5a000 	/System/Library/Frameworks/GSS.framework/Versions/A/GSS
0x000000000af5a000 	/usr/lib/libresolv.9.dylib
0x000000000af5a000 	/System/Library/PrivateFrameworks/Heimdal.framework/Versions/A/Heimdal
0x000000000af5a000 	/usr/lib/libheimdal-asn1.dylib
0x000000000af5a000 	/System/Library/Frameworks/OpenDirectory.framework/Versions/A/OpenDirectory
0x000000000af5a000 	/System/Library/PrivateFrameworks/CommonAuth.framework/Versions/A/CommonAuth
0x000000000af5a000 	/System/Library/Frameworks/SecurityFoundation.framework/Versions/A/SecurityFoundation
0x000000000af5a000 	/System/Library/Frameworks/QuartzCore.framework/Versions/A/Frameworks/CoreImage.framework/Versions/A/CoreImage
0x000000000af5a000 	/System/Library/PrivateFrameworks/CrashReporterSupport.framework/Versions/A/CrashReporterSupport
0x000000000af5a000 	/System/Library/Frameworks/OpenCL.framework/Versions/A/OpenCL
0x000000000af5a000 	/System/Library/PrivateFrameworks/FaceCore.framework/Versions/A/FaceCore
0x000000000af5a000 	/System/Library/PrivateFrameworks/Ubiquity.framework/Versions/A/Ubiquity
0x000000000af5a000 	/System/Library/PrivateFrameworks/IconServices.framework/Versions/A/IconServices
0x000000000af5a000 	/System/Library/PrivateFrameworks/ChunkingLibrary.framework/Versions/A/ChunkingLibrary
0x000000000af5a000 	/System/Library/PrivateFrameworks/Apple80211.framework/Versions/A/Apple80211
0x000000000af5a000 	/System/Library/Frameworks/CoreWLAN.framework/Versions/A/CoreWLAN
0x000000000af5a000 	/System/Library/Frameworks/IOBluetooth.framework/Versions/A/IOBluetooth
0x000000000af5a000 	/System/Library/PrivateFrameworks/CoreWiFi.framework/Versions/A/CoreWiFi
0x000000000af5a000 	/System/Library/Frameworks/CoreBluetooth.framework/Versions/A/CoreBluetooth
0x000000000af5a000 	/System/Library/PrivateFrameworks/DebugSymbols.framework/Versions/A/DebugSymbols
0x000000000af5a000 	/System/Library/PrivateFrameworks/CoreSymbolication.framework/Versions/A/CoreSymbolication
0x000000000af5a000 	/System/Library/PrivateFrameworks/Symbolication.framework/Versions/A/Symbolication
0x000000000af5a000 	/System/Library/PrivateFrameworks/SpeechRecognitionCore.framework/Versions/A/SpeechRecognitionCore
0x0000000050ea7000 	/System/Library/CoreServices/Encodings/libJapaneseConverter.dylib
0x000000010c200000 	/Library/Internet Plug-Ins/JavaAppletPlugin.plugin/Contents/Home/lib/server/libjvm.dylib
0x000000000af5a000 	/usr/lib/libstdc++.6.dylib
0x000000010b9c8000 	/Library/Internet Plug-Ins/JavaAppletPlugin.plugin/Contents/Home/lib/libverify.dylib
0x000000010d11c000 	/Library/Internet Plug-Ins/JavaAppletPlugin.plugin/Contents/Home/lib/libjava.dylib
0x000000010b9e0000 	/Library/Internet Plug-Ins/JavaAppletPlugin.plugin/Contents/Home/lib/libzip.dylib
0x000000010b9e9000 	/System/Library/Frameworks/JavaVM.framework/Frameworks/JavaRuntimeSupport.framework/JavaRuntimeSupport
0x0000000127c6f000 	/System/Library/Frameworks/JavaVM.framework/Versions/A/Frameworks/JavaNativeFoundation.framework/Versions/A/JavaNativeFoundation
0x0000000127c83000 	/System/Library/Frameworks/JavaVM.framework/Versions/A/JavaVM
0x000000000af5a000 	/System/Library/Frameworks/Carbon.framework/Versions/A/Carbon
0x0000000127c8f000 	/System/Library/PrivateFrameworks/JavaLaunching.framework/Versions/A/JavaLaunching
0x000000000af5a000 	/System/Library/Frameworks/Carbon.framework/Versions/A/Frameworks/CommonPanels.framework/Versions/A/CommonPanels
0x000000000af5a000 	/System/Library/Frameworks/Carbon.framework/Versions/A/Frameworks/Help.framework/Versions/A/Help
0x000000000af5a000 	/System/Library/Frameworks/Carbon.framework/Versions/A/Frameworks/ImageCapture.framework/Versions/A/ImageCapture
0x000000000af5a000 	/System/Library/Frameworks/Carbon.framework/Versions/A/Frameworks/OpenScripting.framework/Versions/A/OpenScripting
0x000000000af5a000 	/System/Library/Frameworks/Carbon.framework/Versions/A/Frameworks/Print.framework/Versions/A/Print
0x000000000af5a000 	/System/Library/Frameworks/Carbon.framework/Versions/A/Frameworks/SecurityHI.framework/Versions/A/SecurityHI
0x0000000129adf000 	/Library/Internet Plug-Ins/JavaAppletPlugin.plugin/Contents/Home/lib/libawt.dylib
0x0000000129b8e000 	/Library/Internet Plug-Ins/JavaAppletPlugin.plugin/Contents/Home/lib/./libmlib_image.dylib
0x0000000129c5a000 	/Library/Internet Plug-Ins/JavaAppletPlugin.plugin/Contents/Home/lib/libawt_lwawt.dylib
0x0000000129d0d000 	/Library/Internet Plug-Ins/JavaAppletPlugin.plugin/Contents/Home/lib/./libosxapp.dylib
0x000000000af5a000 	/System/Library/Frameworks/ExceptionHandling.framework/Versions/A/ExceptionHandling
0x000000000af5a000 	/System/Library/PrivateFrameworks/CoreServicesInternal.framework/Versions/A/CoreServicesInternal
0x000000000af5a000 	/System/Library/PrivateFrameworks/CloudDocs.framework/Versions/A/CloudDocs
0x000000000af5a000 	/System/Library/PrivateFrameworks/CoreDuet.framework/Versions/A/CoreDuet
0x000000000af5a000 	/System/Library/Frameworks/CloudKit.framework/Versions/A/CloudKit
0x000000000af5a000 	/System/Library/PrivateFrameworks/ProtocolBuffer.framework/Versions/A/ProtocolBuffer
0x000000000af5a000 	/System/Library/PrivateFrameworks/CoreDuetDaemonProtocol.framework/Versions/A/CoreDuetDaemonProtocol
0x000000000af5a000 	/System/Library/PrivateFrameworks/CoreDuetDebugLogging.framework/Versions/A/CoreDuetDebugLogging
0x000000000af5a000 	/System/Library/Frameworks/CoreLocation.framework/Versions/A/CoreLocation
0x000000000af5a000 	/System/Library/Frameworks/Accounts.framework/Versions/A/Accounts
0x000000000af5a000 	/System/Library/PrivateFrameworks/ApplePushService.framework/Versions/A/ApplePushService
0x000000000af5a000 	/System/Library/PrivateFrameworks/GeoServices.framework/Versions/A/GeoServices
0x000000000af5a000 	/System/Library/PrivateFrameworks/OAuth.framework/Versions/A/OAuth
0x000000000af5a000 	/System/Library/PrivateFrameworks/CoreDaemon.framework/Versions/B/CoreDaemon
0x000000000af5a000 	/usr/lib/libcrypto.0.9.8.dylib
0x000000000af5a000 	/System/Library/PrivateFrameworks/AppleSRP.framework/Versions/A/AppleSRP
0x000000000af5a000 	/System/Library/PrivateFrameworks/TrustEvaluationAgent.framework/Versions/A/TrustEvaluationAgent
0x000000000af5a000 	/System/Library/Frameworks/CoreGraphics.framework/Versions/A/Resources/libCGCMS.A.dylib
0x000000000af5a000 	/System/Library/Frameworks/CoreGraphics.framework/Versions/A/Resources/libRIP.A.dylib
0x000000000af5a000 	/System/Library/Frameworks/CoreGraphics.framework/Versions/A/Resources/libCGXType.A.dylib
0x000000000af5a000 	/System/Library/Frameworks/OpenCL.framework/Versions/A/Libraries/libcldcpuengine.dylib
0x000000000af5a000 	/System/Library/PrivateFrameworks/DiskImages.framework/Versions/A/DiskImages
0x000000000af5a000 	/System/Library/Frameworks/DiscRecording.framework/Versions/A/DiscRecording
0x000000000af5a000 	/usr/lib/libcsfde.dylib
0x000000000af5a000 	/usr/lib/libcurl.4.dylib
0x000000000af5a000 	/System/Library/PrivateFrameworks/MediaKit.framework/Versions/A/MediaKit
0x000000000af5a000 	/System/Library/PrivateFrameworks/ProtectedCloudStorage.framework/Versions/A/ProtectedCloudStorage
0x000000000af5a000 	/usr/lib/libCoreStorage.dylib
0x000000000af5a000 	/System/Library/PrivateFrameworks/EFILogin.framework/Versions/A/EFILogin
0x000000000af5a000 	/usr/lib/libutil.dylib
0x000000000af5a000 	/System/Library/PrivateFrameworks/FindMyDevice.framework/Versions/A/FindMyDevice
0x000000000af5a000 	/System/Library/Frameworks/LDAP.framework/Versions/A/LDAP
0x000000000af5a000 	/usr/lib/libsasl2.2.dylib
0x000000012cc88000 	cl_kernels
0x000000012cc8a000 	/System/Library/Frameworks/OpenCL.framework/Versions/A/Libraries/ImageFormats/unorm8_bgra.dylib
0x000000012cc7a000 	cl_kernels
0x000000000af5a000 	/System/Library/PrivateFrameworks/FamilyControls.framework/Versions/A/FamilyControls
0x000000000af5a000 	/System/Library/PrivateFrameworks/CommerceKit.framework/Versions/A/Frameworks/CommerceCore.framework/Versions/A/CommerceCore
0x000000000af5a000 	/System/Library/PrivateFrameworks/SystemAdministration.framework/Versions/A/SystemAdministration
0x000000000af5a000 	/System/Library/PrivateFrameworks/AppContainer.framework/Versions/A/AppContainer
0x000000000af5a000 	/System/Library/PrivateFrameworks/SecCodeWrapper.framework/Versions/A/SecCodeWrapper
0x000000000af5a000 	/System/Library/Frameworks/DirectoryService.framework/Versions/A/DirectoryService
0x000000000af5a000 	/System/Library/PrivateFrameworks/LoginUIKit.framework/Versions/A/Frameworks/LoginUICore.framework/Versions/A/LoginUICore
0x000000000af5a000 	/usr/lib/libodfde.dylib
0x000000012c103000 	/Library/Internet Plug-Ins/JavaAppletPlugin.plugin/Contents/Home/lib/libnet.dylib
0x000000012dfa6000 	/Library/Internet Plug-Ins/JavaAppletPlugin.plugin/Contents/Home/lib/libfontmanager.dylib
0x000000000af5a000 	/System/Library/Frameworks/OpenGL.framework/Versions/A/Resources/GLEngine.bundle/GLEngine
0x000000000af5a000 	/System/Library/Frameworks/OpenGL.framework/Versions/A/Libraries/libGLProgrammability.dylib
0x0000000000000000 	/System/Library/Extensions/AppleIntelHD5000GraphicsGLDriver.bundle/Contents/MacOS/AppleIntelHD5000GraphicsGLDriver
0x000000000af5a000 	/System/Library/PrivateFrameworks/IOAccelerator.framework/Versions/A/IOAccelerator
0x000000000af5a000 	/System/Library/PrivateFrameworks/GPUSupport.framework/Versions/A/Libraries/libGPUSupportMercury.dylib
0x000000000af5a000 	/System/Library/Frameworks/OpenGL.framework/Versions/A/Resources/GLRendererFloat.bundle/GLRendererFloat
0x000000012f067000 	/Library/Internet Plug-Ins/JavaAppletPlugin.plugin/Contents/Home/lib/libosxui.dylib
0x0000000130a8a000 	/Library/Internet Plug-Ins/JavaAppletPlugin.plugin/Contents/Home/lib/libnio.dylib
0x000000000af5a000 	/System/Library/Frameworks/Accelerate.framework/Versions/A/Frameworks/vImage.framework/Versions/A/Libraries/libCGInterfaces.dylib
0x000000013526e000 	/Library/Internet Plug-Ins/JavaAppletPlugin.plugin/Contents/Home/lib/libjpeg.dylib

VM Arguments:
java_command: /Users/momotomomo/Documents/workspace/NemakiWare/setup/installer/install.jar
java_class_path (initial): /Users/momotomomo/Documents/workspace/NemakiWare/setup/installer/install.jar
Launcher Type: SUN_STANDARD

Environment Variables:
PATH=/usr/bin:/bin:/usr/sbin:/sbin
SHELL=/bin/zsh

Signal Handlers:
SIGSEGV: [libjvm.dylib+0x579f17], sa_mask[0]=11111111011111110111111111111111, sa_flags=SA_ONSTACK|SA_RESTART|SA_SIGINFO
SIGBUS: [libjvm.dylib+0x579f17], sa_mask[0]=11111111011111110111111111111111, sa_flags=SA_RESTART|SA_SIGINFO
SIGFPE: [libjvm.dylib+0x45b180], sa_mask[0]=11111111011111110111111111111111, sa_flags=SA_RESTART|SA_SIGINFO
SIGPIPE: [libjvm.dylib+0x45b180], sa_mask[0]=11111111011111110111111111111111, sa_flags=SA_RESTART|SA_SIGINFO
SIGXFSZ: [libjvm.dylib+0x45b180], sa_mask[0]=11111111011111110111111111111111, sa_flags=SA_RESTART|SA_SIGINFO
SIGILL: [libjvm.dylib+0x45b180], sa_mask[0]=11111111011111110111111111111111, sa_flags=SA_RESTART|SA_SIGINFO
SIGUSR1: SIG_DFL, sa_mask[0]=00000000000000000000000000000000, sa_flags=none
SIGUSR2: [libjvm.dylib+0x45ac9e], sa_mask[0]=00000000000000000000000000000000, sa_flags=SA_RESTART|SA_SIGINFO
SIGHUP: [libjvm.dylib+0x459271], sa_mask[0]=11111111011111110111111111111111, sa_flags=SA_RESTART|SA_SIGINFO
SIGINT: [libjvm.dylib+0x459271], sa_mask[0]=11111111011111110111111111111111, sa_flags=SA_RESTART|SA_SIGINFO
SIGTERM: [libjvm.dylib+0x459271], sa_mask[0]=11111111011111110111111111111111, sa_flags=SA_RESTART|SA_SIGINFO
SIGQUIT: [libjvm.dylib+0x459271], sa_mask[0]=11111111011111110111111111111111, sa_flags=SA_RESTART|SA_SIGINFO


---------------  S Y S T E M  ---------------

OS:Bsduname:Darwin 14.0.0 Darwin Kernel Version 14.0.0: Fri Sep 19 00:26:44 PDT 2014; root:xnu-2782.1.97~2/RELEASE_X86_64 x86_64
rlimit: STACK 8192k, CORE 0k, NPROC 709, NOFILE 10240, AS infinity
load average:8.18 5.77 4.95

CPU:total 4 (2 cores per cpu, 2 threads per core) family 6 model 69 stepping 1, cmov, cx8, fxsr, mmx, sse, sse2, sse3, ssse3, sse4.1, sse4.2, popcnt, avx, avx2, aes, clmul, erms, lzcnt, ht, tsc, tscinvbit, bmi1, bmi2

Memory: 4k page, physical 16777216k(288332k free)

/proc/meminfo:


vm_info: Java HotSpot(TM) 64-Bit Server VM (25.25-b02) for bsd-amd64 JRE (1.8.0_25-b18), built on Oct  7 2014 14:42:02 by "java_re" with gcc 4.2.1 (Based on Apple Inc. build 5658) (LLVM build 2336.11.00)

time: Thu Oct 30 14:47:21 2014
elapsed time: 22 seconds (0d 0h 0m 22s)

