=== Comprehensive TCK Test Execution ===
Branch: feature/react-ui-playwright
Commit: b04b7c2d9
Date: 2025-10-11 22:10:20

Running BasicsTestGroup...
  ✅ BasicsTestGroup: 3 tests (0 failures, 0 skipped)
Running ConnectionTestGroup...
  ✅ ConnectionTestGroup: 2 tests (0 failures, 0 skipped)
Running TypesTestGroup...
  ✅ TypesTestGroup: 3 tests (0 failures, 0 skipped)
Running ControlTestGroup...
  ✅ ControlTestGroup: 1 tests (0 failures, 0 skipped)
Running VersioningTestGroup...
  ✅ VersioningTestGroup: 4 tests (0 failures, 0 skipped)
Running QueryTestGroup...
  ❌ QueryTestGroup: TIMEOUT or BUILD FAILURE
Running InheritedFlagTest...
  ✅ InheritedFlagTest: 1 tests (0 failures, 0 skipped)

=== Summary ===
Total Passed: 14
Total Failed: 1
Total Skipped: 0

Results saved to: tck-results-20251011-221020
