#
# A fatal error has been detected by the Java Runtime Environment:
#
#  SIGSEGV (0xb) at pc=0x000000010d422d8c, pid=3731, tid=18179
#
# JRE version: Java(TM) SE Runtime Environment (8.0_20-b26) (build 1.8.0_20-b26)
# Java VM: Java HotSpot(TM) 64-Bit Server VM (25.20-b23 mixed mode bsd-amd64 compressed oops)
# Problematic frame:
# V  [libjvm.dylib+0x422d8c]  Method::checked_resolve_jmethod_id(_jmethodID*)+0xe
#
# Failed to write core dump. Core dumps have been disabled. To enable core dumping, try "ulimit -c unlimited" before starting Java again
#
# If you would like to submit a bug report, please visit:
#   http://bugreport.sun.com/bugreport/crash.jsp
#

---------------  T H R E A D  ---------------

Current thread (0x00007ffb4a823000):  JavaThread "JDWP Transport Listener: dt_socket" daemon [_thread_in_vm, id=18179, stack(0x0000000121d9c000,0x0000000121e9c000)]

siginfo: si_signo: 11 (SIGSEGV), si_code: 0 (unknown), si_addr: 0x0000000000000000

Registers:
RAX=0x0000000000000001, RBX=0x0000000121e9ba6b, RCX=0x000000010d7d5c80, RDX=0x0000000121e9ba6b
RSP=0x0000000121e9b9b0, RBP=0x0000000121e9b9c0, RSI=0x00007ffb4a823000, RDI=0x00067ffb4cdee080
R8 =0x00007ffb4cdc70d0, R9 =0x00007ffb5113b0d0, R10=0x0000000018961424, R11=0x000000002f85b38d
R12=0x00007ffb4a823000, R13=0x00067ffb4cdee080, R14=0x00067ffb4cdee080, R15=0x00007ffb4a5026d0
RIP=0x000000010d422d8c, EFLAGS=0x0000000000010202, ERR=0x0000000000000000
  TRAPNO=0x000000000000000d

Top of Stack: (sp=0x0000000121e9b9b0)
0x0000000121e9b9b0:   0000000121e9ba6b 0000000121e9ba6b
0x0000000121e9b9c0:   0000000121e9ba20 000000010d334ec2
0x0000000121e9b9d0:   00007ffb4a823000 0000000000000000
0x0000000121e9b9e0:   0000000000000000 0000000000000000
0x0000000121e9b9f0:   00007ffb4a823000 00007ffb4a823000
0x0000000121e9ba00:   0000000121e9ba6b 0000000121e9ba70
0x0000000121e9ba10:   00067ffb4cdee080 000000000000000b
0x0000000121e9ba20:   0000000121e9ba40 000000010e03e7dc
0x0000000121e9ba30:   0000000000000001 0000000121e9bae8
0x0000000121e9ba40:   0000000121e9bab0 000000010e023263
0x0000000121e9ba50:   0000000121e9ba80 00007ffb507d96f0
0x0000000121e9ba60:   0000000c00000032 0000000900e9bae8
0x0000000121e9ba70:   0000000000000000 0000000000000000
0x0000000121e9ba80:   0000000000000000 0000000121e9bc70
0x0000000121e9ba90:   000000010e045eca 00007ffb51114250
0x0000000121e9baa0:   0000000121e9bae8 000000010e051588
0x0000000121e9bab0:   0000000121e9bac0 000000010e02335c
0x0000000121e9bac0:   0000000121e9bce0 000000010e02c8f6
0x0000000121e9bad0:   0001cefe00000013 00000000000f0200
0x0000000121e9bae0:   00007ffb5116b760 00007ffb5116d01d
0x0000000121e9baf0:   000000010000010b 00007ffb5116bb60
0x0000000121e9bb00:   00007fff0000012c 0000000121e9bb38
0x0000000121e9bb10:   00007ffb5116bb60 0000000000000000
0x0000000121e9bb20:   0001cefe00000036 000000010000b180
0x0000000121e9bb30:   0000000121e9bb38 fb7f00000c000000
0x0000000121e9bb40:   0600000070fd1051 00003e74696e693c
0x0000000121e9bb50:   0000005629280300 7f00000100000000
0x0000000121e9bb60:   00000068fd1051fb 00007865646e6905
0x0000000121e9bb70:   616c704c29281300 65522f63766d2f79
0x0000000121e9bb80:   0000003b746c7573 7f00000900000000
0x0000000121e9bb90:   00000088fd1051fb 0068637261657306
0x0000000121e9bba0:   76616a4c28250000 532f676e616c2f61 

Instructions: (pc=0x000000010d422d8c)
0x000000010d422d6c:   40 48 48 85 c0 75 e0 30 c0 0f b6 c0 5d c3 31 c0
0x000000010d422d7c:   5d c3 55 48 89 e5 53 48 83 ec 08 48 85 ff 74 24
0x000000010d422d8c:   48 8b 1f 48 85 db 74 1c 48 83 fb 37 74 16 48 8b
0x000000010d422d9c:   03 48 89 df ff 50 10 84 c0 b8 00 00 00 00 48 0f 

Register to memory mapping:

RAX=0x0000000000000001 is an unknown value
RBX=0x0000000121e9ba6b is pointing into the stack for thread: 0x00007ffb4a823000
RCX=0x000000010d7d5c80: UseMembar+0 in /Library/Java/JavaVirtualMachines/jdk1.8.0_20.jdk/Contents/Home/jre/lib/server/libjvm.dylib at 0x000000010d000000
RDX=0x0000000121e9ba6b is pointing into the stack for thread: 0x00007ffb4a823000
RSP=0x0000000121e9b9b0 is pointing into the stack for thread: 0x00007ffb4a823000
RBP=0x0000000121e9b9c0 is pointing into the stack for thread: 0x00007ffb4a823000
RSI=0x00007ffb4a823000 is a thread
RDI=0x00067ffb4cdee080 is an unknown value
R8 =0x00007ffb4cdc70d0 is an unknown value
R9 =0x00007ffb5113b0d0 is an unknown value
R10=0x0000000018961424 is an unknown value
R11=0x000000002f85b38d is an unknown value
R12=0x00007ffb4a823000 is a thread
R13=0x00067ffb4cdee080 is an unknown value
R14=0x00067ffb4cdee080 is an unknown value
R15=0x00007ffb4a5026d0 is an unknown value


Stack: [0x0000000121d9c000,0x0000000121e9c000],  sp=0x0000000121e9b9b0,  free space=1022k
Native frames: (J=compiled Java code, j=interpreted, Vv=VM code, C=native code)
V  [libjvm.dylib+0x422d8c]  Method::checked_resolve_jmethod_id(_jmethodID*)+0xe
V  [libjvm.dylib+0x334ec2]  jvmti_IsMethodSynthetic+0xb2
C  [libjdwp.dylib+0x207dc]  isMethodSynthetic+0x63
C  [libjdwp.dylib+0x5263]  methods1+0x10b
C  [libjdwp.dylib+0x535c]  methodsWithGeneric+0xe
C  [libjdwp.dylib+0xe8f6]  debugLoop_run+0x1ce
C  [libjdwp.dylib+0x1f685]  acceptThread+0xfd
V  [libjvm.dylib+0x375f22]  JvmtiAgentThread::call_start_function()+0x38
V  [libjvm.dylib+0x535a51]  JavaThread::thread_main_inner()+0x9b
V  [libjvm.dylib+0x537194]  JavaThread::run()+0x1c2
V  [libjvm.dylib+0x45d35a]  java_start(Thread*)+0xf6
C  [libsystem_pthread.dylib+0x1899]  _pthread_body+0x8a
C  [libsystem_pthread.dylib+0x172a]  _pthread_struct_init+0x0
C  [libsystem_pthread.dylib+0x5fc9]  thread_start+0xd
C  0x0000000000000000


---------------  P R O C E S S  ---------------

Java Threads: ( => current thread )
  0x00007ffb4d27e800 JavaThread "play-akka.actor.default-dispatcher-20" [_thread_blocked, id=40471, stack(0x000000012b9ec000,0x000000012baec000)]
  0x00007ffb4fc38000 JavaThread "net.sf.ehcache.CacheManager@40d0a76b" daemon [_thread_blocked, id=35603, stack(0x00000001274d9000,0x00000001275d9000)]
  0x00007ffb4b8dd800 JavaThread "Timer-0" [_thread_blocked, id=26643, stack(0x000000012b74b000,0x000000012b84b000)]
  0x00007ffb4fdfb000 JavaThread "play-scheduler-1" [_thread_blocked, id=36879, stack(0x00000001284d0000,0x00000001285d0000)]
  0x00007ffb4d14b800 JavaThread "JDWP Command Reader" daemon [_thread_in_native, id=37635, stack(0x00000001289c0000,0x0000000128ac0000)]
  0x00007ffb4f4b5800 JavaThread "Scala Presentation Compiler []" daemon [_thread_blocked, id=37123, stack(0x00000001246dd000,0x00000001247dd000)]
  0x00007ffb4f45e800 JavaThread "play-internal-execution-context-1" daemon [_thread_blocked, id=23059, stack(0x0000000121b93000,0x0000000121c93000)]
  0x00007ffb4ef47800 JavaThread "New I/O server boss #9" [_thread_in_native, id=34819, stack(0x00000001271d6000,0x00000001272d6000)]
  0x00007ffb4fd69000 JavaThread "New I/O worker #8" [_thread_in_native, id=34307, stack(0x00000001270d3000,0x00000001271d3000)]
  0x00007ffb4fad2800 JavaThread "New I/O worker #7" [_thread_in_native, id=33795, stack(0x0000000126fd0000,0x00000001270d0000)]
  0x00007ffb4f3ef000 JavaThread "New I/O worker #6" [_thread_in_native, id=33283, stack(0x0000000126ecd000,0x0000000126fcd000)]
  0x00007ffb4eb24800 JavaThread "New I/O worker #5" [_thread_in_native, id=32771, stack(0x0000000126dca000,0x0000000126eca000)]
  0x00007ffb4fc71000 JavaThread "New I/O worker #4" [_thread_in_native, id=32259, stack(0x0000000126cc7000,0x0000000126dc7000)]
  0x00007ffb4f494800 JavaThread "New I/O worker #3" [_thread_in_native, id=31747, stack(0x0000000126bc4000,0x0000000126cc4000)]
  0x00007ffb4e36d000 JavaThread "New I/O worker #2" [_thread_in_native, id=31235, stack(0x0000000126ac1000,0x0000000126bc1000)]
  0x00007ffb4fc62000 JavaThread "New I/O worker #1" [_thread_in_native, id=30723, stack(0x00000001269be000,0x0000000126abe000)]
  0x00007ffb4ec9b800 JavaThread "FSEvent thread" daemon [_thread_in_native, id=26883, stack(0x00000001266bb000,0x00000001267bb000)]
  0x00007ffb4f269800 JavaThread "pool-4-thread-1" [_thread_in_native, id=23819, stack(0x0000000125dac000,0x0000000125eac000)]
  0x00007ffb4f27a800 JavaThread "sbt-web-akka.actor.default-dispatcher-4" [_thread_blocked, id=22799, stack(0x0000000125ca9000,0x0000000125da9000)]
  0x00007ffb4fbc6800 JavaThread "sbt-web-scheduler-1" [_thread_blocked, id=24331, stack(0x00000001254ef000,0x00000001255ef000)]
  0x00007ffb4b827800 JavaThread "Service Thread" daemon [_thread_blocked, id=20739, stack(0x00000001222ab000,0x00000001223ab000)]
  0x00007ffb4c004800 JavaThread "C1 CompilerThread2" daemon [_thread_blocked, id=20227, stack(0x00000001221a8000,0x00000001222a8000)]
  0x00007ffb4c004000 JavaThread "C2 CompilerThread1" daemon [_thread_blocked, id=19715, stack(0x00000001220a5000,0x00000001221a5000)]
  0x00007ffb4b042000 JavaThread "C2 CompilerThread0" daemon [_thread_blocked, id=19203, stack(0x0000000121fa2000,0x00000001220a2000)]
  0x00007ffb4c002000 JavaThread "JDWP Event Helper Thread" daemon [_thread_blocked, id=18691, stack(0x0000000121e9f000,0x0000000121f9f000)]
=>0x00007ffb4a823000 JavaThread "JDWP Transport Listener: dt_socket" daemon [_thread_in_vm, id=18179, stack(0x0000000121d9c000,0x0000000121e9c000)]
  0x00007ffb4b039000 JavaThread "Signal Dispatcher" daemon [_thread_blocked, id=17667, stack(0x0000000121c99000,0x0000000121d99000)]
  0x00007ffb4b84b800 JavaThread "Finalizer" daemon [_thread_blocked, id=12547, stack(0x0000000121a4a000,0x0000000121b4a000)]
  0x00007ffb4b801000 JavaThread "Reference Handler" daemon [_thread_blocked, id=12035, stack(0x0000000121947000,0x0000000121a47000)]
  0x00007ffb4b001000 JavaThread "main" [_thread_blocked, id=6403, stack(0x000000010df1c000,0x000000010e01c000)]

Other Threads:
  0x00007ffb4b032000 VMThread [stack: 0x0000000121844000,0x0000000121944000] [id=11523]
  0x00007ffb4a824000 WatcherThread [stack: 0x00000001223ae000,0x00000001224ae000] [id=21251]

VM state:not at safepoint (normal execution)

VM Mutex/Monitor currently owned by a thread: None

Heap:
 PSYoungGen      total 247808K, used 12453K [0x00000007aab00000, 0x00000007c0000000, 0x00000007c0000000)
  eden space 149504K, 6% used [0x00000007aab00000,0x00000007ab40d8a0,0x00000007b3d00000)
  from space 98304K, 3% used [0x00000007b3d00000,0x00000007b401bdf0,0x00000007b9d00000)
  to   space 97792K, 0% used [0x00000007ba080000,0x00000007ba080000,0x00000007c0000000)
 ParOldGen       total 699392K, used 68011K [0x0000000780000000, 0x00000007aab00000, 0x00000007aab00000)
  object space 699392K, 9% used [0x0000000780000000,0x000000078426aea0,0x00000007aab00000)
 Metaspace       used 120378K, capacity 121380K, committed 121728K, reserved 1150976K
  class space    used 20492K, capacity 20823K, committed 20864K, reserved 1048576K

Card table byte_map: [0x000000011d429000,0x000000011d62a000] byte_map_base: 0x0000000119829000

Marking Bits: (ParMarkBitMap*) 0x000000010d89c330
 Begin Bits: [0x000000011db8c000, 0x000000011eb8c000)
 End Bits:   [0x000000011eb8c000, 0x000000011fb8c000)

Polling page: 0x000000010c7df000

CodeCache: size=245760Kb used=45345Kb max_used=45394Kb free=200414Kb
 bounds [0x000000010e069000, 0x0000000110d09000, 0x000000011d069000]
 total_blobs=16446 nmethods=15906 adapters=453
 compilation: enabled

Compilation events (10 events):
Event: 1387.164 Thread 0x00007ffb4b042000 nmethod 19546 0x000000010eaffed0 code [0x000000010eb00200, 0x000000010eb00a20]
Event: 1387.164 Thread 0x00007ffb4b042000 19547       4       scala.collection.generic.Growable$$anonfun$$plus$plus$eq$1::apply (6 bytes)
Event: 1387.164 Thread 0x00007ffb4c004800 nmethod 19548 0x000000010f8c8910 code [0x000000010f8c8a80, 0x000000010f8c8cd0]
Event: 1387.164 Thread 0x00007ffb4c004800 19549       3       scala.collection.convert.Decorators$AsScala::asScala (10 bytes)
Event: 1387.164 Thread 0x00007ffb4c004800 nmethod 19549 0x000000010e729510 code [0x000000010e729680, 0x000000010e7298a8]
Event: 1387.164 Thread 0x00007ffb4c004800 19541       1       org.apache.http.message.ParserCursor::getUpperBound (5 bytes)
Event: 1387.164 Thread 0x00007ffb4c004800 nmethod 19541 0x000000010e86f950 code [0x000000010e86faa0, 0x000000010e86fbb0]
Event: 1387.164 Thread 0x00007ffb4b042000 nmethod 19547 0x00000001104e9850 code [0x00000001104e99a0, 0x00000001104e9a38]
Event: 1401.517 Thread 0x00007ffb4c004800 19552       3       java.util.HashMap::afterNodeRemoval (1 bytes)
Event: 1401.517 Thread 0x00007ffb4c004800 nmethod 19552 0x000000010eb9a750 code [0x000000010eb9a8a0, 0x000000010eb9a9f0]

GC Heap History (10 events):
Event: 74.217 GC heap before
{Heap before GC invocations=11 (full 2):
 PSYoungGen      total 159744K, used 4992K [0x00000007aab00000, 0x00000007c0000000, 0x00000007c0000000)
  eden space 154624K, 0% used [0x00000007aab00000,0x00000007aab00000,0x00000007b4200000)
  from space 5120K, 97% used [0x00000007b4200000,0x00000007b46e0280,0x00000007b4700000)
  to   space 100352K, 0% used [0x00000007b9e00000,0x00000007b9e00000,0x00000007c0000000)
 ParOldGen       total 699392K, used 147713K [0x0000000780000000, 0x00000007aab00000, 0x00000007aab00000)
  object space 699392K, 21% used [0x0000000780000000,0x00000007890406d8,0x00000007aab00000)
 Metaspace       used 107993K, capacity 108940K, committed 109184K, reserved 1138688K
  class space    used 18702K, capacity 18978K, committed 19072K, reserved 1048576K
Event: 74.441 GC heap after
Heap after GC invocations=11 (full 2):
 PSYoungGen      total 159744K, used 0K [0x00000007aab00000, 0x00000007c0000000, 0x00000007c0000000)
  eden space 154624K, 0% used [0x00000007aab00000,0x00000007aab00000,0x00000007b4200000)
  from space 5120K, 0% used [0x00000007b4200000,0x00000007b4200000,0x00000007b4700000)
  to   space 100352K, 0% used [0x00000007b9e00000,0x00000007b9e00000,0x00000007c0000000)
 ParOldGen       total 699392K, used 62907K [0x0000000780000000, 0x00000007aab00000, 0x00000007aab00000)
  object space 699392K, 8% used [0x0000000780000000,0x0000000783d6eed8,0x00000007aab00000)
 Metaspace       used 106824K, capacity 107498K, committed 109184K, reserved 1138688K
  class space    used 18342K, capacity 18505K, committed 19072K, reserved 1048576K
}
Event: 911.675 GC heap before
{Heap before GC invocations=12 (full 2):
 PSYoungGen      total 159744K, used 154624K [0x00000007aab00000, 0x00000007c0000000, 0x00000007c0000000)
  eden space 154624K, 100% used [0x00000007aab00000,0x00000007b4200000,0x00000007b4200000)
  from space 5120K, 0% used [0x00000007b4200000,0x00000007b4200000,0x00000007b4700000)
  to   space 100352K, 0% used [0x00000007b9e00000,0x00000007b9e00000,0x00000007c0000000)
 ParOldGen       total 699392K, used 62907K [0x0000000780000000, 0x00000007aab00000, 0x00000007aab00000)
  object space 699392K, 8% used [0x0000000780000000,0x0000000783d6eed8,0x00000007aab00000)
 Metaspace       used 117943K, capacity 118672K, committed 119168K, reserved 1148928K
  class space    used 19978K, capacity 20221K, committed 20352K, reserved 1048576K
Event: 911.692 GC heap after
Heap after GC invocations=12 (full 2):
 PSYoungGen      total 248832K, used 13804K [0x00000007aab00000, 0x00000007c0000000, 0x00000007c0000000)
  eden space 148480K, 0% used [0x00000007aab00000,0x00000007aab00000,0x00000007b3c00000)
  from space 100352K, 13% used [0x00000007b9e00000,0x00000007bab7b2d8,0x00000007c0000000)
  to   space 100352K, 0% used [0x00000007b3c00000,0x00000007b3c00000,0x00000007b9e00000)
 ParOldGen       total 699392K, used 62915K [0x0000000780000000, 0x00000007aab00000, 0x00000007aab00000)
  object space 699392K, 8% used [0x0000000780000000,0x0000000783d70ed8,0x00000007aab00000)
 Metaspace       used 117943K, capacity 118672K, committed 119168K, reserved 1148928K
  class space    used 19978K, capacity 20221K, committed 20352K, reserved 1048576K
}
Event: 914.510 GC heap before
{Heap before GC invocations=13 (full 2):
 PSYoungGen      total 248832K, used 162284K [0x00000007aab00000, 0x00000007c0000000, 0x00000007c0000000)
  eden space 148480K, 100% used [0x00000007aab00000,0x00000007b3c00000,0x00000007b3c00000)
  from space 100352K, 13% used [0x00000007b9e00000,0x00000007bab7b2d8,0x00000007c0000000)
  to   space 100352K, 0% used [0x00000007b3c00000,0x00000007b3c00000,0x00000007b9e00000)
 ParOldGen       total 699392K, used 62915K [0x0000000780000000, 0x00000007aab00000, 0x00000007aab00000)
  object space 699392K, 8% used [0x0000000780000000,0x0000000783d70ed8,0x00000007aab00000)
 Metaspace       used 118522K, capacity 119336K, committed 119808K, reserved 1148928K
  class space    used 20146K, capacity 20417K, committed 20480K, reserved 1048576K
Event: 914.520 GC heap after
Heap after GC invocations=13 (full 2):
 PSYoungGen      total 151552K, used 2817K [0x00000007aab00000, 0x00000007c0000000, 0x00000007c0000000)
  eden space 148480K, 0% used [0x00000007aab00000,0x00000007aab00000,0x00000007b3c00000)
  from space 3072K, 91% used [0x00000007b3c00000,0x00000007b3ec05e0,0x00000007b3f00000)
  to   space 101376K, 0% used [0x00000007b9d00000,0x00000007b9d00000,0x00000007c0000000)
 ParOldGen       total 699392K, used 67263K [0x0000000780000000, 0x00000007aab00000, 0x00000007aab00000)
  object space 699392K, 9% used [0x0000000780000000,0x00000007841afe30,0x00000007aab00000)
 Metaspace       used 118522K, capacity 119336K, committed 119808K, reserved 1148928K
  class space    used 20146K, capacity 20417K, committed 20480K, reserved 1048576K
}
Event: 1277.297 GC heap before
{Heap before GC invocations=14 (full 2):
 PSYoungGen      total 151552K, used 151297K [0x00000007aab00000, 0x00000007c0000000, 0x00000007c0000000)
  eden space 148480K, 100% used [0x00000007aab00000,0x00000007b3c00000,0x00000007b3c00000)
  from space 3072K, 91% used [0x00000007b3c00000,0x00000007b3ec05e0,0x00000007b3f00000)
  to   space 101376K, 0% used [0x00000007b9d00000,0x00000007b9d00000,0x00000007c0000000)
 ParOldGen       total 699392K, used 67263K [0x0000000780000000, 0x00000007aab00000, 0x00000007aab00000)
  object space 699392K, 9% used [0x0000000780000000,0x00000007841afe30,0x00000007aab00000)
 Metaspace       used 119547K, capacity 120466K, committed 120832K, reserved 1148928K
  class space    used 20382K, capacity 20686K, committed 20736K, reserved 1048576K
Event: 1277.335 GC heap after
Heap after GC invocations=14 (full 2):
 PSYoungGen      total 250880K, used 19779K [0x00000007aab00000, 0x00000007c0000000, 0x00000007c0000000)
  eden space 149504K, 0% used [0x00000007aab00000,0x00000007aab00000,0x00000007b3d00000)
  from space 101376K, 19% used [0x00000007b9d00000,0x00000007bb050d40,0x00000007c0000000)
  to   space 98304K, 0% used [0x00000007b3d00000,0x00000007b3d00000,0x00000007b9d00000)
 ParOldGen       total 699392K, used 67403K [0x0000000780000000, 0x00000007aab00000, 0x00000007aab00000)
  object space 699392K, 9% used [0x0000000780000000,0x00000007841d2e60,0x00000007aab00000)
 Metaspace       used 119547K, capacity 120466K, committed 120832K, reserved 1148928K
  class space    used 20382K, capacity 20686K, committed 20736K, reserved 1048576K
}
Event: 1278.988 GC heap before
{Heap before GC invocations=15 (full 2):
 PSYoungGen      total 250880K, used 169283K [0x00000007aab00000, 0x00000007c0000000, 0x00000007c0000000)
  eden space 149504K, 100% used [0x00000007aab00000,0x00000007b3d00000,0x00000007b3d00000)
  from space 101376K, 19% used [0x00000007b9d00000,0x00000007bb050d40,0x00000007c0000000)
  to   space 98304K, 0% used [0x00000007b3d00000,0x00000007b3d00000,0x00000007b9d00000)
 ParOldGen       total 699392K, used 67403K [0x0000000780000000, 0x00000007aab00000, 0x00000007aab00000)
  object space 699392K, 9% used [0x0000000780000000,0x00000007841d2e60,0x00000007aab00000)
 Metaspace       used 120137K, capacity 121156K, committed 121472K, reserved 1150976K
  class space    used 20470K, capacity 20791K, committed 20864K, reserved 1048576K
Event: 1278.994 GC heap after
Heap after GC invocations=15 (full 2):
 PSYoungGen      total 247808K, used 3183K [0x00000007aab00000, 0x00000007c0000000, 0x00000007c0000000)
  eden space 149504K, 0% used [0x00000007aab00000,0x00000007aab00000,0x00000007b3d00000)
  from space 98304K, 3% used [0x00000007b3d00000,0x00000007b401bdf0,0x00000007b9d00000)
  to   space 97792K, 0% used [0x00000007ba080000,0x00000007ba080000,0x00000007c0000000)
 ParOldGen       total 699392K, used 68011K [0x0000000780000000, 0x00000007aab00000, 0x00000007aab00000)
  object space 699392K, 9% used [0x0000000780000000,0x000000078426aea0,0x00000007aab00000)
 Metaspace       used 120137K, capacity 121156K, committed 121472K, reserved 1150976K
  class space    used 20470K, capacity 20791K, committed 20864K, reserved 1048576K
}

Deoptimization events (10 events):
Event: 1387.150 Thread 0x00007ffb4c5d6000 Uncommon trap: reason=unhandled action=none pc=0x000000010e335fb0 method=java.lang.ClassLoader.findClass(Ljava/lang/String;)Ljava/lang/Class; @ 8
Event: 1387.151 Thread 0x00007ffb4c5d6000 Uncommon trap: reason=unhandled action=none pc=0x000000010e335fb0 method=java.lang.ClassLoader.findClass(Ljava/lang/String;)Ljava/lang/Class; @ 8
Event: 1387.151 Thread 0x00007ffb4c5d6000 Uncommon trap: reason=unhandled action=none pc=0x000000010e335fb0 method=java.lang.ClassLoader.findClass(Ljava/lang/String;)Ljava/lang/Class; @ 8
Event: 1387.152 Thread 0x00007ffb4c5d6000 Uncommon trap: reason=unhandled action=none pc=0x000000010e335fb0 method=java.lang.ClassLoader.findClass(Ljava/lang/String;)Ljava/lang/Class; @ 8
Event: 1387.153 Thread 0x00007ffb4c5d6000 Uncommon trap: reason=unhandled action=none pc=0x000000010e335fb0 method=java.lang.ClassLoader.findClass(Ljava/lang/String;)Ljava/lang/Class; @ 8
Event: 1387.154 Thread 0x00007ffb4c5d6000 Uncommon trap: reason=unhandled action=none pc=0x000000010e335fb0 method=java.lang.ClassLoader.findClass(Ljava/lang/String;)Ljava/lang/Class; @ 8
Event: 1387.156 Thread 0x00007ffb4c5d6000 Uncommon trap: reason=unhandled action=none pc=0x000000010e335fb0 method=java.lang.ClassLoader.findClass(Ljava/lang/String;)Ljava/lang/Class; @ 8
Event: 1387.157 Thread 0x00007ffb4c5d6000 Uncommon trap: reason=unhandled action=none pc=0x000000010e335fb0 method=java.lang.ClassLoader.findClass(Ljava/lang/String;)Ljava/lang/Class; @ 8
Event: 1387.157 Thread 0x00007ffb4c5d6000 Uncommon trap: reason=unhandled action=none pc=0x000000010e335fb0 method=java.lang.ClassLoader.findClass(Ljava/lang/String;)Ljava/lang/Class; @ 8
Event: 1387.158 Thread 0x00007ffb4c5d6000 Uncommon trap: reason=unhandled action=none pc=0x000000010e335fb0 method=java.lang.ClassLoader.findClass(Ljava/lang/String;)Ljava/lang/Class; @ 8

Internal exceptions (10 events):
Event: 1387.150 Thread 0x00007ffb4c5d6000 Exception <a 'java/security/PrivilegedActionException'> (0x00000007ab0f1b50) thrown at [/HUDSON3/workspace/8-2-build-macosx-x86_64/jdk8u20/1074/hotspot/src/share/vm/prims/jvm.cpp, line 1275]
Event: 1387.150 Thread 0x00007ffb4c5d6000 Exception <a 'java/security/PrivilegedActionException'> (0x00000007ab0f79d0) thrown at [/HUDSON3/workspace/8-2-build-macosx-x86_64/jdk8u20/1074/hotspot/src/share/vm/prims/jvm.cpp, line 1275]
Event: 1387.151 Thread 0x00007ffb4c5d6000 Exception <a 'java/security/PrivilegedActionException'> (0x00000007ab0fbc28) thrown at [/HUDSON3/workspace/8-2-build-macosx-x86_64/jdk8u20/1074/hotspot/src/share/vm/prims/jvm.cpp, line 1275]
Event: 1387.151 Thread 0x00007ffb4c5d6000 Exception <a 'java/security/PrivilegedActionException'> (0x00000007ab101a78) thrown at [/HUDSON3/workspace/8-2-build-macosx-x86_64/jdk8u20/1074/hotspot/src/share/vm/prims/jvm.cpp, line 1275]
Event: 1387.153 Thread 0x00007ffb4c5d6000 Exception <a 'java/security/PrivilegedActionException'> (0x00000007ab10e440) thrown at [/HUDSON3/workspace/8-2-build-macosx-x86_64/jdk8u20/1074/hotspot/src/share/vm/prims/jvm.cpp, line 1275]
Event: 1387.153 Thread 0x00007ffb4c5d6000 Exception <a 'java/security/PrivilegedActionException'> (0x00000007ab116700) thrown at [/HUDSON3/workspace/8-2-build-macosx-x86_64/jdk8u20/1074/hotspot/src/share/vm/prims/jvm.cpp, line 1275]
Event: 1387.156 Thread 0x00007ffb4c5d6000 Exception <a 'java/security/PrivilegedActionException'> (0x00000007ab11a258) thrown at [/HUDSON3/workspace/8-2-build-macosx-x86_64/jdk8u20/1074/hotspot/src/share/vm/prims/jvm.cpp, line 1275]
Event: 1387.157 Thread 0x00007ffb4c5d6000 Exception <a 'java/security/PrivilegedActionException'> (0x00000007ab122488) thrown at [/HUDSON3/workspace/8-2-build-macosx-x86_64/jdk8u20/1074/hotspot/src/share/vm/prims/jvm.cpp, line 1275]
Event: 1387.157 Thread 0x00007ffb4c5d6000 Exception <a 'java/security/PrivilegedActionException'> (0x00000007ab125598) thrown at [/HUDSON3/workspace/8-2-build-macosx-x86_64/jdk8u20/1074/hotspot/src/share/vm/prims/jvm.cpp, line 1275]
Event: 1387.158 Thread 0x00007ffb4c5d6000 Exception <a 'java/security/PrivilegedActionException'> (0x00000007ab12d808) thrown at [/HUDSON3/workspace/8-2-build-macosx-x86_64/jdk8u20/1074/hotspot/src/share/vm/prims/jvm.cpp, line 1275]

Events (10 events):
Event: 1502.229 Thread 0x00007ffb4e36d000 DEOPT PACKING pc=0x000000010ff18930 sp=0x0000000126bbfd10
Event: 1502.229 Thread 0x00007ffb4e36d000 DEOPT UNPACKING pc=0x000000010e0b0373 sp=0x0000000126bbfa90 mode 1
Event: 1572.972 Executing VM operation: ChangeBreakpoints
Event: 1572.972 Executing VM operation: ChangeBreakpoints done
Event: 1572.973 Executing VM operation: ChangeBreakpoints
Event: 1572.973 Executing VM operation: ChangeBreakpoints done
Event: 1572.973 Executing VM operation: ChangeBreakpoints
Event: 1572.973 Executing VM operation: ChangeBreakpoints done
Event: 1573.056 Executing VM operation: RedefineClasses
Event: 1573.313 Executing VM operation: RedefineClasses done


Dynamic libraries:
0x000000000cf41000 	/System/Library/Frameworks/Cocoa.framework/Versions/A/Cocoa
0x000000000cf41000 	/System/Library/Frameworks/Security.framework/Versions/A/Security
0x000000000cf41000 	/System/Library/Frameworks/ApplicationServices.framework/Versions/A/ApplicationServices
0x000000000cf41000 	/usr/lib/libz.1.dylib
0x000000000cf41000 	/usr/lib/libSystem.B.dylib
0x000000000cf41000 	/usr/lib/libobjc.A.dylib
0x000000000cf41000 	/System/Library/Frameworks/CoreFoundation.framework/Versions/A/CoreFoundation
0x000000000cf41000 	/System/Library/Frameworks/Foundation.framework/Versions/C/Foundation
0x000000000cf41000 	/System/Library/Frameworks/AppKit.framework/Versions/C/AppKit
0x000000000cf41000 	/System/Library/Frameworks/CoreData.framework/Versions/A/CoreData
0x000000000cf41000 	/System/Library/PrivateFrameworks/RemoteViewServices.framework/Versions/A/RemoteViewServices
0x000000000cf41000 	/System/Library/Frameworks/AudioToolbox.framework/Versions/A/AudioToolbox
0x000000000cf41000 	/System/Library/Frameworks/AudioUnit.framework/Versions/A/AudioUnit
0x000000000cf41000 	/System/Library/PrivateFrameworks/DataDetectorsCore.framework/Versions/A/DataDetectorsCore
0x000000000cf41000 	/System/Library/PrivateFrameworks/DesktopServicesPriv.framework/Versions/A/DesktopServicesPriv
0x000000000cf41000 	/System/Library/Frameworks/Carbon.framework/Versions/A/Frameworks/HIToolbox.framework/Versions/A/HIToolbox
0x000000000cf41000 	/System/Library/Frameworks/QuartzCore.framework/Versions/A/QuartzCore
0x000000000cf41000 	/System/Library/Frameworks/Carbon.framework/Versions/A/Frameworks/SpeechRecognition.framework/Versions/A/SpeechRecognition
0x000000000cf41000 	/usr/lib/libauto.dylib
0x000000000cf41000 	/usr/lib/libicucore.A.dylib
0x000000000cf41000 	/usr/lib/libxml2.2.dylib
0x000000000cf41000 	/System/Library/PrivateFrameworks/CoreUI.framework/Versions/A/CoreUI
0x000000000cf41000 	/System/Library/Frameworks/CoreAudio.framework/Versions/A/CoreAudio
0x000000000cf41000 	/System/Library/Frameworks/DiskArbitration.framework/Versions/A/DiskArbitration
0x000000000cf41000 	/usr/lib/liblangid.dylib
0x000000000cf41000 	/System/Library/PrivateFrameworks/MultitouchSupport.framework/Versions/A/MultitouchSupport
0x000000000cf41000 	/System/Library/Frameworks/IOKit.framework/Versions/A/IOKit
0x000000000cf41000 	/usr/lib/libDiagnosticMessagesClient.dylib
0x000000000cf41000 	/System/Library/Frameworks/CoreServices.framework/Versions/A/CoreServices
0x000000000cf41000 	/System/Library/PrivateFrameworks/PerformanceAnalysis.framework/Versions/A/PerformanceAnalysis
0x000000000cf41000 	/System/Library/PrivateFrameworks/GenerationalStorage.framework/Versions/A/GenerationalStorage
0x000000000cf41000 	/System/Library/Frameworks/OpenGL.framework/Versions/A/OpenGL
0x000000000cf41000 	/System/Library/PrivateFrameworks/Sharing.framework/Versions/A/Sharing
0x000000000cf41000 	/System/Library/Frameworks/ImageIO.framework/Versions/A/ImageIO
0x000000000cf41000 	/System/Library/Frameworks/CoreText.framework/Versions/A/CoreText
0x000000000cf41000 	/System/Library/Frameworks/CoreGraphics.framework/Versions/A/CoreGraphics
0x000000000cf41000 	/System/Library/PrivateFrameworks/Backup.framework/Versions/A/Backup
0x000000000cf41000 	/System/Library/Frameworks/CFNetwork.framework/Versions/A/CFNetwork
0x000000000cf41000 	/System/Library/Frameworks/SystemConfiguration.framework/Versions/A/SystemConfiguration
0x000000000cf41000 	/usr/lib/libCRFSuite.dylib
0x000000000cf41000 	/usr/lib/libc++.1.dylib
0x000000000cf41000 	/usr/lib/libc++abi.dylib
0x000000000cf41000 	/usr/lib/system/libcache.dylib
0x000000000cf41000 	/usr/lib/system/libcommonCrypto.dylib
0x000000000cf41000 	/usr/lib/system/libcompiler_rt.dylib
0x000000000cf41000 	/usr/lib/system/libcopyfile.dylib
0x000000000cf41000 	/usr/lib/system/libcorecrypto.dylib
0x000000000cf41000 	/usr/lib/system/libdispatch.dylib
0x000000000cf41000 	/usr/lib/system/libdyld.dylib
0x000000000cf41000 	/usr/lib/system/libkeymgr.dylib
0x000000000cf41000 	/usr/lib/system/liblaunch.dylib
0x000000000cf41000 	/usr/lib/system/libmacho.dylib
0x000000000cf41000 	/usr/lib/system/libquarantine.dylib
0x000000000cf41000 	/usr/lib/system/libremovefile.dylib
0x000000000cf41000 	/usr/lib/system/libsystem_asl.dylib
0x000000000cf41000 	/usr/lib/system/libsystem_blocks.dylib
0x000000000cf41000 	/usr/lib/system/libsystem_c.dylib
0x000000000cf41000 	/usr/lib/system/libsystem_configuration.dylib
0x000000000cf41000 	/usr/lib/system/libsystem_dnssd.dylib
0x000000000cf41000 	/usr/lib/system/libsystem_info.dylib
0x000000000cf41000 	/usr/lib/system/libsystem_kernel.dylib
0x000000000cf41000 	/usr/lib/system/libsystem_m.dylib
0x000000000cf41000 	/usr/lib/system/libsystem_malloc.dylib
0x000000000cf41000 	/usr/lib/system/libsystem_network.dylib
0x000000000cf41000 	/usr/lib/system/libsystem_notify.dylib
0x000000000cf41000 	/usr/lib/system/libsystem_platform.dylib
0x000000000cf41000 	/usr/lib/system/libsystem_pthread.dylib
0x000000000cf41000 	/usr/lib/system/libsystem_sandbox.dylib
0x000000000cf41000 	/usr/lib/system/libsystem_stats.dylib
0x000000000cf41000 	/usr/lib/system/libunc.dylib
0x000000000cf41000 	/usr/lib/system/libunwind.dylib
0x000000000cf41000 	/usr/lib/system/libxpc.dylib
0x000000000cf41000 	/usr/lib/libbsm.0.dylib
0x000000000cf41000 	/usr/lib/libsqlite3.dylib
0x000000000cf41000 	/usr/lib/libxar.1.dylib
0x000000000cf41000 	/usr/lib/libpam.2.dylib
0x000000000cf41000 	/usr/lib/libOpenScriptingUtil.dylib
0x000000000cf41000 	/usr/lib/libbz2.1.0.dylib
0x000000000cf41000 	/System/Library/Frameworks/CoreServices.framework/Versions/A/Frameworks/CarbonCore.framework/Versions/A/CarbonCore
0x000000000cf41000 	/System/Library/Frameworks/CoreServices.framework/Versions/A/Frameworks/Metadata.framework/Versions/A/Metadata
0x000000000cf41000 	/System/Library/Frameworks/CoreServices.framework/Versions/A/Frameworks/OSServices.framework/Versions/A/OSServices
0x000000000cf41000 	/System/Library/Frameworks/CoreServices.framework/Versions/A/Frameworks/SearchKit.framework/Versions/A/SearchKit
0x000000000cf41000 	/System/Library/Frameworks/CoreServices.framework/Versions/A/Frameworks/AE.framework/Versions/A/AE
0x000000000cf41000 	/System/Library/Frameworks/CoreServices.framework/Versions/A/Frameworks/LaunchServices.framework/Versions/A/LaunchServices
0x000000000cf41000 	/System/Library/Frameworks/CoreServices.framework/Versions/A/Frameworks/DictionaryServices.framework/Versions/A/DictionaryServices
0x000000000cf41000 	/System/Library/Frameworks/NetFS.framework/Versions/A/NetFS
0x000000000cf41000 	/usr/lib/system/libkxld.dylib
0x000000000cf41000 	/System/Library/PrivateFrameworks/NetAuth.framework/Versions/A/NetAuth
0x000000000cf41000 	/System/Library/PrivateFrameworks/TCC.framework/Versions/A/TCC
0x000000000cf41000 	/System/Library/Frameworks/OpenDirectory.framework/Versions/A/Frameworks/CFOpenDirectory.framework/Versions/A/CFOpenDirectory
0x000000000cf41000 	/System/Library/Frameworks/ServiceManagement.framework/Versions/A/ServiceManagement
0x000000000cf41000 	/usr/lib/libxslt.1.dylib
0x000000000cf41000 	/System/Library/Frameworks/Carbon.framework/Versions/A/Frameworks/Ink.framework/Versions/A/Ink
0x000000000cf41000 	/System/Library/Frameworks/ApplicationServices.framework/Versions/A/Frameworks/ATS.framework/Versions/A/ATS
0x000000000cf41000 	/System/Library/Frameworks/ApplicationServices.framework/Versions/A/Frameworks/ColorSync.framework/Versions/A/ColorSync
0x000000000cf41000 	/System/Library/Frameworks/ApplicationServices.framework/Versions/A/Frameworks/HIServices.framework/Versions/A/HIServices
0x000000000cf41000 	/System/Library/Frameworks/ApplicationServices.framework/Versions/A/Frameworks/LangAnalysis.framework/Versions/A/LangAnalysis
0x000000000cf41000 	/System/Library/Frameworks/ApplicationServices.framework/Versions/A/Frameworks/PrintCore.framework/Versions/A/PrintCore
0x000000000cf41000 	/System/Library/Frameworks/ApplicationServices.framework/Versions/A/Frameworks/QD.framework/Versions/A/QD
0x000000000cf41000 	/System/Library/Frameworks/ApplicationServices.framework/Versions/A/Frameworks/SpeechSynthesis.framework/Versions/A/SpeechSynthesis
0x000000000cf41000 	/System/Library/Frameworks/IOSurface.framework/Versions/A/IOSurface
0x000000000cf41000 	/System/Library/Frameworks/Accelerate.framework/Versions/A/Accelerate
0x000000000cf41000 	/System/Library/Frameworks/Accelerate.framework/Versions/A/Frameworks/vImage.framework/Versions/A/vImage
0x000000000cf41000 	/System/Library/Frameworks/Accelerate.framework/Versions/A/Frameworks/vecLib.framework/Versions/A/vecLib
0x000000000cf41000 	/System/Library/Frameworks/Accelerate.framework/Versions/A/Frameworks/vecLib.framework/Versions/A/libvDSP.dylib
0x000000000cf41000 	/System/Library/Frameworks/Accelerate.framework/Versions/A/Frameworks/vecLib.framework/Versions/A/libvMisc.dylib
0x000000000cf41000 	/System/Library/Frameworks/Accelerate.framework/Versions/A/Frameworks/vecLib.framework/Versions/A/libLAPACK.dylib
0x000000000cf41000 	/System/Library/Frameworks/Accelerate.framework/Versions/A/Frameworks/vecLib.framework/Versions/A/libBLAS.dylib
0x000000000cf41000 	/System/Library/Frameworks/ApplicationServices.framework/Versions/A/Frameworks/ATS.framework/Versions/A/Resources/libFontParser.dylib
0x000000000cf41000 	/System/Library/Frameworks/ApplicationServices.framework/Versions/A/Frameworks/ATS.framework/Versions/A/Resources/libFontRegistry.dylib
0x000000000cf41000 	/System/Library/Frameworks/ImageIO.framework/Versions/A/Resources/libJPEG.dylib
0x000000000cf41000 	/System/Library/Frameworks/ImageIO.framework/Versions/A/Resources/libTIFF.dylib
0x000000000cf41000 	/System/Library/Frameworks/ImageIO.framework/Versions/A/Resources/libPng.dylib
0x000000000cf41000 	/System/Library/Frameworks/ImageIO.framework/Versions/A/Resources/libGIF.dylib
0x000000000cf41000 	/System/Library/Frameworks/ImageIO.framework/Versions/A/Resources/libJP2.dylib
0x000000000cf41000 	/System/Library/Frameworks/ImageIO.framework/Versions/A/Resources/libRadiance.dylib
0x000000000cf41000 	/usr/lib/libcups.2.dylib
0x000000000cf41000 	/System/Library/Frameworks/Kerberos.framework/Versions/A/Kerberos
0x000000000cf41000 	/System/Library/Frameworks/GSS.framework/Versions/A/GSS
0x000000000cf41000 	/usr/lib/libresolv.9.dylib
0x000000000cf41000 	/usr/lib/libiconv.2.dylib
0x000000000cf41000 	/System/Library/PrivateFrameworks/Heimdal.framework/Versions/A/Heimdal
0x000000000cf41000 	/System/Library/PrivateFrameworks/TrustEvaluationAgent.framework/Versions/A/TrustEvaluationAgent
0x000000000cf41000 	/usr/lib/libheimdal-asn1.dylib
0x000000000cf41000 	/System/Library/Frameworks/OpenDirectory.framework/Versions/A/OpenDirectory
0x000000000cf41000 	/System/Library/PrivateFrameworks/CommonAuth.framework/Versions/A/CommonAuth
0x000000000cf41000 	/System/Library/Frameworks/SecurityFoundation.framework/Versions/A/SecurityFoundation
0x000000000cf41000 	/System/Library/PrivateFrameworks/Bom.framework/Versions/A/Bom
0x000000000cf41000 	/System/Library/Frameworks/CoreVideo.framework/Versions/A/CoreVideo
0x000000000cf41000 	/System/Library/Frameworks/QuartzCore.framework/Versions/A/Frameworks/CoreImage.framework/Versions/A/CoreImage
0x000000000cf41000 	/System/Library/Frameworks/QuartzCore.framework/Versions/A/Frameworks/ScalableUserInterface.framework/Versions/A/ScalableUserInterface
0x000000000cf41000 	/System/Library/Frameworks/OpenGL.framework/Versions/A/Libraries/libGLU.dylib
0x000000000cf41000 	/System/Library/Frameworks/OpenGL.framework/Versions/A/Libraries/libGFXShared.dylib
0x000000000cf41000 	/System/Library/Frameworks/OpenGL.framework/Versions/A/Libraries/libGL.dylib
0x000000000cf41000 	/System/Library/Frameworks/OpenGL.framework/Versions/A/Libraries/libGLImage.dylib
0x000000000cf41000 	/System/Library/Frameworks/OpenGL.framework/Versions/A/Libraries/libCVMSPluginSupport.dylib
0x000000000cf41000 	/System/Library/Frameworks/OpenGL.framework/Versions/A/Libraries/libCoreVMClient.dylib
0x000000000cf41000 	/System/Library/PrivateFrameworks/FaceCore.framework/Versions/A/FaceCore
0x000000000cf41000 	/System/Library/PrivateFrameworks/CrashReporterSupport.framework/Versions/A/CrashReporterSupport
0x000000000cf41000 	/System/Library/Frameworks/OpenCL.framework/Versions/A/OpenCL
0x000000000cf41000 	/System/Library/PrivateFrameworks/AppleFSCompression.framework/Versions/A/AppleFSCompression
0x000000000cf41000 	/System/Library/PrivateFrameworks/Ubiquity.framework/Versions/A/Ubiquity
0x000000000cf41000 	/System/Library/PrivateFrameworks/IconServices.framework/Versions/A/IconServices
0x000000000cf41000 	/System/Library/PrivateFrameworks/ChunkingLibrary.framework/Versions/A/ChunkingLibrary
0x000000000cf41000 	/System/Library/PrivateFrameworks/CoreSymbolication.framework/Versions/A/CoreSymbolication
0x000000000cf41000 	/System/Library/PrivateFrameworks/Symbolication.framework/Versions/A/Symbolication
0x000000000cf41000 	/System/Library/PrivateFrameworks/DebugSymbols.framework/Versions/A/DebugSymbols
0x0000000051d81000 	/System/Library/CoreServices/Encodings/libJapaneseConverter.dylib
0x000000010d000000 	/Library/Java/JavaVirtualMachines/jdk1.8.0_20.jdk/Contents/Home/jre/lib/server/libjvm.dylib
0x000000000cf41000 	/usr/lib/libstdc++.6.dylib
0x000000010c79d000 	/Library/Java/JavaVirtualMachines/jdk1.8.0_20.jdk/Contents/Home/jre/lib/libverify.dylib
0x000000010c7ab000 	/Library/Java/JavaVirtualMachines/jdk1.8.0_20.jdk/Contents/Home/jre/lib/libjava.dylib
0x000000010e01e000 	/Library/Java/JavaVirtualMachines/jdk1.8.0_20.jdk/Contents/Home/jre/lib/libjdwp.dylib
0x000000010c7e0000 	/Library/Java/JavaVirtualMachines/jdk1.8.0_20.jdk/Contents/Home/jre/lib/libnpt.dylib
0x000000010c7ed000 	/Library/Java/JavaVirtualMachines/jdk1.8.0_20.jdk/Contents/Home/jre/lib/libzip.dylib
0x0000000121b4c000 	/System/Library/Frameworks/JavaVM.framework/Frameworks/JavaRuntimeSupport.framework/JavaRuntimeSupport
0x0000000121b64000 	/System/Library/Frameworks/JavaVM.framework/Versions/A/Frameworks/JavaNativeFoundation.framework/Versions/A/JavaNativeFoundation
0x0000000121b79000 	/System/Library/Frameworks/JavaVM.framework/Versions/A/JavaVM
0x000000000cf41000 	/System/Library/Frameworks/Carbon.framework/Versions/A/Carbon
0x0000000121b86000 	/System/Library/PrivateFrameworks/JavaLaunching.framework/Versions/A/JavaLaunching
0x000000000cf41000 	/System/Library/Frameworks/Carbon.framework/Versions/A/Frameworks/CommonPanels.framework/Versions/A/CommonPanels
0x000000000cf41000 	/System/Library/Frameworks/Carbon.framework/Versions/A/Frameworks/Help.framework/Versions/A/Help
0x000000000cf41000 	/System/Library/Frameworks/Carbon.framework/Versions/A/Frameworks/ImageCapture.framework/Versions/A/ImageCapture
0x000000000cf41000 	/System/Library/Frameworks/Carbon.framework/Versions/A/Frameworks/OpenScripting.framework/Versions/A/OpenScripting
0x000000000cf41000 	/System/Library/Frameworks/Carbon.framework/Versions/A/Frameworks/Print.framework/Versions/A/Print
0x000000000cf41000 	/System/Library/Frameworks/Carbon.framework/Versions/A/Frameworks/SecurityHI.framework/Versions/A/SecurityHI
0x000000010c7f8000 	/Library/Java/JavaVirtualMachines/jdk1.8.0_20.jdk/Contents/Home/jre/lib/libdt_socket.dylib
0x00000001226ee000 	/Library/Java/JavaVirtualMachines/jdk1.8.0_20.jdk/Contents/Home/jre/lib/libnet.dylib
0x0000000122705000 	/Library/Java/JavaVirtualMachines/jdk1.8.0_20.jdk/Contents/Home/jre/lib/libnio.dylib
0x0000000124263000 	/Library/Java/JavaVirtualMachines/jdk1.8.0_20.jdk/Contents/Home/jre/lib/libmanagement.dylib
0x0000000124270000 	/Users/momotomomo/Documents/workspace/NemakiWare/nemakiplay/target/native_libraries/64bits/libjnotify.jnilib
0x00000001225c6000 	/Library/Java/JavaVirtualMachines/jdk1.8.0_20.jdk/Contents/Home/jre/lib/libsunec.dylib

VM Arguments:
jvm_args: -Dactivator.home=/usr/local/Cellar/typesafe-activator/1.2.10/libexec -Xms1024m -Xmx1024m -XX:MetaspaceSize=64m -XX:MaxMetaspaceSize=256m -Xdebug -Xrunjdwp:transport=dt_socket,server=y,suspend=n,address=9999 
java_command: /usr/local/Cellar/typesafe-activator/1.2.10/libexec/activator-launch-1.2.10.jar run
java_class_path (initial): /usr/local/Cellar/typesafe-activator/1.2.10/libexec/activator-launch-1.2.10.jar
Launcher Type: SUN_STANDARD

Environment Variables:
JAVA_HOME=/Library/Java/JavaVirtualMachines/jdk1.8.0_20.jdk/Contents/Home
PATH=/Users/momotomomo/perl5/perlbrew/bin:/Users/momotomomo/perl5/perlbrew/perls/perl-5.18.0/bin:/usr/local/apache-maven-3.2.3/bin:/usr/local/bin:/usr/bin:/bin:/usr/sbin:/sbin:/usr/local/bin:/usr/texbin
SHELL=/bin/zsh

Signal Handlers:
SIGSEGV: [libjvm.dylib+0x578fd7], sa_mask[0]=11111111011111110111111111111111, sa_flags=SA_ONSTACK|SA_RESTART|SA_SIGINFO
SIGBUS: [libjvm.dylib+0x578fd7], sa_mask[0]=11111111011111110111111111111111, sa_flags=SA_RESTART|SA_SIGINFO
SIGFPE: [libjvm.dylib+0x45ab0c], sa_mask[0]=11111111011111110111111111111111, sa_flags=SA_RESTART|SA_SIGINFO
SIGPIPE: [libjvm.dylib+0x45ab0c], sa_mask[0]=11111111011111110111111111111111, sa_flags=SA_RESTART|SA_SIGINFO
SIGXFSZ: [libjvm.dylib+0x45ab0c], sa_mask[0]=11111111011111110111111111111111, sa_flags=SA_RESTART|SA_SIGINFO
SIGILL: [libjvm.dylib+0x45ab0c], sa_mask[0]=11111111011111110111111111111111, sa_flags=SA_RESTART|SA_SIGINFO
SIGUSR1: SIG_DFL, sa_mask[0]=00000000000000000000000000000000, sa_flags=SA_RESTART
SIGUSR2: [libjvm.dylib+0x45a62a], sa_mask[0]=00000000000000000000000000000000, sa_flags=SA_RESTART|SA_SIGINFO
SIGHUP: [libjvm.dylib+0x458bfd], sa_mask[0]=11111111011111110111111111111111, sa_flags=SA_RESTART|SA_SIGINFO
SIGINT: [libjvm.dylib+0x458bfd], sa_mask[0]=11111111011111110111111111111111, sa_flags=SA_RESTART|SA_SIGINFO
SIGTERM: [libjvm.dylib+0x458bfd], sa_mask[0]=11111111011111110111111111111111, sa_flags=SA_RESTART|SA_SIGINFO
SIGQUIT: [libjvm.dylib+0x458bfd], sa_mask[0]=11111111011111110111111111111111, sa_flags=SA_RESTART|SA_SIGINFO


---------------  S Y S T E M  ---------------

OS:Bsduname:Darwin 13.4.0 Darwin Kernel Version 13.4.0: Sun Aug 17 19:50:11 PDT 2014; root:xnu-2422.115.4~1/RELEASE_X86_64 x86_64
rlimit: STACK 8192k, CORE 0k, NPROC 709, NOFILE 10240, AS infinity
load average:2.06 1.72 1.64

CPU:total 4 (2 cores per cpu, 2 threads per core) family 6 model 69 stepping 1, cmov, cx8, fxsr, mmx, sse, sse2, sse3, ssse3, sse4.1, sse4.2, popcnt, avx, avx2, aes, clmul, erms, lzcnt, ht, tsc, tscinvbit, bmi1, bmi2

Memory: 4k page, physical 16777216k(1082880k free)

/proc/meminfo:


vm_info: Java HotSpot(TM) 64-Bit Server VM (25.20-b23) for bsd-amd64 JRE (1.8.0_20-b26), built on Jul 30 2014 13:37:47 by "java_re" with gcc 4.2.1 (Based on Apple Inc. build 5658) (LLVM build 2336.9.00)

time: Wed Oct 15 19:34:08 2014
elapsed time: 1573 seconds (0d 0h 26m 13s)

